#
# There is insufficient memory for the Java Runtime Environment to continue.
# Native memory allocation (mmap) failed to map 275251200 bytes for committing reserved memory.
# Possible reasons:
#   The system is out of physical RAM or swap space
#   In 32 bit mode, the process size limit was hit
# Possible solutions:
#   Reduce memory load on the system
#   Increase physical memory or swap space
#   Check if swap backing store is full
#   Use 64 bit Java on a 64 bit OS
#   Decrease Java heap size (-Xmx/-Xms)
#   Decrease number of Java threads
#   Decrease Java thread stack sizes (-Xss)
#   Set larger code cache with -XX:ReservedCodeCacheSize=
# This output file may be truncated or incomplete.
#
#  Out of Memory Error (os_linux.cpp:2627), pid=22842, tid=0x00007f715a0f0700
#
# JRE version: OpenJDK Runtime Environment (8.0_112-b06) (build 1.8.0_112-release-b06)
# Java VM: OpenJDK 64-Bit Server VM (25.112-b06 mixed mode linux-amd64 compressed oops)
# Failed to write core dump. Core dumps have been disabled. To enable core dumping, try "ulimit -c unlimited" before starting Java again
#

---------------  T H R E A D  ---------------

Current thread (0x00007f7170077800):  VMThread [stack: 0x00007f7159ff0000,0x00007f715a0f1000] [id=22852]

Stack: [0x00007f7159ff0000,0x00007f715a0f1000],  sp=0x00007f715a0ef4d0,  free space=1021k
Native frames: (J=compiled Java code, j=interpreted, Vv=VM code, C=native code)
V  [libjvm.so+0x9e465d]  VMError::report_and_die()+0x15d
V  [libjvm.so+0x4b6ada]  report_vm_out_of_memory(char const*, int, unsigned long, VMErrorType, char const*)+0x8a
V  [libjvm.so+0x84c860]  os::pd_commit_memory(char*, unsigned long, unsigned long, bool)+0xf0
V  [libjvm.so+0x84737f]  os::commit_memory(char*, unsigned long, unsigned long, bool)+0x1f
V  [libjvm.so+0x8bd3db]  PSVirtualSpace::expand_by(unsigned long)+0x5b
V  [libjvm.so+0x8ae1bb]  PSOldGen::expand_by(unsigned long) [clone .part.109]+0x1b
V  [libjvm.so+0x8ae37b]  PSOldGen::expand(unsigned long) [clone .part.111]+0xdb
V  [libjvm.so+0x8aec58]  PSOldGen::resize(unsigned long)+0x188
V  [libjvm.so+0x8b426c]  PSParallelCompact::invoke_no_policy(bool)+0x97c
V  [libjvm.so+0x8bb37d]  PSScavenge::invoke()+0x17d
V  [libjvm.so+0x86fcf3]  ParallelScavengeHeap::failed_mem_allocate(unsigned long)+0x63
V  [libjvm.so+0x9e6124]  VM_ParallelGCFailedAllocation::doit()+0x84
V  [libjvm.so+0x9ea537]  VM_Operation::evaluate()+0x47
V  [libjvm.so+0x9e8ff8]  VMThread::evaluate_operation(VM_Operation*)+0x2c8
V  [libjvm.so+0x9e9479]  VMThread::loop()+0x219
V  [libjvm.so+0x9e98c2]  VMThread::run()+0x72
V  [libjvm.so+0x849c82]  java_start(Thread*)+0xf2

VM_Operation (0x00007f7158fc6f50): ParallelGCFailedAllocation, mode: safepoint, requested by thread 0x00007f71701a0800


---------------  P R O C E S S  ---------------

Java Threads: ( => current thread )
  0x00007f71701a4000 JavaThread "pool-2-thread-4" [_thread_blocked, id=22865, stack(0x00007f7158cc6000,0x00007f7158dc7000)]
  0x00007f71701a2800 JavaThread "pool-2-thread-3" [_thread_blocked, id=22864, stack(0x00007f7158dc7000,0x00007f7158ec8000)]
  0x00007f71701a0800 JavaThread "pool-2-thread-2" [_thread_blocked, id=22863, stack(0x00007f7158ec8000,0x00007f7158fc9000)]
  0x00007f717019f000 JavaThread "pool-3-thread-1" [_thread_blocked, id=22862, stack(0x00007f7158fc9000,0x00007f71590ca000)]
  0x00007f717019e000 JavaThread "pool-2-thread-1" [_thread_blocked, id=22861, stack(0x00007f71590ca000,0x00007f71591cb000)]
  0x00007f71700d1800 JavaThread "Service Thread" daemon [_thread_blocked, id=22859, stack(0x00007f715939c000,0x00007f715949d000)]
  0x00007f71700bc800 JavaThread "C1 CompilerThread2" daemon [_thread_blocked, id=22858, stack(0x00007f715949d000,0x00007f715959e000)]
  0x00007f71700ba800 JavaThread "C2 CompilerThread1" daemon [_thread_blocked, id=22857, stack(0x00007f715959e000,0x00007f715969f000)]
  0x00007f71700b7800 JavaThread "C2 CompilerThread0" daemon [_thread_blocked, id=22856, stack(0x00007f715969f000,0x00007f71597a0000)]
  0x00007f71700b6800 JavaThread "Signal Dispatcher" daemon [_thread_blocked, id=22855, stack(0x00007f71597a0000,0x00007f71598a1000)]
  0x00007f7170083800 JavaThread "Finalizer" daemon [_thread_blocked, id=22854, stack(0x00007f7159dee000,0x00007f7159eef000)]
  0x00007f717007f000 JavaThread "Reference Handler" daemon [_thread_blocked, id=22853, stack(0x00007f7159eef000,0x00007f7159ff0000)]
  0x00007f717000a000 JavaThread "main" [_thread_blocked, id=22844, stack(0x00007f717765e000,0x00007f717775f000)]

Other Threads:
=>0x00007f7170077800 VMThread [stack: 0x00007f7159ff0000,0x00007f715a0f1000] [id=22852]
  0x00007f71700d4000 WatcherThread [stack: 0x00007f715929b000,0x00007f715939c000] [id=22860]

VM state:at safepoint (normal execution)

VM Mutex/Monitor currently owned by a thread:  ([mutex/lock_event])
[0x00007f7170005f40] ExpandHeap_lock - owner thread: 0x00007f7170077800
[0x00007f71700065c0] Threads_lock - owner thread: 0x00007f7170077800
[0x00007f7170006ac0] Heap_lock - owner thread: 0x00007f71701a0800

Heap:
 PSYoungGen      total 875008K, used 74326K [0x000000076ab00000, 0x00000007afe00000, 0x00000007c0000000)
  eden space 697344K, 0% used [0x000000076ab00000,0x000000076ab00000,0x0000000795400000)
  from space 177664K, 41% used [0x00000007a1500000,0x00000007a5d95a70,0x00000007ac280000)
  to   space 197632K, 0% used [0x0000000795400000,0x0000000795400000,0x00000007a1500000)
 ParOldGen       total 488448K, used 487943K [0x00000006c0000000, 0x00000006ddd00000, 0x000000076ab00000)
  object space 488448K, 99% used [0x00000006c0000000,0x00000006ddc81c50,0x00000006ddd00000)
 Metaspace       used 6396K, capacity 7280K, committed 7552K, reserved 1056768K
  class space    used 582K, capacity 616K, committed 640K, reserved 1048576K

Card table byte_map: [0x00007f71607ff000,0x00007f7161000000] byte_map_base: 0x00007f715d1ff000

Marking Bits: (ParMarkBitMap*) 0x00007f7176b2b340
 Begin Bits: [0x00007f7144000000, 0x00007f7148000000)
 End Bits:   [0x00007f7148000000, 0x00007f714c000000)

Polling page: 0x00007f717777e000

CodeCache: size=245760Kb used=13069Kb max_used=13086Kb free=232690Kb
 bounds [0x00007f7161000000, 0x00007f7161ce0000, 0x00007f7170000000]
 total_blobs=2871 nmethods=2609 adapters=176
 compilation: enabled

Compilation events (10 events):
Event: 16.035 Thread 0x00007f71700bc800 2730       2       com.android.dx.rop.cst.CstLiteralBits::fitsIn16Bits (26 bytes)
Event: 16.035 Thread 0x00007f71700bc800 nmethod 2730 0x00007f7161c66c50 code [0x00007f7161c66dc0, 0x00007f7161c66f98]
Event: 16.126 Thread 0x00007f71700bc800 2732       2       com.android.dx.rop.cst.CstArray::<init> (28 bytes)
Event: 16.126 Thread 0x00007f71700bc800 nmethod 2732 0x00007f7161c66610 code [0x00007f7161c667a0, 0x00007f7161c66a98]
Event: 16.142 Thread 0x00007f71700ba800 nmethod 2729% 0x00007f7161ccd990 code [0x00007f7161ccdd00, 0x00007f7161cd05e8]
Event: 16.142 Thread 0x00007f71700ba800 2731       4       com.android.dx.dex.file.AnnotationUtils::makeSignature (251 bytes)
Event: 16.203 Thread 0x00007f71700ba800 nmethod 2731 0x00007f7161cd3010 code [0x00007f7161cd32c0, 0x00007f7161cd4fd8]
Event: 16.203 Thread 0x00007f71700ba800 2733       4       com.android.dx.ssa.back.IdenticalBlockCombiner::process (323 bytes)
Event: 16.246 Thread 0x00007f71700bc800 2736       2       com.android.dx.util.LabeledList::shrinkToFit (9 bytes)
Event: 16.246 Thread 0x00007f71700bc800 nmethod 2736 0x00007f7161c6fbd0 code [0x00007f7161c6fd40, 0x00007f7161c6fed8]

GC Heap History (10 events):
Event: 9.407 GC heap after
Heap after GC invocations=13 (full 2):
 PSYoungGen      total 673792K, used 82766K [0x000000076ab00000, 0x00000007a2480000, 0x00000007c0000000)
  eden space 551424K, 0% used [0x000000076ab00000,0x000000076ab00000,0x000000078c580000)
  from space 122368K, 67% used [0x000000078c580000,0x0000000791653af8,0x0000000793d00000)
  to   space 129024K, 0% used [0x000000079a680000,0x000000079a680000,0x00000007a2480000)
 ParOldGen       total 296448K, used 238005K [0x00000006c0000000, 0x00000006d2180000, 0x000000076ab00000)
  object space 296448K, 80% used [0x00000006c0000000,0x00000006ce86d4d0,0x00000006d2180000)
 Metaspace       used 6388K, capacity 7280K, committed 7552K, reserved 1056768K
  class space    used 581K, capacity 616K, committed 640K, reserved 1048576K
}
Event: 9.407 GC heap before
{Heap before GC invocations=14 (full 3):
 PSYoungGen      total 673792K, used 82766K [0x000000076ab00000, 0x00000007a2480000, 0x00000007c0000000)
  eden space 551424K, 0% used [0x000000076ab00000,0x000000076ab00000,0x000000078c580000)
  from space 122368K, 67% used [0x000000078c580000,0x0000000791653af8,0x0000000793d00000)
  to   space 129024K, 0% used [0x000000079a680000,0x000000079a680000,0x00000007a2480000)
 ParOldGen       total 296448K, used 238005K [0x00000006c0000000, 0x00000006d2180000, 0x000000076ab00000)
  object space 296448K, 80% used [0x00000006c0000000,0x00000006ce86d4d0,0x00000006d2180000)
 Metaspace       used 6388K, capacity 7280K, committed 7552K, reserved 1056768K
  class space    used 581K, capacity 616K, committed 640K, reserved 1048576K
Event: 10.470 GC heap after
Heap after GC invocations=14 (full 3):
 PSYoungGen      total 673792K, used 18956K [0x000000076ab00000, 0x00000007a2480000, 0x00000007c0000000)
  eden space 551424K, 0% used [0x000000076ab00000,0x000000076ab00000,0x000000078c580000)
  from space 122368K, 15% used [0x000000078c580000,0x000000078d8033f0,0x0000000793d00000)
  to   space 129024K, 0% used [0x000000079a680000,0x000000079a680000,0x00000007a2480000)
 ParOldGen       total 488448K, used 296356K [0x00000006c0000000, 0x00000006ddd00000, 0x000000076ab00000)
  object space 488448K, 60% used [0x00000006c0000000,0x00000006d2169398,0x00000006ddd00000)
 Metaspace       used 6388K, capacity 7280K, committed 7552K, reserved 1056768K
  class space    used 581K, capacity 616K, committed 640K, reserved 1048576K
}
Event: 12.527 GC heap before
{Heap before GC invocations=15 (full 3):
 PSYoungGen      total 673792K, used 570380K [0x000000076ab00000, 0x00000007a2480000, 0x00000007c0000000)
  eden space 551424K, 100% used [0x000000076ab00000,0x000000078c580000,0x000000078c580000)
  from space 122368K, 15% used [0x000000078c580000,0x000000078d8033f0,0x0000000793d00000)
  to   space 129024K, 0% used [0x000000079a680000,0x000000079a680000,0x00000007a2480000)
 ParOldGen       total 488448K, used 296356K [0x00000006c0000000, 0x00000006ddd00000, 0x000000076ab00000)
  object space 488448K, 60% used [0x00000006c0000000,0x00000006d2169398,0x00000006ddd00000)
 Metaspace       used 6391K, capacity 7280K, committed 7552K, reserved 1056768K
  class space    used 582K, capacity 616K, committed 640K, reserved 1048576K
Event: 12.797 GC heap after
Heap after GC invocations=15 (full 3):
 PSYoungGen      total 755200K, used 95402K [0x000000076ab00000, 0x00000007a2180000, 0x00000007c0000000)
  eden space 629248K, 0% used [0x000000076ab00000,0x000000076ab00000,0x0000000791180000)
  from space 125952K, 75% used [0x000000079a680000,0x00000007a03aa998,0x00000007a2180000)
  to   space 139264K, 0% used [0x0000000791180000,0x0000000791180000,0x0000000799980000)
 ParOldGen       total 488448K, used 296364K [0x00000006c0000000, 0x00000006ddd00000, 0x000000076ab00000)
  object space 488448K, 60% used [0x00000006c0000000,0x00000006d216b398,0x00000006ddd00000)
 Metaspace       used 6391K, capacity 7280K, committed 7552K, reserved 1056768K
  class space    used 582K, capacity 616K, committed 640K, reserved 1048576K
}
Event: 14.808 GC heap before
{Heap before GC invocations=16 (full 3):
 PSYoungGen      total 755200K, used 724650K [0x000000076ab00000, 0x00000007a2180000, 0x00000007c0000000)
  eden space 629248K, 100% used [0x000000076ab00000,0x0000000791180000,0x0000000791180000)
  from space 125952K, 75% used [0x000000079a680000,0x00000007a03aa998,0x00000007a2180000)
  to   space 139264K, 0% used [0x0000000791180000,0x0000000791180000,0x0000000799980000)
 ParOldGen       total 488448K, used 296364K [0x00000006c0000000, 0x00000006ddd00000, 0x000000076ab00000)
  object space 488448K, 60% used [0x00000006c0000000,0x00000006d216b398,0x00000006ddd00000)
 Metaspace       used 6395K, capacity 7280K, committed 7552K, reserved 1056768K
  class space    used 582K, capacity 616K, committed 640K, reserved 1048576K
Event: 14.983 GC heap after
Heap after GC invocations=16 (full 3):
 PSYoungGen      total 768512K, used 139245K [0x000000076ab00000, 0x00000007ac280000, 0x00000007c0000000)
  eden space 629248K, 0% used [0x000000076ab00000,0x000000076ab00000,0x0000000791180000)
  from space 139264K, 99% used [0x0000000791180000,0x000000079997b778,0x0000000799980000)
  to   space 177664K, 0% used [0x00000007a1500000,0x00000007a1500000,0x00000007ac280000)
 ParOldGen       total 488448K, used 336086K [0x00000006c0000000, 0x00000006ddd00000, 0x000000076ab00000)
  object space 488448K, 68% used [0x00000006c0000000,0x00000006d4835948,0x00000006ddd00000)
 Metaspace       used 6395K, capacity 7280K, committed 7552K, reserved 1056768K
  class space    used 582K, capacity 616K, committed 640K, reserved 1048576K
}
Event: 16.256 GC heap before
{Heap before GC invocations=17 (full 3):
 PSYoungGen      total 768512K, used 768493K [0x000000076ab00000, 0x00000007ac280000, 0x00000007c0000000)
  eden space 629248K, 100% used [0x000000076ab00000,0x0000000791180000,0x0000000791180000)
  from space 139264K, 99% used [0x0000000791180000,0x000000079997b778,0x0000000799980000)
  to   space 177664K, 0% used [0x00000007a1500000,0x00000007a1500000,0x00000007ac280000)
 ParOldGen       total 488448K, used 336086K [0x00000006c0000000, 0x00000006ddd00000, 0x000000076ab00000)
  object space 488448K, 68% used [0x00000006c0000000,0x00000006d4835948,0x00000006ddd00000)
 Metaspace       used 6396K, capacity 7280K, committed 7552K, reserved 1056768K
  class space    used 582K, capacity 616K, committed 640K, reserved 1048576K
Event: 16.567 GC heap after
Heap after GC invocations=17 (full 3):
 PSYoungGen      total 875008K, used 147802K [0x000000076ab00000, 0x00000007afe00000, 0x00000007c0000000)
  eden space 697344K, 0% used [0x000000076ab00000,0x000000076ab00000,0x0000000795400000)
  from space 177664K, 83% used [0x00000007a1500000,0x00000007aa556808,0x00000007ac280000)
  to   space 197632K, 0% used [0x0000000795400000,0x0000000795400000,0x00000007a1500000)
 ParOldGen       total 488448K, used 420345K [0x00000006c0000000, 0x00000006ddd00000, 0x000000076ab00000)
  object space 488448K, 86% used [0x00000006c0000000,0x00000006d9a7e7d8,0x00000006ddd00000)
 Metaspace       used 6396K, capacity 7280K, committed 7552K, reserved 1056768K
  class space    used 582K, capacity 616K, committed 640K, reserved 1048576K
}
Event: 16.567 GC heap before
{Heap before GC invocations=18 (full 4):
 PSYoungGen      total 875008K, used 147802K [0x000000076ab00000, 0x00000007afe00000, 0x00000007c0000000)
  eden space 697344K, 0% used [0x000000076ab00000,0x000000076ab00000,0x0000000795400000)
  from space 177664K, 83% used [0x00000007a1500000,0x00000007aa556808,0x00000007ac280000)
  to   space 197632K, 0% used [0x0000000795400000,0x0000000795400000,0x00000007a1500000)
 ParOldGen       total 488448K, used 420345K [0x00000006c0000000, 0x00000006ddd00000, 0x000000076ab00000)
  object space 488448K, 86% used [0x00000006c0000000,0x00000006d9a7e7d8,0x00000006ddd00000)
 Metaspace       used 6396K, capacity 7280K, committed 7552K, reserved 1056768K
  class space    used 582K, capacity 616K, committed 640K, reserved 1048576K

Deoptimization events (10 events):
Event: 11.905 Thread 0x00007f717000a000 Uncommon trap: reason=unstable_if action=reinterpret pc=0x00007f7161b5b6fc method=com.android.dx.ssa.SCCP.run()V @ 179
Event: 12.087 Thread 0x00007f717000a000 Uncommon trap: reason=unstable_if action=reinterpret pc=0x00007f7161b6eb70 method=com.android.dx.cf.code.Merger.isPossiblyAssignableFrom(Lcom/android/dx/rop/type/TypeBearer;Lcom/android/dx/rop/type/TypeBearer;)Z @ 131
Event: 13.583 Thread 0x00007f71701a2800 Uncommon trap: reason=unstable_if action=reinterpret pc=0x00007f7161b98bac method=com.android.dx.rop.code.DexTranslationAdvice.hasConstantOperation(Lcom/android/dx/rop/code/Rop;Lcom/android/dx/rop/code/RegisterSpec;Lcom/android/dx/rop/code/RegisterSpec;)Z
Event: 13.611 Thread 0x00007f717019e000 Uncommon trap: reason=unstable_if action=reinterpret pc=0x00007f71619b518c method=com.android.dx.ssa.back.IdenticalBlockCombiner.replaceSucc(Lcom/android/dx/rop/code/BasicBlock;II)V @ 30
Event: 14.010 Thread 0x00007f717019e000 Uncommon trap: reason=class_check action=maybe_recompile pc=0x00007f7161b74374 method=com.android.dx.ssa.SCCP.simulateBranch(Lcom/android/dx/ssa/SsaInsn;)V @ 339
Event: 14.029 Thread 0x00007f717019e000 Uncommon trap: reason=class_check action=maybe_recompile pc=0x00007f7161b74374 method=com.android.dx.ssa.SCCP.simulateBranch(Lcom/android/dx/ssa/SsaInsn;)V @ 339
Event: 15.128 Thread 0x00007f71701a4000 Uncommon trap: reason=bimorphic action=maybe_recompile pc=0x00007f7161c4bf14 method=com.android.dx.cf.code.Merger.mergeType(Lcom/android/dx/rop/type/TypeBearer;Lcom/android/dx/rop/type/TypeBearer;)Lcom/android/dx/rop/type/TypeBearer; @ 21
Event: 15.133 Thread 0x00007f71701a4000 Uncommon trap: reason=bimorphic action=maybe_recompile pc=0x00007f7161c4bf14 method=com.android.dx.cf.code.Merger.mergeType(Lcom/android/dx/rop/type/TypeBearer;Lcom/android/dx/rop/type/TypeBearer;)Lcom/android/dx/rop/type/TypeBearer; @ 21
Event: 15.142 Thread 0x00007f71701a2800 Uncommon trap: reason=unstable_if action=reinterpret pc=0x00007f7161c4c1d0 method=com.android.dx.cf.code.Merger.mergeType(Lcom/android/dx/rop/type/TypeBearer;Lcom/android/dx/rop/type/TypeBearer;)Lcom/android/dx/rop/type/TypeBearer; @ 77
Event: 15.190 Thread 0x00007f71701a2800 Uncommon trap: reason=unstable_if action=reinterpret pc=0x00007f7161c25b20 method=com.android.dx.dex.code.RopTranslator.pickOrder()V @ 130

Internal exceptions (10 events):
Event: 0.013 Thread 0x00007f717000a000 Exception <a 'java/lang/NoSuchMethodError': Method sun.misc.Unsafe.prefetchRead(Ljava/lang/Object;J)V name or signature does not match> (0x000000076ab07f60) thrown at [/ssd/Android/AOSP-openjdk/external/jetbrains/jdk/hotspot/src/share/vm/prims/jni.cpp, li
Event: 0.337 Thread 0x00007f717000a000 Implicit null exception at 0x00007f7161168cf4 to 0x00007f716116933d
Event: 0.965 Thread 0x00007f717000a000 Implicit null exception at 0x00007f7161347de1 to 0x00007f716134a7c1
Event: 0.997 Thread 0x00007f71701a0800 Implicit null exception at 0x00007f716133aae2 to 0x00007f716133abe3
Event: 1.214 Thread 0x00007f71701a4000 Implicit null exception at 0x00007f716130b6d3 to 0x00007f716130e1d5
Event: 1.264 Thread 0x00007f717000a000 Implicit null exception at 0x00007f71613c0158 to 0x00007f71613c033d
Event: 1.591 Thread 0x00007f717000a000 Exception <a 'java/lang/ArrayIndexOutOfBoundsException': 18> (0x000000076ec0a348) thrown at [/ssd/Android/AOSP-openjdk/external/jetbrains/jdk/hotspot/src/share/vm/interpreter/interpreterRuntime.cpp, line 366]
Event: 1.592 Thread 0x00007f717000a000 Exception <a 'java/lang/ArrayIndexOutOfBoundsException': 145> (0x000000076ec0bec8) thrown at [/ssd/Android/AOSP-openjdk/external/jetbrains/jdk/hotspot/src/share/vm/interpreter/interpreterRuntime.cpp, line 366]
Event: 1.593 Thread 0x00007f717000a000 Exception <a 'java/lang/ArrayIndexOutOfBoundsException'> (0x000000076ec0d1b0) thrown at [/ssd/Android/AOSP-openjdk/external/jetbrains/jdk/hotspot/src/share/vm/runtime/sharedRuntime.cpp, line 605]
Event: 11.244 Thread 0x00007f71701a4000 Implicit null exception at 0x00007f716167b756 to 0x00007f716167f285

Events (10 events):
Event: 16.244 Thread 0x00007f71701a2800 DEOPT UNPACKING pc=0x00007f7161047373 sp=0x00007f7158ec5dd8 mode 0
Event: 16.245 Thread 0x00007f717000a000 DEOPT PACKING pc=0x00007f7161b91ce1 sp=0x00007f717775c8c0
Event: 16.245 Thread 0x00007f717000a000 DEOPT UNPACKING pc=0x00007f7161047373 sp=0x00007f717775c640 mode 0
Event: 16.247 Thread 0x00007f717019e000 DEOPT PACKING pc=0x00007f7161412f14 sp=0x00007f71591c9130
Event: 16.247 Thread 0x00007f717019e000 DEOPT UNPACKING pc=0x00007f7161047373 sp=0x00007f71591c8ed0 mode 0
Event: 16.248 Thread 0x00007f717000a000 DEOPT PACKING pc=0x00007f7161412474 sp=0x00007f717775c8c0
Event: 16.248 Thread 0x00007f717000a000 DEOPT UNPACKING pc=0x00007f7161047373 sp=0x00007f717775c5c0 mode 0
Event: 16.249 Thread 0x00007f717019e000 DEOPT PACKING pc=0x00007f716133e7bd sp=0x00007f71591c9050
Event: 16.249 Thread 0x00007f717019e000 DEOPT UNPACKING pc=0x00007f7161047373 sp=0x00007f71591c8dd8 mode 0
Event: 16.255 Executing VM operation: ParallelGCFailedAllocation


Dynamic libraries:
00400000-00401000 r-xp 00000000 08:05 929732                             /opt/android-studio/jre/bin/java
00600000-00601000 r--p 00000000 08:05 929732                             /opt/android-studio/jre/bin/java
00601000-00602000 rw-p 00001000 08:05 929732                             /opt/android-studio/jre/bin/java
01c66000-01c87000 rw-p 00000000 00:00 0                                  [heap]
6c0000000-6ddd00000 rw-p 00000000 00:00 0 
6ee380000-76ab00000 ---p 00000000 00:00 0 
76ab00000-7afe00000 rw-p 00000000 00:00 0 
7afe00000-7c0000000 ---p 00000000 00:00 0 
7c0000000-7c00a0000 rw-p 00000000 00:00 0 
7c00a0000-800000000 ---p 00000000 00:00 0 
7f710c000000-7f710c046000 rw-p 00000000 00:00 0 
7f710c046000-7f7110000000 ---p 00000000 00:00 0 
7f7110000000-7f7110078000 rw-p 00000000 00:00 0 
7f7110078000-7f7114000000 ---p 00000000 00:00 0 
7f7114000000-7f7114021000 rw-p 00000000 00:00 0 
7f7114021000-7f7118000000 ---p 00000000 00:00 0 
7f7118000000-7f711804e000 rw-p 00000000 00:00 0 
7f711804e000-7f711c000000 ---p 00000000 00:00 0 
7f711c000000-7f711c021000 rw-p 00000000 00:00 0 
7f711c021000-7f7120000000 ---p 00000000 00:00 0 
7f7120000000-7f7120085000 rw-p 00000000 00:00 0 
7f7120085000-7f7124000000 ---p 00000000 00:00 0 
7f7124000000-7f7124abd000 rw-p 00000000 00:00 0 
7f7124abd000-7f7128000000 ---p 00000000 00:00 0 
7f7128000000-7f7128021000 rw-p 00000000 00:00 0 
7f7128021000-7f712c000000 ---p 00000000 00:00 0 
7f712c000000-7f712d4e1000 rw-p 00000000 00:00 0 
7f712d4e1000-7f7130000000 ---p 00000000 00:00 0 
7f7130000000-7f7131551000 rw-p 00000000 00:00 0 
7f7131551000-7f7134000000 ---p 00000000 00:00 0 
7f7134000000-7f7134021000 rw-p 00000000 00:00 0 
7f7134021000-7f7138000000 ---p 00000000 00:00 0 
7f7138000000-7f7138021000 rw-p 00000000 00:00 0 
7f7138021000-7f713c000000 ---p 00000000 00:00 0 
7f713c000000-7f713c282000 rw-p 00000000 00:00 0 
7f713c282000-7f7140000000 ---p 00000000 00:00 0 
7f7140000000-7f7140021000 rw-p 00000000 00:00 0 
7f7140021000-7f7144000000 ---p 00000000 00:00 0 
7f7144000000-7f714c000000 rw-p 00000000 00:00 0 
7f714c000000-7f714c021000 rw-p 00000000 00:00 0 
7f714c021000-7f7150000000 ---p 00000000 00:00 0 
7f7150000000-7f7150021000 rw-p 00000000 00:00 0 
7f7150021000-7f7154000000 ---p 00000000 00:00 0 
7f7154000000-7f7154021000 rw-p 00000000 00:00 0 
7f7154021000-7f7158000000 ---p 00000000 00:00 0 
7f7158cc6000-7f7158cc9000 ---p 00000000 00:00 0 
7f7158cc9000-7f7158dc7000 rw-p 00000000 00:00 0 
7f7158dc7000-7f7158dca000 ---p 00000000 00:00 0 
7f7158dca000-7f7158ec8000 rw-p 00000000 00:00 0 
7f7158ec8000-7f7158ecb000 ---p 00000000 00:00 0 
7f7158ecb000-7f7158fc9000 rw-p 00000000 00:00 0 
7f7158fc9000-7f7158fcc000 ---p 00000000 00:00 0 
7f7158fcc000-7f71590ca000 rw-p 00000000 00:00 0 
7f71590ca000-7f71590cd000 ---p 00000000 00:00 0 
7f71590cd000-7f71591cb000 rw-p 00000000 00:00 0 
7f71591cb000-7f715929b000 r--s 0097b000 08:06 266393                     /home/lester/CONVERSA/ConversaBusiness-Android/app/build/intermediates/transforms/jarMerging/debug/jars/1/1f/combined.jar
7f715929b000-7f715929c000 ---p 00000000 00:00 0 
7f715929c000-7f715939c000 rw-p 00000000 00:00 0 
7f715939c000-7f715939f000 ---p 00000000 00:00 0 
7f715939f000-7f715949d000 rw-p 00000000 00:00 0 
7f715949d000-7f71594a0000 ---p 00000000 00:00 0 
7f71594a0000-7f715959e000 rw-p 00000000 00:00 0 
7f715959e000-7f71595a1000 ---p 00000000 00:00 0 
7f71595a1000-7f715969f000 rw-p 00000000 00:00 0 
7f715969f000-7f71596a2000 ---p 00000000 00:00 0 
7f71596a2000-7f71597a0000 rw-p 00000000 00:00 0 
7f71597a0000-7f71597a3000 ---p 00000000 00:00 0 
7f71597a3000-7f71598a1000 rw-p 00000000 00:00 0 
7f71598a1000-7f7159dee000 r--p 00000000 08:05 1051794                    /usr/lib/locale/locale-archive
7f7159dee000-7f7159df1000 ---p 00000000 00:00 0 
7f7159df1000-7f7159eef000 rw-p 00000000 00:00 0 
7f7159eef000-7f7159ef2000 ---p 00000000 00:00 0 
7f7159ef2000-7f7159ff0000 rw-p 00000000 00:00 0 
7f7159ff0000-7f7159ff1000 ---p 00000000 00:00 0 
7f7159ff1000-7f715b6c0000 rw-p 00000000 00:00 0 
7f715b6c0000-7f715b800000 ---p 00000000 00:00 0 
7f715b800000-7f715c000000 rw-p 00000000 00:00 0 
7f715c000000-7f715c021000 rw-p 00000000 00:00 0 
7f715c021000-7f7160000000 ---p 00000000 00:00 0 
7f7160031000-7f7160056000 r--p 00000000 08:05 144167                     /usr/share/locale-langpack/es/LC_MESSAGES/libc.mo
7f7160056000-7f71600da000 rw-p 00000000 00:00 0 
7f71600da000-7f71602a9000 r--s 03c1b000 08:05 929783                     /opt/android-studio/jre/jre/lib/rt.jar
7f71602a9000-7f7160398000 rw-p 00000000 00:00 0 
7f7160398000-7f71607ff000 ---p 00000000 00:00 0 
7f71607ff000-7f71608ee000 rw-p 00000000 00:00 0 
7f71608ee000-7f7160d54000 ---p 00000000 00:00 0 
7f7160d54000-7f7160f7e000 rw-p 00000000 00:00 0 
7f7160f7e000-7f7160fff000 ---p 00000000 00:00 0 
7f7160fff000-7f7161000000 rw-p 00000000 00:00 0 
7f7161000000-7f7161ce0000 rwxp 00000000 00:00 0 
7f7161ce0000-7f7170000000 ---p 00000000 00:00 0 
7f7170000000-7f71703b5000 rw-p 00000000 00:00 0 
7f71703b5000-7f7174000000 ---p 00000000 00:00 0 
7f7174006000-7f71740eb000 rw-p 00000000 00:00 0 
7f71740eb000-7f71740ec000 ---p 00000000 00:00 0 
7f71740ec000-7f71741ec000 rw-p 00000000 00:00 0 
7f71741ec000-7f71741ed000 ---p 00000000 00:00 0 
7f71741ed000-7f71742ed000 rw-p 00000000 00:00 0 
7f71742ed000-7f71742ee000 ---p 00000000 00:00 0 
7f71742ee000-7f71743ee000 rw-p 00000000 00:00 0 
7f71743ee000-7f71743ef000 ---p 00000000 00:00 0 
7f71743ef000-7f7174523000 rw-p 00000000 00:00 0 
7f7174523000-7f71748af000 ---p 00000000 00:00 0 
7f71748af000-7f71748c9000 r-xp 00000000 08:05 929798                     /opt/android-studio/jre/jre/lib/amd64/libzip.so
7f71748c9000-7f7174ac9000 ---p 0001a000 08:05 929798                     /opt/android-studio/jre/jre/lib/amd64/libzip.so
7f7174ac9000-7f7174aca000 r--p 0001a000 08:05 929798                     /opt/android-studio/jre/jre/lib/amd64/libzip.so
7f7174aca000-7f7174acb000 rw-p 0001b000 08:05 929798                     /opt/android-studio/jre/jre/lib/amd64/libzip.so
7f7174acb000-7f7174ad6000 r-xp 00000000 08:05 657657                     /lib/x86_64-linux-gnu/libnss_files-2.23.so
7f7174ad6000-7f7174cd5000 ---p 0000b000 08:05 657657                     /lib/x86_64-linux-gnu/libnss_files-2.23.so
7f7174cd5000-7f7174cd6000 r--p 0000a000 08:05 657657                     /lib/x86_64-linux-gnu/libnss_files-2.23.so
7f7174cd6000-7f7174cd7000 rw-p 0000b000 08:05 657657                     /lib/x86_64-linux-gnu/libnss_files-2.23.so
7f7174cd7000-7f7174cdd000 rw-p 00000000 00:00 0 
7f7174cdd000-7f7174ce8000 r-xp 00000000 08:05 657660                     /lib/x86_64-linux-gnu/libnss_nis-2.23.so
7f7174ce8000-7f7174ee7000 ---p 0000b000 08:05 657660                     /lib/x86_64-linux-gnu/libnss_nis-2.23.so
7f7174ee7000-7f7174ee8000 r--p 0000a000 08:05 657660                     /lib/x86_64-linux-gnu/libnss_nis-2.23.so
7f7174ee8000-7f7174ee9000 rw-p 0000b000 08:05 657660                     /lib/x86_64-linux-gnu/libnss_nis-2.23.so
7f7174ee9000-7f7174eff000 r-xp 00000000 08:05 657653                     /lib/x86_64-linux-gnu/libnsl-2.23.so
7f7174eff000-7f71750fe000 ---p 00016000 08:05 657653                     /lib/x86_64-linux-gnu/libnsl-2.23.so
7f71750fe000-7f71750ff000 r--p 00015000 08:05 657653                     /lib/x86_64-linux-gnu/libnsl-2.23.so
7f71750ff000-7f7175100000 rw-p 00016000 08:05 657653                     /lib/x86_64-linux-gnu/libnsl-2.23.so
7f7175100000-7f7175102000 rw-p 00000000 00:00 0 
7f7175102000-7f717510a000 r-xp 00000000 08:05 657666                     /lib/x86_64-linux-gnu/libnss_compat-2.23.so
7f717510a000-7f7175309000 ---p 00008000 08:05 657666                     /lib/x86_64-linux-gnu/libnss_compat-2.23.so
7f7175309000-7f717530a000 r--p 00007000 08:05 657666                     /lib/x86_64-linux-gnu/libnss_compat-2.23.so
7f717530a000-7f717530b000 rw-p 00008000 08:05 657666                     /lib/x86_64-linux-gnu/libnss_compat-2.23.so
7f717530b000-7f7175338000 r-xp 00000000 08:05 929815                     /opt/android-studio/jre/jre/lib/amd64/libjava.so
7f7175338000-7f7175537000 ---p 0002d000 08:05 929815                     /opt/android-studio/jre/jre/lib/amd64/libjava.so
7f7175537000-7f7175538000 r--p 0002c000 08:05 929815                     /opt/android-studio/jre/jre/lib/amd64/libjava.so
7f7175538000-7f717553a000 rw-p 0002d000 08:05 929815                     /opt/android-studio/jre/jre/lib/amd64/libjava.so
7f717553a000-7f717554a000 r-xp 00000000 08:05 929788                     /opt/android-studio/jre/jre/lib/amd64/libverify.so
7f717554a000-7f7175749000 ---p 00010000 08:05 929788                     /opt/android-studio/jre/jre/lib/amd64/libverify.so
7f7175749000-7f717574b000 r--p 0000f000 08:05 929788                     /opt/android-studio/jre/jre/lib/amd64/libverify.so
7f717574b000-7f717574c000 rw-p 00011000 08:05 929788                     /opt/android-studio/jre/jre/lib/amd64/libverify.so
7f717574c000-7f7175753000 r-xp 00000000 08:05 657662                     /lib/x86_64-linux-gnu/librt-2.23.so
7f7175753000-7f7175952000 ---p 00007000 08:05 657662                     /lib/x86_64-linux-gnu/librt-2.23.so
7f7175952000-7f7175953000 r--p 00006000 08:05 657662                     /lib/x86_64-linux-gnu/librt-2.23.so
7f7175953000-7f7175954000 rw-p 00007000 08:05 657662                     /lib/x86_64-linux-gnu/librt-2.23.so
7f7175954000-7f7175a5c000 r-xp 00000000 08:05 657671                     /lib/x86_64-linux-gnu/libm-2.23.so
7f7175a5c000-7f7175c5b000 ---p 00108000 08:05 657671                     /lib/x86_64-linux-gnu/libm-2.23.so
7f7175c5b000-7f7175c5c000 r--p 00107000 08:05 657671                     /lib/x86_64-linux-gnu/libm-2.23.so
7f7175c5c000-7f7175c5d000 rw-p 00108000 08:05 657671                     /lib/x86_64-linux-gnu/libm-2.23.so
7f7175c5d000-7f717684e000 r-xp 00000000 08:05 929796                     /opt/android-studio/jre/jre/lib/amd64/server/libjvm.so
7f717684e000-7f7176a4e000 ---p 00bf1000 08:05 929796                     /opt/android-studio/jre/jre/lib/amd64/server/libjvm.so
7f7176a4e000-7f7176aed000 r--p 00bf1000 08:05 929796                     /opt/android-studio/jre/jre/lib/amd64/server/libjvm.so
7f7176aed000-7f7176b16000 rw-p 00c90000 08:05 929796                     /opt/android-studio/jre/jre/lib/amd64/server/libjvm.so
7f7176b16000-7f7176b5a000 rw-p 00000000 00:00 0 
7f7176b5a000-7f7176b72000 r-xp 00000000 08:05 657659                     /lib/x86_64-linux-gnu/libpthread-2.23.so
7f7176b72000-7f7176d71000 ---p 00018000 08:05 657659                     /lib/x86_64-linux-gnu/libpthread-2.23.so
7f7176d71000-7f7176d72000 r--p 00017000 08:05 657659                     /lib/x86_64-linux-gnu/libpthread-2.23.so
7f7176d72000-7f7176d73000 rw-p 00018000 08:05 657659                     /lib/x86_64-linux-gnu/libpthread-2.23.so
7f7176d73000-7f7176d77000 rw-p 00000000 00:00 0 
7f7176d77000-7f7176d7a000 r-xp 00000000 08:05 657665                     /lib/x86_64-linux-gnu/libdl-2.23.so
7f7176d7a000-7f7176f79000 ---p 00003000 08:05 657665                     /lib/x86_64-linux-gnu/libdl-2.23.so
7f7176f79000-7f7176f7a000 r--p 00002000 08:05 657665                     /lib/x86_64-linux-gnu/libdl-2.23.so
7f7176f7a000-7f7176f7b000 rw-p 00003000 08:05 657665                     /lib/x86_64-linux-gnu/libdl-2.23.so
7f7176f7b000-7f717713b000 r-xp 00000000 08:05 657676                     /lib/x86_64-linux-gnu/libc-2.23.so
7f717713b000-7f717733b000 ---p 001c0000 08:05 657676                     /lib/x86_64-linux-gnu/libc-2.23.so
7f717733b000-7f717733f000 r--p 001c0000 08:05 657676                     /lib/x86_64-linux-gnu/libc-2.23.so
7f717733f000-7f7177341000 rw-p 001c4000 08:05 657676                     /lib/x86_64-linux-gnu/libc-2.23.so
7f7177341000-7f7177345000 rw-p 00000000 00:00 0 
7f7177345000-7f717735b000 r-xp 00000000 08:05 929747                     /opt/android-studio/jre/lib/amd64/jli/libjli.so
7f717735b000-7f717755a000 ---p 00016000 08:05 929747                     /opt/android-studio/jre/lib/amd64/jli/libjli.so
7f717755a000-7f717755b000 r--p 00015000 08:05 929747                     /opt/android-studio/jre/lib/amd64/jli/libjli.so
7f717755b000-7f717755c000 rw-p 00016000 08:05 929747                     /opt/android-studio/jre/lib/amd64/jli/libjli.so
7f717755c000-7f7177582000 r-xp 00000000 08:05 657654                     /lib/x86_64-linux-gnu/ld-2.23.so
7f7177584000-7f717758b000 r--s 00000000 08:05 8623                       /usr/lib/x86_64-linux-gnu/gconv/gconv-modules.cache
7f717758b000-7f717765e000 rw-p 00000000 00:00 0 
7f717765e000-7f7177661000 ---p 00000000 00:00 0 
7f7177661000-7f7177763000 rw-p 00000000 00:00 0 
7f7177767000-7f7177775000 r--s 000e0000 08:05 582483                     /root/Android/Sdk/build-tools/25.0.2/lib/dx.jar
7f7177775000-7f717777d000 rw-s 00000000 08:05 1855083                    /tmp/hsperfdata_root/22842
7f717777d000-7f717777e000 rw-p 00000000 00:00 0 
7f717777e000-7f717777f000 ---p 00000000 00:00 0 
7f717777f000-7f7177781000 rw-p 00000000 00:00 0 
7f7177781000-7f7177782000 r--p 00025000 08:05 657654                     /lib/x86_64-linux-gnu/ld-2.23.so
7f7177782000-7f7177783000 rw-p 00026000 08:05 657654                     /lib/x86_64-linux-gnu/ld-2.23.so
7f7177783000-7f7177784000 rw-p 00000000 00:00 0 
7ffe03f43000-7ffe03f64000 rw-p 00000000 00:00 0                          [stack]
7ffe03fe1000-7ffe03fe3000 r--p 00000000 00:00 0                          [vvar]
7ffe03fe3000-7ffe03fe5000 r-xp 00000000 00:00 0                          [vdso]
ffffffffff600000-ffffffffff601000 r-xp 00000000 00:00 0                  [vsyscall]

VM Arguments:
jvm_args: -Djava.awt.headless=true -Xmx4g -Dfile.encoding=UTF-8 -Duser.country=GT -Duser.language=es -Duser.variant 
java_command: com.android.dx.command.Main --dex --num-threads=4 --multi-dex --main-dex-list /home/lester/CONVERSA/ConversaBusiness-Android/app/build/intermediates/multi-dex/debug/maindexlist.txt --output /home/lester/CONVERSA/ConversaBusiness-Android/app/build/intermediates/transforms/dex/debug/folders/1000/1f/main /home/lester/CONVERSA/ConversaBusiness-Android/app/build/intermediates/transforms/jarMerging/debug/jars/1/1f/combined.jar
java_class_path (initial): /root/Android/Sdk/build-tools/25.0.2/lib/dx.jar
Launcher Type: SUN_STANDARD

Environment Variables:
PATH=/usr/local/sbin:/usr/local/bin:/usr/sbin:/usr/bin:/sbin:/bin:/snap/bin
USERNAME=root
LD_LIBRARY_PATH=/opt/android-studio/bin:
SHELL=/bin/bash
DISPLAY=:0

Signal Handlers:
SIGSEGV: [libjvm.so+0x9e5150], sa_mask[0]=11111111011111111101111111111110, sa_flags=SA_RESTART|SA_SIGINFO
SIGBUS: [libjvm.so+0x9e5150], sa_mask[0]=11111111011111111101111111111110, sa_flags=SA_RESTART|SA_SIGINFO
SIGFPE: [libjvm.so+0x848450], sa_mask[0]=11111111011111111101111111111110, sa_flags=SA_RESTART|SA_SIGINFO
SIGPIPE: [libjvm.so+0x848450], sa_mask[0]=11111111011111111101111111111110, sa_flags=SA_RESTART|SA_SIGINFO
SIGXFSZ: [libjvm.so+0x848450], sa_mask[0]=11111111011111111101111111111110, sa_flags=SA_RESTART|SA_SIGINFO
SIGILL: [libjvm.so+0x848450], sa_mask[0]=11111111011111111101111111111110, sa_flags=SA_RESTART|SA_SIGINFO
SIGUSR1: SIG_DFL, sa_mask[0]=00000000000000000000000000000000, sa_flags=none
SIGUSR2: [libjvm.so+0x848320], sa_mask[0]=00100000000000000000000000000000, sa_flags=SA_RESTART|SA_SIGINFO
SIGHUP: [libjvm.so+0x848510], sa_mask[0]=11111111011111111101111111111110, sa_flags=SA_RESTART|SA_SIGINFO
SIGINT: [libjvm.so+0x848510], sa_mask[0]=11111111011111111101111111111110, sa_flags=SA_RESTART|SA_SIGINFO
SIGTERM: [libjvm.so+0x848510], sa_mask[0]=11111111011111111101111111111110, sa_flags=SA_RESTART|SA_SIGINFO
SIGQUIT: [libjvm.so+0x848510], sa_mask[0]=11111111011111111101111111111110, sa_flags=SA_RESTART|SA_SIGINFO


---------------  S Y S T E M  ---------------

OS:DISTRIB_ID=Ubuntu
DISTRIB_RELEASE=16.04
DISTRIB_CODENAME=xenial
DISTRIB_DESCRIPTION="Ubuntu 16.04.3 LTS"

uname:Linux 4.4.0-92-generic #115-Ubuntu SMP Thu Aug 10 09:04:33 UTC 2017 x86_64
libc:glibc 2.23 NPTL 2.23 
rlimit: STACK 8192k, CORE 0k, NPROC 31122, NOFILE 1048576, AS infinity
load average:4.76 16.09 10.77

/proc/meminfo:
MemTotal:        8075520 kB
MemFree:          139636 kB
MemAvailable:     119776 kB
Buffers:           10124 kB
Cached:           702420 kB
SwapCached:            0 kB
Active:          7142640 kB
Inactive:         560004 kB
Active(anon):    7056332 kB
Inactive(anon):   476548 kB
Active(file):      86308 kB
Inactive(file):    83456 kB
Unevictable:          32 kB
Mlocked:              32 kB
SwapTotal:             0 kB
SwapFree:              0 kB
Dirty:             12920 kB
Writeback:             4 kB
AnonPages:       6990508 kB
Mapped:           327528 kB
Shmem:            542408 kB
Slab:             110396 kB
SReclaimable:      67720 kB
SUnreclaim:        42676 kB
KernelStack:       13168 kB
PageTables:        53248 kB
NFS_Unstable:          0 kB
Bounce:                0 kB
WritebackTmp:          0 kB
CommitLimit:     4037760 kB
Committed_AS:   12429552 kB
VmallocTotal:   34359738367 kB
VmallocUsed:           0 kB
VmallocChunk:          0 kB
HardwareCorrupted:     0 kB
AnonHugePages:   4507648 kB
CmaTotal:              0 kB
CmaFree:               0 kB
HugePages_Total:       0
HugePages_Free:        0
HugePages_Rsvd:        0
HugePages_Surp:        0
Hugepagesize:       2048 kB
DirectMap4k:      185132 kB
DirectMap2M:     7055360 kB
DirectMap1G:     2097152 kB


CPU:total 4 (2 cores per cpu, 2 threads per core) family 6 model 61 stepping 4, cmov, cx8, fxsr, mmx, sse, sse2, sse3, ssse3, sse4.1, sse4.2, popcnt, avx, avx2, aes, clmul, erms, 3dnowpref, lzcnt, ht, tsc, tscinvbit, bmi1, bmi2, adx

/proc/cpuinfo:
processor	: 0
vendor_id	: GenuineIntel
cpu family	: 6
model		: 61
model name	: Intel(R) Core(TM) i7-5500U CPU @ 2.40GHz
stepping	: 4
microcode	: 0x18
cpu MHz		: 2282.343
cache size	: 4096 KB
physical id	: 0
siblings	: 4
core id		: 0
cpu cores	: 2
apicid		: 0
initial apicid	: 0
fpu		: yes
fpu_exception	: yes
cpuid level	: 20
wp		: yes
flags		: fpu vme de pse tsc msr pae mce cx8 apic sep mtrr pge mca cmov pat pse36 clflush dts acpi mmx fxsr sse sse2 ss ht tm pbe syscall nx pdpe1gb rdtscp lm constant_tsc arch_perfmon pebs bts rep_good nopl xtopology nonstop_tsc aperfmperf eagerfpu pni pclmulqdq dtes64 monitor ds_cpl vmx est tm2 ssse3 sdbg fma cx16 xtpr pdcm pcid sse4_1 sse4_2 x2apic movbe popcnt tsc_deadline_timer aes xsave avx f16c rdrand lahf_lm abm 3dnowprefetch epb intel_pt tpr_shadow vnmi flexpriority ept vpid fsgsbase tsc_adjust bmi1 avx2 smep bmi2 erms invpcid rdseed adx smap xsaveopt dtherm ida arat pln pts
bugs		:
bogomips	: 4788.55
clflush size	: 64
cache_alignment	: 64
address sizes	: 39 bits physical, 48 bits virtual
power management:

processor	: 1
vendor_id	: GenuineIntel
cpu family	: 6
model		: 61
model name	: Intel(R) Core(TM) i7-5500U CPU @ 2.40GHz
stepping	: 4
microcode	: 0x18
cpu MHz		: 2372.625
cache size	: 4096 KB
physical id	: 0
siblings	: 4
core id		: 1
cpu cores	: 2
apicid		: 2
initial apicid	: 2
fpu		: yes
fpu_exception	: yes
cpuid level	: 20
wp		: yes
flags		: fpu vme de pse tsc msr pae mce cx8 apic sep mtrr pge mca cmov pat pse36 clflush dts acpi mmx fxsr sse sse2 ss ht tm pbe syscall nx pdpe1gb rdtscp lm constant_tsc arch_perfmon pebs bts rep_good nopl xtopology nonstop_tsc aperfmperf eagerfpu pni pclmulqdq dtes64 monitor ds_cpl vmx est tm2 ssse3 sdbg fma cx16 xtpr pdcm pcid sse4_1 sse4_2 x2apic movbe popcnt tsc_deadline_timer aes xsave avx f16c rdrand lahf_lm abm 3dnowprefetch epb intel_pt tpr_shadow vnmi flexpriority ept vpid fsgsbase tsc_adjust bmi1 avx2 smep bmi2 erms invpcid rdseed adx smap xsaveopt dtherm ida arat pln pts
bugs		:
bogomips	: 4788.55
clflush size	: 64
cache_alignment	: 64
address sizes	: 39 bits physical, 48 bits virtual
power management:

processor	: 2
vendor_id	: GenuineIntel
cpu family	: 6
model		: 61
model name	: Intel(R) Core(TM) i7-5500U CPU @ 2.40GHz
stepping	: 4
microcode	: 0x18
cpu MHz		: 2369.531
cache size	: 4096 KB
physical id	: 0
siblings	: 4
core id		: 0
cpu cores	: 2
apicid		: 1
initial apicid	: 1
fpu		: yes
fpu_exception	: yes
cpuid level	: 20
wp		: yes
flags		: fpu vme de pse tsc msr pae mce cx8 apic sep mtrr pge mca cmov pat pse36 clflush dts acpi mmx fxsr sse sse2 ss ht tm pbe syscall nx pdpe1gb rdtscp lm constant_tsc arch_perfmon pebs bts rep_good nopl xtopology nonstop_tsc aperfmperf eagerfpu pni pclmulqdq dtes64 monitor ds_cpl vmx est tm2 ssse3 sdbg fma cx16 xtpr pdcm pcid sse4_1 sse4_2 x2apic movbe popcnt tsc_deadline_timer aes xsave avx f16c rdrand lahf_lm abm 3dnowprefetch epb intel_pt tpr_shadow vnmi flexpriority ept vpid fsgsbase tsc_adjust bmi1 avx2 smep bmi2 erms invpcid rdseed adx smap xsaveopt dtherm ida arat pln pts
bugs		:
bogomips	: 4788.55
clflush size	: 64
cache_alignment	: 64
address sizes	: 39 bits physical, 48 bits virtual
power management:

processor	: 3
vendor_id	: GenuineIntel
cpu family	: 6
model		: 61
model name	: Intel(R) Core(TM) i7-5500U CPU @ 2.40GHz
stepping	: 4
microcode	: 0x18
cpu MHz		: 2224.031
cache size	: 4096 KB
physical id	: 0
siblings	: 4
core id		: 1
cpu cores	: 2
apicid		: 3
initial apicid	: 3
fpu		: yes
fpu_exception	: yes
cpuid level	: 20
wp		: yes
flags		: fpu vme de pse tsc msr pae mce cx8 apic sep mtrr pge mca cmov pat pse36 clflush dts acpi mmx fxsr sse sse2 ss ht tm pbe syscall nx pdpe1gb rdtscp lm constant_tsc arch_perfmon pebs bts rep_good nopl xtopology nonstop_tsc aperfmperf eagerfpu pni pclmulqdq dtes64 monitor ds_cpl vmx est tm2 ssse3 sdbg fma cx16 xtpr pdcm pcid sse4_1 sse4_2 x2apic movbe popcnt tsc_deadline_timer aes xsave avx f16c rdrand lahf_lm abm 3dnowprefetch epb intel_pt tpr_shadow vnmi flexpriority ept vpid fsgsbase tsc_adjust bmi1 avx2 smep bmi2 erms invpcid rdseed adx smap xsaveopt dtherm ida arat pln pts
bugs		:
bogomips	: 4788.55
clflush size	: 64
cache_alignment	: 64
address sizes	: 39 bits physical, 48 bits virtual
power management:



Memory: 4k page, physical 8075520k(139636k free), swap 0k(0k free)

vm_info: OpenJDK 64-Bit Server VM (25.112-b06) for linux-amd64 JRE (1.8.0_112-release-b06), built on Dec  6 2016 12:11:18 by "builder" with gcc 4.8.4

time: Thu Aug 24 19:04:26 2017
elapsed time: 21 seconds (0d 0h 0m 21s)

