#
# There is insufficient memory for the Java Runtime Environment to continue.
# Native memory allocation (mmap) failed to map 170393600 bytes for committing reserved memory.
# Possible reasons:
#   The system is out of physical RAM or swap space
#   In 32 bit mode, the process size limit was hit
# Possible solutions:
#   Reduce memory load on the system
#   Increase physical memory or swap space
#   Check if swap backing store is full
#   Use 64 bit Java on a 64 bit OS
#   Decrease Java heap size (-Xmx/-Xms)
#   Decrease number of Java threads
#   Decrease Java thread stack sizes (-Xss)
#   Set larger code cache with -XX:ReservedCodeCacheSize=
# This output file may be truncated or incomplete.
#
#  Out of Memory Error (os_linux.cpp:2627), pid=19849, tid=0x00007ff0637f7700
#
# JRE version: OpenJDK Runtime Environment (8.0_112-b06) (build 1.8.0_112-release-b06)
# Java VM: OpenJDK 64-Bit Server VM (25.112-b06 mixed mode linux-amd64 compressed oops)
# Failed to write core dump. Core dumps have been disabled. To enable core dumping, try "ulimit -c unlimited" before starting Java again
#

---------------  T H R E A D  ---------------

Current thread (0x00007ff078077800):  VMThread [stack: 0x00007ff0636f7000,0x00007ff0637f8000] [id=19859]

Stack: [0x00007ff0636f7000,0x00007ff0637f8000],  sp=0x00007ff0637f64c0,  free space=1021k
Native frames: (J=compiled Java code, j=interpreted, Vv=VM code, C=native code)
V  [libjvm.so+0x9e465d]  VMError::report_and_die()+0x15d
V  [libjvm.so+0x4b6ada]  report_vm_out_of_memory(char const*, int, unsigned long, VMErrorType, char const*)+0x8a
V  [libjvm.so+0x84c860]  os::pd_commit_memory(char*, unsigned long, unsigned long, bool)+0xf0
V  [libjvm.so+0x84737f]  os::commit_memory(char*, unsigned long, unsigned long, bool)+0x1f
V  [libjvm.so+0x8bd3db]  PSVirtualSpace::expand_by(unsigned long)+0x5b
V  [libjvm.so+0x8be050]  PSYoungGen::resize_generation(unsigned long, unsigned long)+0xb0
V  [libjvm.so+0x8be36b]  PSYoungGen::resize(unsigned long, unsigned long)+0x1b
V  [libjvm.so+0x8baa5c]  PSScavenge::invoke_no_policy()+0xdac
V  [libjvm.so+0x8bb238]  PSScavenge::invoke()+0x38
V  [libjvm.so+0x86fcf3]  ParallelScavengeHeap::failed_mem_allocate(unsigned long)+0x63
V  [libjvm.so+0x9e6124]  VM_ParallelGCFailedAllocation::doit()+0x84
V  [libjvm.so+0x9ea537]  VM_Operation::evaluate()+0x47
V  [libjvm.so+0x9e8ff8]  VMThread::evaluate_operation(VM_Operation*)+0x2c8
V  [libjvm.so+0x9e9479]  VMThread::loop()+0x219
V  [libjvm.so+0x9e98c2]  VMThread::run()+0x72
V  [libjvm.so+0x849c82]  java_start(Thread*)+0xf2

VM_Operation (0x00007ff0626cdd40): ParallelGCFailedAllocation, mode: safepoint, requested by thread 0x00007ff078188000


---------------  P R O C E S S  ---------------

Java Threads: ( => current thread )
  0x00007ff07818d800 JavaThread "pool-2-thread-4" [_thread_blocked, id=19872, stack(0x00007ff0623cd000,0x00007ff0624ce000)]
  0x00007ff078189800 JavaThread "pool-2-thread-3" [_thread_blocked, id=19871, stack(0x00007ff0624ce000,0x00007ff0625cf000)]
  0x00007ff078188000 JavaThread "pool-2-thread-2" [_thread_blocked, id=19870, stack(0x00007ff0625cf000,0x00007ff0626d0000)]
  0x00007ff078186000 JavaThread "pool-3-thread-1" [_thread_blocked, id=19869, stack(0x00007ff0626d0000,0x00007ff0627d1000)]
  0x00007ff078185000 JavaThread "pool-2-thread-1" [_thread_blocked, id=19868, stack(0x00007ff0627d1000,0x00007ff0628d2000)]
  0x00007ff0780bf800 JavaThread "Service Thread" daemon [_thread_blocked, id=19866, stack(0x00007ff062aa3000,0x00007ff062ba4000)]
  0x00007ff0780bc800 JavaThread "C1 CompilerThread2" daemon [_thread_blocked, id=19865, stack(0x00007ff062ba4000,0x00007ff062ca5000)]
  0x00007ff0780ba800 JavaThread "C2 CompilerThread1" daemon [_thread_blocked, id=19864, stack(0x00007ff062ca5000,0x00007ff062da6000)]
  0x00007ff0780b7800 JavaThread "C2 CompilerThread0" daemon [_thread_blocked, id=19863, stack(0x00007ff062da6000,0x00007ff062ea7000)]
  0x00007ff0780b6800 JavaThread "Signal Dispatcher" daemon [_thread_blocked, id=19862, stack(0x00007ff062ea7000,0x00007ff062fa8000)]
  0x00007ff078083800 JavaThread "Finalizer" daemon [_thread_blocked, id=19861, stack(0x00007ff0634f5000,0x00007ff0635f6000)]
  0x00007ff07807f000 JavaThread "Reference Handler" daemon [_thread_blocked, id=19860, stack(0x00007ff0635f6000,0x00007ff0636f7000)]
  0x00007ff07800a000 JavaThread "main" [_thread_blocked, id=19854, stack(0x00007ff080d59000,0x00007ff080e5a000)]

Other Threads:
=>0x00007ff078077800 VMThread [stack: 0x00007ff0636f7000,0x00007ff0637f8000] [id=19859]
  0x00007ff0780c2000 WatcherThread [stack: 0x00007ff0629a2000,0x00007ff062aa3000] [id=19867]

VM state:at safepoint (normal execution)

VM Mutex/Monitor currently owned by a thread:  ([mutex/lock_event])
[0x00007ff0780065c0] Threads_lock - owner thread: 0x00007ff078077800
[0x00007ff078006ac0] Heap_lock - owner thread: 0x00007ff078188000

Heap:
 PSYoungGen      total 690176K, used 87137K [0x000000076ab00000, 0x000000079f500000, 0x00000007c0000000)
  eden space 565760K, 0% used [0x000000076ab00000,0x000000076ab00000,0x000000078d380000)
  from space 124416K, 70% used [0x000000078d380000,0x00000007928985a0,0x0000000794d00000)
  to   space 89600K, 0% used [0x0000000794d00000,0x0000000794d00000,0x000000079a480000)
 ParOldGen       total 291328K, used 242739K [0x00000006c0000000, 0x00000006d1c80000, 0x000000076ab00000)
  object space 291328K, 83% used [0x00000006c0000000,0x00000006ced0ce90,0x00000006d1c80000)
 Metaspace       used 6384K, capacity 7280K, committed 7552K, reserved 1056768K
  class space    used 582K, capacity 616K, committed 640K, reserved 1048576K

Card table byte_map: [0x00007ff07d3e9000,0x00007ff07dbea000] byte_map_base: 0x00007ff079de9000

Marking Bits: (ParMarkBitMap*) 0x00007ff080226340
 Begin Bits: [0x00007ff04c000000, 0x00007ff050000000)
 End Bits:   [0x00007ff050000000, 0x00007ff054000000)

Polling page: 0x00007ff080e79000

CodeCache: size=245760Kb used=11799Kb max_used=11843Kb free=233960Kb
 bounds [0x00007ff069000000, 0x00007ff069ba0000, 0x00007ff078000000]
 total_blobs=2728 nmethods=2466 adapters=176
 compilation: enabled

Compilation events (10 events):
Event: 10.655 Thread 0x00007ff0780bc800 2681       3       com.android.dx.ssa.back.SsaToRop::removePhiFunctions (83 bytes)
Event: 10.656 Thread 0x00007ff0780bc800 nmethod 2681 0x00007ff069b58650 code [0x00007ff069b58920, 0x00007ff069b59c68]
Event: 10.657 Thread 0x00007ff0780bc800 2684 %     3       com.android.dx.ssa.back.SsaToRop::removePhiFunctions @ 56 (83 bytes)
Event: 10.658 Thread 0x00007ff0780bc800 nmethod 2684% 0x00007ff069b71050 code [0x00007ff069b71320, 0x00007ff069b72768]
Event: 10.681 Thread 0x00007ff0780bc800 2685       3       com.android.dx.dex.file.ValueEncoder::addContents (75 bytes)
Event: 10.682 Thread 0x00007ff0780bc800 nmethod 2685 0x00007ff069b731d0 code [0x00007ff069b733c0, 0x00007ff069b73fb8]
Event: 10.793 Thread 0x00007ff0780ba800 nmethod 2476 0x00007ff069b7f710 code [0x00007ff069b7fe20, 0x00007ff069b88390]
Event: 10.794 Thread 0x00007ff0780ba800 2677       4       com.android.dx.ssa.SCCP::replaceConstants (209 bytes)
Event: 10.836 Thread 0x00007ff0780bc800 2686       2       com.android.dx.cf.code.BytecodeArray$ConstantParserVisitor::clear (6 bytes)
Event: 10.836 Thread 0x00007ff0780bc800 nmethod 2686 0x00007ff069b24410 code [0x00007ff069b24560, 0x00007ff069b246b0]

GC Heap History (10 events):
Event: 4.723 GC heap after
Heap after GC invocations=8 (full 0):
 PSYoungGen      total 529408K, used 49639K [0x000000076ab00000, 0x0000000791200000, 0x00000007c0000000)
  eden space 479744K, 0% used [0x000000076ab00000,0x000000076ab00000,0x0000000787f80000)
  from space 49664K, 99% used [0x000000078c080000,0x000000078f0f9c20,0x000000078f100000)
  to   space 66560K, 0% used [0x0000000787f80000,0x0000000787f80000,0x000000078c080000)
 ParOldGen       total 84992K, used 71331K [0x00000006c0000000, 0x00000006c5300000, 0x000000076ab00000)
  object space 84992K, 83% used [0x00000006c0000000,0x00000006c45a8d38,0x00000006c5300000)
 Metaspace       used 6322K, capacity 7280K, committed 7552K, reserved 1056768K
  class space    used 581K, capacity 616K, committed 640K, reserved 1048576K
}
Event: 4.723 GC heap before
{Heap before GC invocations=9 (full 1):
 PSYoungGen      total 529408K, used 49639K [0x000000076ab00000, 0x0000000791200000, 0x00000007c0000000)
  eden space 479744K, 0% used [0x000000076ab00000,0x000000076ab00000,0x0000000787f80000)
  from space 49664K, 99% used [0x000000078c080000,0x000000078f0f9c20,0x000000078f100000)
  to   space 66560K, 0% used [0x0000000787f80000,0x0000000787f80000,0x000000078c080000)
 ParOldGen       total 84992K, used 71331K [0x00000006c0000000, 0x00000006c5300000, 0x000000076ab00000)
  object space 84992K, 83% used [0x00000006c0000000,0x00000006c45a8d38,0x00000006c5300000)
 Metaspace       used 6322K, capacity 7280K, committed 7552K, reserved 1056768K
  class space    used 581K, capacity 616K, committed 640K, reserved 1048576K
Event: 5.357 GC heap after
Heap after GC invocations=9 (full 1):
 PSYoungGen      total 529408K, used 32667K [0x000000076ab00000, 0x0000000791200000, 0x00000007c0000000)
  eden space 479744K, 0% used [0x000000076ab00000,0x000000076ab00000,0x0000000787f80000)
  from space 49664K, 65% used [0x000000078c080000,0x000000078e066c28,0x000000078f100000)
  to   space 66560K, 0% used [0x0000000787f80000,0x0000000787f80000,0x000000078c080000)
 ParOldGen       total 162816K, used 84531K [0x00000006c0000000, 0x00000006c9f00000, 0x000000076ab00000)
  object space 162816K, 51% used [0x00000006c0000000,0x00000006c528cce8,0x00000006c9f00000)
 Metaspace       used 6322K, capacity 7280K, committed 7552K, reserved 1056768K
  class space    used 581K, capacity 616K, committed 640K, reserved 1048576K
}
Event: 6.465 GC heap before
{Heap before GC invocations=10 (full 1):
 PSYoungGen      total 529408K, used 512411K [0x000000076ab00000, 0x0000000791200000, 0x00000007c0000000)
  eden space 479744K, 100% used [0x000000076ab00000,0x0000000787f80000,0x0000000787f80000)
  from space 49664K, 65% used [0x000000078c080000,0x000000078e066c28,0x000000078f100000)
  to   space 66560K, 0% used [0x0000000787f80000,0x0000000787f80000,0x000000078c080000)
 ParOldGen       total 162816K, used 84531K [0x00000006c0000000, 0x00000006c9f00000, 0x000000076ab00000)
  object space 162816K, 51% used [0x00000006c0000000,0x00000006c528cce8,0x00000006c9f00000)
 Metaspace       used 6354K, capacity 7280K, committed 7552K, reserved 1056768K
  class space    used 581K, capacity 616K, committed 640K, reserved 1048576K
Event: 6.605 GC heap after
Heap after GC invocations=10 (full 1):
 PSYoungGen      total 546304K, used 66555K [0x000000076ab00000, 0x000000079a480000, 0x00000007c0000000)
  eden space 479744K, 0% used [0x000000076ab00000,0x000000076ab00000,0x0000000787f80000)
  from space 66560K, 99% used [0x0000000787f80000,0x000000078c07efa0,0x000000078c080000)
  to   space 89600K, 0% used [0x0000000794d00000,0x0000000794d00000,0x000000079a480000)
 ParOldGen       total 162816K, used 110658K [0x00000006c0000000, 0x00000006c9f00000, 0x000000076ab00000)
  object space 162816K, 67% used [0x00000006c0000000,0x00000006c6c10b98,0x00000006c9f00000)
 Metaspace       used 6354K, capacity 7280K, committed 7552K, reserved 1056768K
  class space    used 581K, capacity 616K, committed 640K, reserved 1048576K
}
Event: 7.854 GC heap before
{Heap before GC invocations=11 (full 1):
 PSYoungGen      total 546304K, used 546299K [0x000000076ab00000, 0x000000079a480000, 0x00000007c0000000)
  eden space 479744K, 100% used [0x000000076ab00000,0x0000000787f80000,0x0000000787f80000)
  from space 66560K, 99% used [0x0000000787f80000,0x000000078c07efa0,0x000000078c080000)
  to   space 89600K, 0% used [0x0000000794d00000,0x0000000794d00000,0x000000079a480000)
 ParOldGen       total 162816K, used 110658K [0x00000006c0000000, 0x00000006c9f00000, 0x000000076ab00000)
  object space 162816K, 67% used [0x00000006c0000000,0x00000006c6c10b98,0x00000006c9f00000)
 Metaspace       used 6366K, capacity 7280K, committed 7552K, reserved 1056768K
  class space    used 581K, capacity 616K, committed 640K, reserved 1048576K
Event: 8.085 GC heap after
Heap after GC invocations=11 (full 1):
 PSYoungGen      total 655360K, used 89591K [0x000000076ab00000, 0x000000079f500000, 0x00000007c0000000)
  eden space 565760K, 0% used [0x000000076ab00000,0x000000076ab00000,0x000000078d380000)
  from space 89600K, 99% used [0x0000000794d00000,0x000000079a47dd88,0x000000079a480000)
  to   space 124416K, 0% used [0x000000078d380000,0x000000078d380000,0x0000000794d00000)
 ParOldGen       total 162816K, used 161481K [0x00000006c0000000, 0x00000006c9f00000, 0x000000076ab00000)
  object space 162816K, 99% used [0x00000006c0000000,0x00000006c9db24a8,0x00000006c9f00000)
 Metaspace       used 6366K, capacity 7280K, committed 7552K, reserved 1056768K
  class space    used 581K, capacity 616K, committed 640K, reserved 1048576K
}
Event: 8.085 GC heap before
{Heap before GC invocations=12 (full 2):
 PSYoungGen      total 655360K, used 89591K [0x000000076ab00000, 0x000000079f500000, 0x00000007c0000000)
  eden space 565760K, 0% used [0x000000076ab00000,0x000000076ab00000,0x000000078d380000)
  from space 89600K, 99% used [0x0000000794d00000,0x000000079a47dd88,0x000000079a480000)
  to   space 124416K, 0% used [0x000000078d380000,0x000000078d380000,0x0000000794d00000)
 ParOldGen       total 162816K, used 161481K [0x00000006c0000000, 0x00000006c9f00000, 0x000000076ab00000)
  object space 162816K, 99% used [0x00000006c0000000,0x00000006c9db24a8,0x00000006c9f00000)
 Metaspace       used 6366K, capacity 7280K, committed 7552K, reserved 1056768K
  class space    used 581K, capacity 616K, committed 640K, reserved 1048576K
Event: 9.200 GC heap after
Heap after GC invocations=12 (full 2):
 PSYoungGen      total 655360K, used 80658K [0x000000076ab00000, 0x000000079f500000, 0x00000007c0000000)
  eden space 565760K, 0% used [0x000000076ab00000,0x000000076ab00000,0x000000078d380000)
  from space 89600K, 90% used [0x0000000794d00000,0x0000000799bc4a08,0x000000079a480000)
  to   space 124416K, 0% used [0x000000078d380000,0x000000078d380000,0x0000000794d00000)
 ParOldGen       total 291328K, used 162571K [0x00000006c0000000, 0x00000006d1c80000, 0x000000076ab00000)
  object space 291328K, 55% used [0x00000006c0000000,0x00000006c9ec2c80,0x00000006d1c80000)
 Metaspace       used 6366K, capacity 7280K, committed 7552K, reserved 1056768K
  class space    used 581K, capacity 616K, committed 640K, reserved 1048576K
}
Event: 10.852 GC heap before
{Heap before GC invocations=13 (full 2):
 PSYoungGen      total 655360K, used 646418K [0x000000076ab00000, 0x000000079f500000, 0x00000007c0000000)
  eden space 565760K, 100% used [0x000000076ab00000,0x000000078d380000,0x000000078d380000)
  from space 89600K, 90% used [0x0000000794d00000,0x0000000799bc4a08,0x000000079a480000)
  to   space 124416K, 0% used [0x000000078d380000,0x000000078d380000,0x0000000794d00000)
 ParOldGen       total 291328K, used 162571K [0x00000006c0000000, 0x00000006d1c80000, 0x000000076ab00000)
  object space 291328K, 55% used [0x00000006c0000000,0x00000006c9ec2c80,0x00000006d1c80000)
 Metaspace       used 6384K, capacity 7280K, committed 7552K, reserved 1056768K
  class space    used 582K, capacity 616K, committed 640K, reserved 1048576K

Deoptimization events (10 events):
Event: 9.419 Thread 0x00007ff078189800 Uncommon trap: reason=unstable_if action=reinterpret pc=0x00007ff069ac94cc method=com.android.dx.ssa.SsaMethod.blockIndexToRopLabel(I)I @ 1
Event: 9.557 Thread 0x00007ff078185000 Uncommon trap: reason=class_check action=maybe_recompile pc=0x00007ff069b0e244 method=com.android.dx.ssa.SCCP.replaceConstants()V @ 182
Event: 9.571 Thread 0x00007ff078185000 Uncommon trap: reason=class_check action=maybe_recompile pc=0x00007ff069b0e244 method=com.android.dx.ssa.SCCP.replaceConstants()V @ 182
Event: 9.586 Thread 0x00007ff078189800 Uncommon trap: reason=unstable_if action=reinterpret pc=0x00007ff069a0f804 method=com.android.dx.rop.code.BasicBlockList.preferredSuccessorOf(Lcom/android/dx/rop/code/BasicBlock;)Lcom/android/dx/rop/code/BasicBlock; @ 58
Event: 9.919 Thread 0x00007ff078188000 Uncommon trap: reason=unstable_if action=reinterpret pc=0x00007ff069b48b20 method=com.android.dx.rop.code.LocalVariableInfo.mergeStarts(ILcom/android/dx/rop/code/RegisterSpecSet;)Z @ 31
Event: 10.112 Thread 0x00007ff07818d800 Uncommon trap: reason=unstable_if action=reinterpret pc=0x00007ff069b20b20 method=com.android.dx.dex.code.RopTranslator.outputBlock(Lcom/android/dx/rop/code/BasicBlock;I)V @ 140
Event: 10.323 Thread 0x00007ff078188000 Uncommon trap: reason=class_check action=maybe_recompile pc=0x00007ff069b0e244 method=com.android.dx.ssa.SCCP.replaceConstants()V @ 182
Event: 10.503 Thread 0x00007ff078189800 Uncommon trap: reason=unstable_if action=reinterpret pc=0x00007ff069aea6fc method=java.util.ArrayList.<init>(I)V @ 5
Event: 10.603 Thread 0x00007ff078189800 Uncommon trap: reason=class_check action=maybe_recompile pc=0x00007ff069b0e244 method=com.android.dx.ssa.SCCP.replaceConstants()V @ 182
Event: 10.649 Thread 0x00007ff07818d800 Uncommon trap: reason=unstable_if action=reinterpret pc=0x00007ff0699ca204 method=com.android.dx.ssa.SsaBasicBlock.scheduleMovesFromPhis()V @ 63

Internal exceptions (8 events):
Event: 0.161 Thread 0x00007ff07800a000 Exception <a 'java/lang/NoSuchMethodError': Method sun.misc.Unsafe.defineClass(Ljava/lang/String;[BII)Ljava/lang/Class; name or signature does not match> (0x000000076ab07c78) thrown at [/ssd/Android/AOSP-openjdk/external/jetbrains/jdk/hotspot/src/share/vm
Event: 0.161 Thread 0x00007ff07800a000 Exception <a 'java/lang/NoSuchMethodError': Method sun.misc.Unsafe.prefetchRead(Ljava/lang/Object;J)V name or signature does not match> (0x000000076ab07f60) thrown at [/ssd/Android/AOSP-openjdk/external/jetbrains/jdk/hotspot/src/share/vm/prims/jni.cpp, li
Event: 0.437 Thread 0x00007ff07800a000 Implicit null exception at 0x00007ff069160534 to 0x00007ff069160b7d
Event: 1.021 Thread 0x00007ff07818d800 Implicit null exception at 0x00007ff069316a5a to 0x00007ff069318f3d
Event: 1.422 Thread 0x00007ff078189800 Implicit null exception at 0x00007ff06937646f to 0x00007ff069378bf1
Event: 2.000 Thread 0x00007ff078185000 Exception <a 'java/lang/ArrayIndexOutOfBoundsException': 18> (0x000000076f58c438) thrown at [/ssd/Android/AOSP-openjdk/external/jetbrains/jdk/hotspot/src/share/vm/interpreter/interpreterRuntime.cpp, line 366]
Event: 2.000 Thread 0x00007ff078185000 Exception <a 'java/lang/ArrayIndexOutOfBoundsException': 145> (0x000000076f58dfb8) thrown at [/ssd/Android/AOSP-openjdk/external/jetbrains/jdk/hotspot/src/share/vm/interpreter/interpreterRuntime.cpp, line 366]
Event: 2.010 Thread 0x00007ff078185000 Exception <a 'java/lang/ArrayIndexOutOfBoundsException'> (0x000000076f58f2a0) thrown at [/ssd/Android/AOSP-openjdk/external/jetbrains/jdk/hotspot/src/share/vm/runtime/sharedRuntime.cpp, line 605]

Events (10 events):
Event: 10.812 Thread 0x00007ff078189800 DEOPT UNPACKING pc=0x00007ff069047373 sp=0x00007ff0625ccf60 mode 0
Event: 10.818 Thread 0x00007ff078189800 DEOPT PACKING pc=0x00007ff069346d78 sp=0x00007ff0625ccf30
Event: 10.818 Thread 0x00007ff078189800 DEOPT UNPACKING pc=0x00007ff069047373 sp=0x00007ff0625ccd30 mode 0
Event: 10.827 Thread 0x00007ff07818d800 DEOPT PACKING pc=0x00007ff0696060f6 sp=0x00007ff0624cbee0
Event: 10.827 Thread 0x00007ff07818d800 DEOPT UNPACKING pc=0x00007ff069047373 sp=0x00007ff0624cbd40 mode 0
Event: 10.829 Thread 0x00007ff07818d800 DEOPT PACKING pc=0x00007ff069545f51 sp=0x00007ff0624cc110
Event: 10.829 Thread 0x00007ff07818d800 DEOPT UNPACKING pc=0x00007ff069047373 sp=0x00007ff0624cbf60 mode 0
Event: 10.844 Thread 0x00007ff078189800 DEOPT PACKING pc=0x00007ff069545f51 sp=0x00007ff0625cd110
Event: 10.844 Thread 0x00007ff078189800 DEOPT UNPACKING pc=0x00007ff069047373 sp=0x00007ff0625ccf60 mode 0
Event: 10.850 Executing VM operation: ParallelGCFailedAllocation


Dynamic libraries:
00400000-00401000 r-xp 00000000 08:05 929732                             /opt/android-studio/jre/bin/java
00600000-00601000 r--p 00000000 08:05 929732                             /opt/android-studio/jre/bin/java
00601000-00602000 rw-p 00001000 08:05 929732                             /opt/android-studio/jre/bin/java
020fc000-0211d000 rw-p 00000000 00:00 0                                  [heap]
6c0000000-6d1c80000 rw-p 00000000 00:00 0 
6d1c80000-76ab00000 ---p 00000000 00:00 0 
76ab00000-79f500000 rw-p 00000000 00:00 0 
7a9780000-7c0000000 ---p 00000000 00:00 0 
7c0000000-7c00a0000 rw-p 00000000 00:00 0 
7c00a0000-800000000 ---p 00000000 00:00 0 
7ff014000000-7ff01403a000 rw-p 00000000 00:00 0 
7ff01403a000-7ff018000000 ---p 00000000 00:00 0 
7ff018000000-7ff018046000 rw-p 00000000 00:00 0 
7ff018046000-7ff01c000000 ---p 00000000 00:00 0 
7ff01c000000-7ff01c021000 rw-p 00000000 00:00 0 
7ff01c021000-7ff020000000 ---p 00000000 00:00 0 
7ff020000000-7ff02002c000 rw-p 00000000 00:00 0 
7ff02002c000-7ff024000000 ---p 00000000 00:00 0 
7ff024000000-7ff024021000 rw-p 00000000 00:00 0 
7ff024021000-7ff028000000 ---p 00000000 00:00 0 
7ff028000000-7ff02802b000 rw-p 00000000 00:00 0 
7ff02802b000-7ff02c000000 ---p 00000000 00:00 0 
7ff02c000000-7ff02cd4a000 rw-p 00000000 00:00 0 
7ff02cd4a000-7ff030000000 ---p 00000000 00:00 0 
7ff030000000-7ff030021000 rw-p 00000000 00:00 0 
7ff030021000-7ff034000000 ---p 00000000 00:00 0 
7ff034000000-7ff0352b3000 rw-p 00000000 00:00 0 
7ff0352b3000-7ff038000000 ---p 00000000 00:00 0 
7ff038000000-7ff03946f000 rw-p 00000000 00:00 0 
7ff03946f000-7ff03c000000 ---p 00000000 00:00 0 
7ff03c000000-7ff03c021000 rw-p 00000000 00:00 0 
7ff03c021000-7ff040000000 ---p 00000000 00:00 0 
7ff040000000-7ff040021000 rw-p 00000000 00:00 0 
7ff040021000-7ff044000000 ---p 00000000 00:00 0 
7ff044000000-7ff044281000 rw-p 00000000 00:00 0 
7ff044281000-7ff048000000 ---p 00000000 00:00 0 
7ff048000000-7ff048021000 rw-p 00000000 00:00 0 
7ff048021000-7ff04c000000 ---p 00000000 00:00 0 
7ff04c000000-7ff054000000 rw-p 00000000 00:00 0 
7ff054000000-7ff054021000 rw-p 00000000 00:00 0 
7ff054021000-7ff058000000 ---p 00000000 00:00 0 
7ff058000000-7ff058021000 rw-p 00000000 00:00 0 
7ff058021000-7ff05c000000 ---p 00000000 00:00 0 
7ff05c000000-7ff05c021000 rw-p 00000000 00:00 0 
7ff05c021000-7ff060000000 ---p 00000000 00:00 0 
7ff0623cd000-7ff0623d0000 ---p 00000000 00:00 0 
7ff0623d0000-7ff0624ce000 rw-p 00000000 00:00 0 
7ff0624ce000-7ff0624d1000 ---p 00000000 00:00 0 
7ff0624d1000-7ff0625cf000 rw-p 00000000 00:00 0 
7ff0625cf000-7ff0625d2000 ---p 00000000 00:00 0 
7ff0625d2000-7ff0626d0000 rw-p 00000000 00:00 0 
7ff0626d0000-7ff0626d3000 ---p 00000000 00:00 0 
7ff0626d3000-7ff0627d1000 rw-p 00000000 00:00 0 
7ff0627d1000-7ff0627d4000 ---p 00000000 00:00 0 
7ff0627d4000-7ff0628d2000 rw-p 00000000 00:00 0 
7ff0628d2000-7ff0629a2000 r--s 0097b000 08:06 265739                     /home/lester/CONVERSA/ConversaBusiness-Android/app/build/intermediates/transforms/jarMerging/debug/jars/1/1f/combined.jar
7ff0629a2000-7ff0629a3000 ---p 00000000 00:00 0 
7ff0629a3000-7ff062aa3000 rw-p 00000000 00:00 0 
7ff062aa3000-7ff062aa6000 ---p 00000000 00:00 0 
7ff062aa6000-7ff062ba4000 rw-p 00000000 00:00 0 
7ff062ba4000-7ff062ba7000 ---p 00000000 00:00 0 
7ff062ba7000-7ff062ca5000 rw-p 00000000 00:00 0 
7ff062ca5000-7ff062ca8000 ---p 00000000 00:00 0 
7ff062ca8000-7ff062da6000 rw-p 00000000 00:00 0 
7ff062da6000-7ff062da9000 ---p 00000000 00:00 0 
7ff062da9000-7ff062ea7000 rw-p 00000000 00:00 0 
7ff062ea7000-7ff062eaa000 ---p 00000000 00:00 0 
7ff062eaa000-7ff062fa8000 rw-p 00000000 00:00 0 
7ff062fa8000-7ff0634f5000 r--p 00000000 08:05 1051794                    /usr/lib/locale/locale-archive
7ff0634f5000-7ff0634f8000 ---p 00000000 00:00 0 
7ff0634f8000-7ff0635f6000 rw-p 00000000 00:00 0 
7ff0635f6000-7ff0635f9000 ---p 00000000 00:00 0 
7ff0635f9000-7ff0636f7000 rw-p 00000000 00:00 0 
7ff0636f7000-7ff0636f8000 ---p 00000000 00:00 0 
7ff0636f8000-7ff064000000 rw-p 00000000 00:00 0 
7ff064000000-7ff064021000 rw-p 00000000 00:00 0 
7ff064021000-7ff068000000 ---p 00000000 00:00 0 
7ff068023000-7ff068048000 r--p 00000000 08:05 144167                     /usr/share/locale-langpack/es/LC_MESSAGES/libc.mo
7ff068048000-7ff068ec0000 rw-p 00000000 00:00 0 
7ff068ec0000-7ff069000000 ---p 00000000 00:00 0 
7ff069000000-7ff069ba0000 rwxp 00000000 00:00 0 
7ff069ba0000-7ff078000000 ---p 00000000 00:00 0 
7ff078000000-7ff0783a5000 rw-p 00000000 00:00 0 
7ff0783a5000-7ff07c000000 ---p 00000000 00:00 0 
7ff07c008000-7ff07c04a000 rw-p 00000000 00:00 0 
7ff07c04a000-7ff07c219000 r--s 03c1b000 08:05 929783                     /opt/android-studio/jre/jre/lib/rt.jar
7ff07c219000-7ff07ca8f000 rw-p 00000000 00:00 0 
7ff07ca8f000-7ff07ca90000 ---p 00000000 00:00 0 
7ff07ca90000-7ff07cb90000 rw-p 00000000 00:00 0 
7ff07cb90000-7ff07cb91000 ---p 00000000 00:00 0 
7ff07cb91000-7ff07cc91000 rw-p 00000000 00:00 0 
7ff07cc91000-7ff07cc92000 ---p 00000000 00:00 0 
7ff07cc92000-7ff07cd92000 rw-p 00000000 00:00 0 
7ff07cd92000-7ff07cd93000 ---p 00000000 00:00 0 
7ff07cd93000-7ff07cf22000 rw-p 00000000 00:00 0 
7ff07cf22000-7ff07d3e9000 ---p 00000000 00:00 0 
7ff07d3e9000-7ff07d478000 rw-p 00000000 00:00 0 
7ff07d478000-7ff07d93e000 ---p 00000000 00:00 0 
7ff07d93e000-7ff07dae4000 rw-p 00000000 00:00 0 
7ff07dae4000-7ff07dbe9000 ---p 00000000 00:00 0 
7ff07dbe9000-7ff07dc19000 rw-p 00000000 00:00 0 
7ff07dc19000-7ff07dfaa000 ---p 00000000 00:00 0 
7ff07dfaa000-7ff07dfc4000 r-xp 00000000 08:05 929798                     /opt/android-studio/jre/jre/lib/amd64/libzip.so
7ff07dfc4000-7ff07e1c4000 ---p 0001a000 08:05 929798                     /opt/android-studio/jre/jre/lib/amd64/libzip.so
7ff07e1c4000-7ff07e1c5000 r--p 0001a000 08:05 929798                     /opt/android-studio/jre/jre/lib/amd64/libzip.so
7ff07e1c5000-7ff07e1c6000 rw-p 0001b000 08:05 929798                     /opt/android-studio/jre/jre/lib/amd64/libzip.so
7ff07e1c6000-7ff07e1d1000 r-xp 00000000 08:05 657657                     /lib/x86_64-linux-gnu/libnss_files-2.23.so
7ff07e1d1000-7ff07e3d0000 ---p 0000b000 08:05 657657                     /lib/x86_64-linux-gnu/libnss_files-2.23.so
7ff07e3d0000-7ff07e3d1000 r--p 0000a000 08:05 657657                     /lib/x86_64-linux-gnu/libnss_files-2.23.so
7ff07e3d1000-7ff07e3d2000 rw-p 0000b000 08:05 657657                     /lib/x86_64-linux-gnu/libnss_files-2.23.so
7ff07e3d2000-7ff07e3d8000 rw-p 00000000 00:00 0 
7ff07e3d8000-7ff07e3e3000 r-xp 00000000 08:05 657660                     /lib/x86_64-linux-gnu/libnss_nis-2.23.so
7ff07e3e3000-7ff07e5e2000 ---p 0000b000 08:05 657660                     /lib/x86_64-linux-gnu/libnss_nis-2.23.so
7ff07e5e2000-7ff07e5e3000 r--p 0000a000 08:05 657660                     /lib/x86_64-linux-gnu/libnss_nis-2.23.so
7ff07e5e3000-7ff07e5e4000 rw-p 0000b000 08:05 657660                     /lib/x86_64-linux-gnu/libnss_nis-2.23.so
7ff07e5e4000-7ff07e5fa000 r-xp 00000000 08:05 657653                     /lib/x86_64-linux-gnu/libnsl-2.23.so
7ff07e5fa000-7ff07e7f9000 ---p 00016000 08:05 657653                     /lib/x86_64-linux-gnu/libnsl-2.23.so
7ff07e7f9000-7ff07e7fa000 r--p 00015000 08:05 657653                     /lib/x86_64-linux-gnu/libnsl-2.23.so
7ff07e7fa000-7ff07e7fb000 rw-p 00016000 08:05 657653                     /lib/x86_64-linux-gnu/libnsl-2.23.so
7ff07e7fb000-7ff07e7fd000 rw-p 00000000 00:00 0 
7ff07e7fd000-7ff07e805000 r-xp 00000000 08:05 657666                     /lib/x86_64-linux-gnu/libnss_compat-2.23.so
7ff07e805000-7ff07ea04000 ---p 00008000 08:05 657666                     /lib/x86_64-linux-gnu/libnss_compat-2.23.so
7ff07ea04000-7ff07ea05000 r--p 00007000 08:05 657666                     /lib/x86_64-linux-gnu/libnss_compat-2.23.so
7ff07ea05000-7ff07ea06000 rw-p 00008000 08:05 657666                     /lib/x86_64-linux-gnu/libnss_compat-2.23.so
7ff07ea06000-7ff07ea33000 r-xp 00000000 08:05 929815                     /opt/android-studio/jre/jre/lib/amd64/libjava.so
7ff07ea33000-7ff07ec32000 ---p 0002d000 08:05 929815                     /opt/android-studio/jre/jre/lib/amd64/libjava.so
7ff07ec32000-7ff07ec33000 r--p 0002c000 08:05 929815                     /opt/android-studio/jre/jre/lib/amd64/libjava.so
7ff07ec33000-7ff07ec35000 rw-p 0002d000 08:05 929815                     /opt/android-studio/jre/jre/lib/amd64/libjava.so
7ff07ec35000-7ff07ec45000 r-xp 00000000 08:05 929788                     /opt/android-studio/jre/jre/lib/amd64/libverify.so
7ff07ec45000-7ff07ee44000 ---p 00010000 08:05 929788                     /opt/android-studio/jre/jre/lib/amd64/libverify.so
7ff07ee44000-7ff07ee46000 r--p 0000f000 08:05 929788                     /opt/android-studio/jre/jre/lib/amd64/libverify.so
7ff07ee46000-7ff07ee47000 rw-p 00011000 08:05 929788                     /opt/android-studio/jre/jre/lib/amd64/libverify.so
7ff07ee47000-7ff07ee4e000 r-xp 00000000 08:05 657662                     /lib/x86_64-linux-gnu/librt-2.23.so
7ff07ee4e000-7ff07f04d000 ---p 00007000 08:05 657662                     /lib/x86_64-linux-gnu/librt-2.23.so
7ff07f04d000-7ff07f04e000 r--p 00006000 08:05 657662                     /lib/x86_64-linux-gnu/librt-2.23.so
7ff07f04e000-7ff07f04f000 rw-p 00007000 08:05 657662                     /lib/x86_64-linux-gnu/librt-2.23.so
7ff07f04f000-7ff07f157000 r-xp 00000000 08:05 657671                     /lib/x86_64-linux-gnu/libm-2.23.so
7ff07f157000-7ff07f356000 ---p 00108000 08:05 657671                     /lib/x86_64-linux-gnu/libm-2.23.so
7ff07f356000-7ff07f357000 r--p 00107000 08:05 657671                     /lib/x86_64-linux-gnu/libm-2.23.so
7ff07f357000-7ff07f358000 rw-p 00108000 08:05 657671                     /lib/x86_64-linux-gnu/libm-2.23.so
7ff07f358000-7ff07ff49000 r-xp 00000000 08:05 929796                     /opt/android-studio/jre/jre/lib/amd64/server/libjvm.so
7ff07ff49000-7ff080149000 ---p 00bf1000 08:05 929796                     /opt/android-studio/jre/jre/lib/amd64/server/libjvm.so
7ff080149000-7ff0801e8000 r--p 00bf1000 08:05 929796                     /opt/android-studio/jre/jre/lib/amd64/server/libjvm.so
7ff0801e8000-7ff080211000 rw-p 00c90000 08:05 929796                     /opt/android-studio/jre/jre/lib/amd64/server/libjvm.so
7ff080211000-7ff080255000 rw-p 00000000 00:00 0 
7ff080255000-7ff08026d000 r-xp 00000000 08:05 657659                     /lib/x86_64-linux-gnu/libpthread-2.23.so
7ff08026d000-7ff08046c000 ---p 00018000 08:05 657659                     /lib/x86_64-linux-gnu/libpthread-2.23.so
7ff08046c000-7ff08046d000 r--p 00017000 08:05 657659                     /lib/x86_64-linux-gnu/libpthread-2.23.so
7ff08046d000-7ff08046e000 rw-p 00018000 08:05 657659                     /lib/x86_64-linux-gnu/libpthread-2.23.so
7ff08046e000-7ff080472000 rw-p 00000000 00:00 0 
7ff080472000-7ff080475000 r-xp 00000000 08:05 657665                     /lib/x86_64-linux-gnu/libdl-2.23.so
7ff080475000-7ff080674000 ---p 00003000 08:05 657665                     /lib/x86_64-linux-gnu/libdl-2.23.so
7ff080674000-7ff080675000 r--p 00002000 08:05 657665                     /lib/x86_64-linux-gnu/libdl-2.23.so
7ff080675000-7ff080676000 rw-p 00003000 08:05 657665                     /lib/x86_64-linux-gnu/libdl-2.23.so
7ff080676000-7ff080836000 r-xp 00000000 08:05 657676                     /lib/x86_64-linux-gnu/libc-2.23.so
7ff080836000-7ff080a36000 ---p 001c0000 08:05 657676                     /lib/x86_64-linux-gnu/libc-2.23.so
7ff080a36000-7ff080a3a000 r--p 001c0000 08:05 657676                     /lib/x86_64-linux-gnu/libc-2.23.so
7ff080a3a000-7ff080a3c000 rw-p 001c4000 08:05 657676                     /lib/x86_64-linux-gnu/libc-2.23.so
7ff080a3c000-7ff080a40000 rw-p 00000000 00:00 0 
7ff080a40000-7ff080a56000 r-xp 00000000 08:05 929747                     /opt/android-studio/jre/lib/amd64/jli/libjli.so
7ff080a56000-7ff080c55000 ---p 00016000 08:05 929747                     /opt/android-studio/jre/lib/amd64/jli/libjli.so
7ff080c55000-7ff080c56000 r--p 00015000 08:05 929747                     /opt/android-studio/jre/lib/amd64/jli/libjli.so
7ff080c56000-7ff080c57000 rw-p 00016000 08:05 929747                     /opt/android-studio/jre/lib/amd64/jli/libjli.so
7ff080c57000-7ff080c7d000 r-xp 00000000 08:05 657654                     /lib/x86_64-linux-gnu/ld-2.23.so
7ff080c7f000-7ff080c86000 r--s 00000000 08:05 8623                       /usr/lib/x86_64-linux-gnu/gconv/gconv-modules.cache
7ff080c86000-7ff080d59000 rw-p 00000000 00:00 0 
7ff080d59000-7ff080d5c000 ---p 00000000 00:00 0 
7ff080d5c000-7ff080e5e000 rw-p 00000000 00:00 0 
7ff080e62000-7ff080e70000 r--s 000e0000 08:05 582483                     /root/Android/Sdk/build-tools/25.0.2/lib/dx.jar
7ff080e70000-7ff080e78000 rw-s 00000000 08:05 1854992                    /tmp/hsperfdata_root/19849
7ff080e78000-7ff080e79000 rw-p 00000000 00:00 0 
7ff080e79000-7ff080e7a000 ---p 00000000 00:00 0 
7ff080e7a000-7ff080e7c000 rw-p 00000000 00:00 0 
7ff080e7c000-7ff080e7d000 r--p 00025000 08:05 657654                     /lib/x86_64-linux-gnu/ld-2.23.so
7ff080e7d000-7ff080e7e000 rw-p 00026000 08:05 657654                     /lib/x86_64-linux-gnu/ld-2.23.so
7ff080e7e000-7ff080e7f000 rw-p 00000000 00:00 0 
7ffeb0dd1000-7ffeb0df2000 rw-p 00000000 00:00 0                          [stack]
7ffeb0dfb000-7ffeb0dfd000 r--p 00000000 00:00 0                          [vvar]
7ffeb0dfd000-7ffeb0dff000 r-xp 00000000 00:00 0                          [vdso]
ffffffffff600000-ffffffffff601000 r-xp 00000000 00:00 0                  [vsyscall]

VM Arguments:
jvm_args: -Djava.awt.headless=true -Xmx4g -Dfile.encoding=UTF-8 -Duser.country=GT -Duser.language=es -Duser.variant 
java_command: com.android.dx.command.Main --dex --num-threads=4 --multi-dex --main-dex-list /home/lester/CONVERSA/ConversaBusiness-Android/app/build/intermediates/multi-dex/debug/maindexlist.txt --output /home/lester/CONVERSA/ConversaBusiness-Android/app/build/intermediates/transforms/dex/debug/folders/1000/1f/main /home/lester/CONVERSA/ConversaBusiness-Android/app/build/intermediates/transforms/jarMerging/debug/jars/1/1f/combined.jar
java_class_path (initial): /root/Android/Sdk/build-tools/25.0.2/lib/dx.jar
Launcher Type: SUN_STANDARD

Environment Variables:
PATH=/usr/local/sbin:/usr/local/bin:/usr/sbin:/usr/bin:/sbin:/bin:/snap/bin
USERNAME=root
LD_LIBRARY_PATH=/opt/android-studio/bin:
SHELL=/bin/bash
DISPLAY=:0

Signal Handlers:
SIGSEGV: [libjvm.so+0x9e5150], sa_mask[0]=11111111011111111101111111111110, sa_flags=SA_RESTART|SA_SIGINFO
SIGBUS: [libjvm.so+0x9e5150], sa_mask[0]=11111111011111111101111111111110, sa_flags=SA_RESTART|SA_SIGINFO
SIGFPE: [libjvm.so+0x848450], sa_mask[0]=11111111011111111101111111111110, sa_flags=SA_RESTART|SA_SIGINFO
SIGPIPE: [libjvm.so+0x848450], sa_mask[0]=11111111011111111101111111111110, sa_flags=SA_RESTART|SA_SIGINFO
SIGXFSZ: [libjvm.so+0x848450], sa_mask[0]=11111111011111111101111111111110, sa_flags=SA_RESTART|SA_SIGINFO
SIGILL: [libjvm.so+0x848450], sa_mask[0]=11111111011111111101111111111110, sa_flags=SA_RESTART|SA_SIGINFO
SIGUSR1: SIG_DFL, sa_mask[0]=00000000000000000000000000000000, sa_flags=none
SIGUSR2: [libjvm.so+0x848320], sa_mask[0]=00100000000000000000000000000000, sa_flags=SA_RESTART|SA_SIGINFO
SIGHUP: [libjvm.so+0x848510], sa_mask[0]=11111111011111111101111111111110, sa_flags=SA_RESTART|SA_SIGINFO
SIGINT: [libjvm.so+0x848510], sa_mask[0]=11111111011111111101111111111110, sa_flags=SA_RESTART|SA_SIGINFO
SIGTERM: [libjvm.so+0x848510], sa_mask[0]=11111111011111111101111111111110, sa_flags=SA_RESTART|SA_SIGINFO
SIGQUIT: [libjvm.so+0x848510], sa_mask[0]=11111111011111111101111111111110, sa_flags=SA_RESTART|SA_SIGINFO


---------------  S Y S T E M  ---------------

OS:DISTRIB_ID=Ubuntu
DISTRIB_RELEASE=16.04
DISTRIB_CODENAME=xenial
DISTRIB_DESCRIPTION="Ubuntu 16.04.3 LTS"

uname:Linux 4.4.0-92-generic #115-Ubuntu SMP Thu Aug 10 09:04:33 UTC 2017 x86_64
libc:glibc 2.23 NPTL 2.23 
rlimit: STACK 8192k, CORE 0k, NPROC 31122, NOFILE 1048576, AS infinity
load average:14.86 4.44 1.99

/proc/meminfo:
MemTotal:        8075520 kB
MemFree:          135476 kB
MemAvailable:      83300 kB
Buffers:            1904 kB
Cached:           775928 kB
SwapCached:            0 kB
Active:          6661776 kB
Inactive:         589136 kB
Active(anon):    6597652 kB
Inactive(anon):   530196 kB
Active(file):      64124 kB
Inactive(file):    58940 kB
Unevictable:          32 kB
Mlocked:              32 kB
SwapTotal:             0 kB
SwapFree:              0 kB
Dirty:               588 kB
Writeback:             0 kB
AnonPages:       6473456 kB
Mapped:           782480 kB
Shmem:            654432 kB
Slab:              97936 kB
SReclaimable:      50604 kB
SUnreclaim:        47332 kB
KernelStack:       14608 kB
PageTables:        56368 kB
NFS_Unstable:          0 kB
Bounce:                0 kB
WritebackTmp:          0 kB
CommitLimit:     4037760 kB
Committed_AS:   12826592 kB
VmallocTotal:   34359738367 kB
VmallocUsed:           0 kB
VmallocChunk:          0 kB
HardwareCorrupted:     0 kB
AnonHugePages:   3749888 kB
CmaTotal:              0 kB
CmaFree:               0 kB
HugePages_Total:       0
HugePages_Free:        0
HugePages_Rsvd:        0
HugePages_Surp:        0
Hugepagesize:       2048 kB
DirectMap4k:      183084 kB
DirectMap2M:     7057408 kB
DirectMap1G:     2097152 kB


CPU:total 4 (2 cores per cpu, 2 threads per core) family 6 model 61 stepping 4, cmov, cx8, fxsr, mmx, sse, sse2, sse3, ssse3, sse4.1, sse4.2, popcnt, avx, avx2, aes, clmul, erms, 3dnowpref, lzcnt, ht, tsc, tscinvbit, bmi1, bmi2, adx

/proc/cpuinfo:
processor	: 0
vendor_id	: GenuineIntel
cpu family	: 6
model		: 61
model name	: Intel(R) Core(TM) i7-5500U CPU @ 2.40GHz
stepping	: 4
microcode	: 0x18
cpu MHz		: 2382.656
cache size	: 4096 KB
physical id	: 0
siblings	: 4
core id		: 0
cpu cores	: 2
apicid		: 0
initial apicid	: 0
fpu		: yes
fpu_exception	: yes
cpuid level	: 20
wp		: yes
flags		: fpu vme de pse tsc msr pae mce cx8 apic sep mtrr pge mca cmov pat pse36 clflush dts acpi mmx fxsr sse sse2 ss ht tm pbe syscall nx pdpe1gb rdtscp lm constant_tsc arch_perfmon pebs bts rep_good nopl xtopology nonstop_tsc aperfmperf eagerfpu pni pclmulqdq dtes64 monitor ds_cpl vmx est tm2 ssse3 sdbg fma cx16 xtpr pdcm pcid sse4_1 sse4_2 x2apic movbe popcnt tsc_deadline_timer aes xsave avx f16c rdrand lahf_lm abm 3dnowprefetch epb intel_pt tpr_shadow vnmi flexpriority ept vpid fsgsbase tsc_adjust bmi1 avx2 smep bmi2 erms invpcid rdseed adx smap xsaveopt dtherm ida arat pln pts
bugs		:
bogomips	: 4788.55
clflush size	: 64
cache_alignment	: 64
address sizes	: 39 bits physical, 48 bits virtual
power management:

processor	: 1
vendor_id	: GenuineIntel
cpu family	: 6
model		: 61
model name	: Intel(R) Core(TM) i7-5500U CPU @ 2.40GHz
stepping	: 4
microcode	: 0x18
cpu MHz		: 2382.281
cache size	: 4096 KB
physical id	: 0
siblings	: 4
core id		: 1
cpu cores	: 2
apicid		: 2
initial apicid	: 2
fpu		: yes
fpu_exception	: yes
cpuid level	: 20
wp		: yes
flags		: fpu vme de pse tsc msr pae mce cx8 apic sep mtrr pge mca cmov pat pse36 clflush dts acpi mmx fxsr sse sse2 ss ht tm pbe syscall nx pdpe1gb rdtscp lm constant_tsc arch_perfmon pebs bts rep_good nopl xtopology nonstop_tsc aperfmperf eagerfpu pni pclmulqdq dtes64 monitor ds_cpl vmx est tm2 ssse3 sdbg fma cx16 xtpr pdcm pcid sse4_1 sse4_2 x2apic movbe popcnt tsc_deadline_timer aes xsave avx f16c rdrand lahf_lm abm 3dnowprefetch epb intel_pt tpr_shadow vnmi flexpriority ept vpid fsgsbase tsc_adjust bmi1 avx2 smep bmi2 erms invpcid rdseed adx smap xsaveopt dtherm ida arat pln pts
bugs		:
bogomips	: 4788.55
clflush size	: 64
cache_alignment	: 64
address sizes	: 39 bits physical, 48 bits virtual
power management:

processor	: 2
vendor_id	: GenuineIntel
cpu family	: 6
model		: 61
model name	: Intel(R) Core(TM) i7-5500U CPU @ 2.40GHz
stepping	: 4
microcode	: 0x18
cpu MHz		: 2265.562
cache size	: 4096 KB
physical id	: 0
siblings	: 4
core id		: 0
cpu cores	: 2
apicid		: 1
initial apicid	: 1
fpu		: yes
fpu_exception	: yes
cpuid level	: 20
wp		: yes
flags		: fpu vme de pse tsc msr pae mce cx8 apic sep mtrr pge mca cmov pat pse36 clflush dts acpi mmx fxsr sse sse2 ss ht tm pbe syscall nx pdpe1gb rdtscp lm constant_tsc arch_perfmon pebs bts rep_good nopl xtopology nonstop_tsc aperfmperf eagerfpu pni pclmulqdq dtes64 monitor ds_cpl vmx est tm2 ssse3 sdbg fma cx16 xtpr pdcm pcid sse4_1 sse4_2 x2apic movbe popcnt tsc_deadline_timer aes xsave avx f16c rdrand lahf_lm abm 3dnowprefetch epb intel_pt tpr_shadow vnmi flexpriority ept vpid fsgsbase tsc_adjust bmi1 avx2 smep bmi2 erms invpcid rdseed adx smap xsaveopt dtherm ida arat pln pts
bugs		:
bogomips	: 4788.55
clflush size	: 64
cache_alignment	: 64
address sizes	: 39 bits physical, 48 bits virtual
power management:

processor	: 3
vendor_id	: GenuineIntel
cpu family	: 6
model		: 61
model name	: Intel(R) Core(TM) i7-5500U CPU @ 2.40GHz
stepping	: 4
microcode	: 0x18
cpu MHz		: 2399.343
cache size	: 4096 KB
physical id	: 0
siblings	: 4
core id		: 1
cpu cores	: 2
apicid		: 3
initial apicid	: 3
fpu		: yes
fpu_exception	: yes
cpuid level	: 20
wp		: yes
flags		: fpu vme de pse tsc msr pae mce cx8 apic sep mtrr pge mca cmov pat pse36 clflush dts acpi mmx fxsr sse sse2 ss ht tm pbe syscall nx pdpe1gb rdtscp lm constant_tsc arch_perfmon pebs bts rep_good nopl xtopology nonstop_tsc aperfmperf eagerfpu pni pclmulqdq dtes64 monitor ds_cpl vmx est tm2 ssse3 sdbg fma cx16 xtpr pdcm pcid sse4_1 sse4_2 x2apic movbe popcnt tsc_deadline_timer aes xsave avx f16c rdrand lahf_lm abm 3dnowprefetch epb intel_pt tpr_shadow vnmi flexpriority ept vpid fsgsbase tsc_adjust bmi1 avx2 smep bmi2 erms invpcid rdseed adx smap xsaveopt dtherm ida arat pln pts
bugs		:
bogomips	: 4788.55
clflush size	: 64
cache_alignment	: 64
address sizes	: 39 bits physical, 48 bits virtual
power management:



Memory: 4k page, physical 8075520k(135476k free), swap 0k(0k free)

vm_info: OpenJDK 64-Bit Server VM (25.112-b06) for linux-amd64 JRE (1.8.0_112-release-b06), built on Dec  6 2016 12:11:18 by "builder" with gcc 4.8.4

time: Wed Aug 23 23:42:35 2017
elapsed time: 34 seconds (0d 0h 0m 34s)

