#
# There is insufficient memory for the Java Runtime Environment to continue.
# Native memory allocation (mmap) failed to map 169345024 bytes for committing reserved memory.
# Possible reasons:
#   The system is out of physical RAM or swap space
#   In 32 bit mode, the process size limit was hit
# Possible solutions:
#   Reduce memory load on the system
#   Increase physical memory or swap space
#   Check if swap backing store is full
#   Use 64 bit Java on a 64 bit OS
#   Decrease Java heap size (-Xmx/-Xms)
#   Decrease number of Java threads
#   Decrease Java thread stack sizes (-Xss)
#   Set larger code cache with -XX:ReservedCodeCacheSize=
# This output file may be truncated or incomplete.
#
#  Out of Memory Error (os_linux.cpp:2627), pid=9575, tid=0x00007f184cf63700
#
# JRE version: OpenJDK Runtime Environment (8.0_112-b06) (build 1.8.0_112-release-b06)
# Java VM: OpenJDK 64-Bit Server VM (25.112-b06 mixed mode linux-amd64 compressed oops)
# Failed to write core dump. Core dumps have been disabled. To enable core dumping, try "ulimit -c unlimited" before starting Java again
#

---------------  T H R E A D  ---------------

Current thread (0x00007f1860077800):  VMThread [stack: 0x00007f184ce63000,0x00007f184cf64000] [id=9584]

Stack: [0x00007f184ce63000,0x00007f184cf64000],  sp=0x00007f184cf624c0,  free space=1021k
Native frames: (J=compiled Java code, j=interpreted, Vv=VM code, C=native code)
V  [libjvm.so+0x9e465d]  VMError::report_and_die()+0x15d
V  [libjvm.so+0x4b6ada]  report_vm_out_of_memory(char const*, int, unsigned long, VMErrorType, char const*)+0x8a
V  [libjvm.so+0x84c860]  os::pd_commit_memory(char*, unsigned long, unsigned long, bool)+0xf0
V  [libjvm.so+0x84737f]  os::commit_memory(char*, unsigned long, unsigned long, bool)+0x1f
V  [libjvm.so+0x8bd3db]  PSVirtualSpace::expand_by(unsigned long)+0x5b
V  [libjvm.so+0x8be050]  PSYoungGen::resize_generation(unsigned long, unsigned long)+0xb0
V  [libjvm.so+0x8be36b]  PSYoungGen::resize(unsigned long, unsigned long)+0x1b
V  [libjvm.so+0x8baa5c]  PSScavenge::invoke_no_policy()+0xdac
V  [libjvm.so+0x8bb238]  PSScavenge::invoke()+0x38
V  [libjvm.so+0x86fcf3]  ParallelScavengeHeap::failed_mem_allocate(unsigned long)+0x63
V  [libjvm.so+0x9e6124]  VM_ParallelGCFailedAllocation::doit()+0x84
V  [libjvm.so+0x9ea537]  VM_Operation::evaluate()+0x47
V  [libjvm.so+0x9e8ff8]  VMThread::evaluate_operation(VM_Operation*)+0x2c8
V  [libjvm.so+0x9e9479]  VMThread::loop()+0x219
V  [libjvm.so+0x9e98c2]  VMThread::run()+0x72
V  [libjvm.so+0x849c82]  java_start(Thread*)+0xf2

VM_Operation (0x00007f1847ffdec0): ParallelGCFailedAllocation, mode: safepoint, requested by thread 0x00007f186017d800


---------------  P R O C E S S  ---------------

Java Threads: ( => current thread )
  0x00007f1860183800 JavaThread "pool-2-thread-4" [_thread_blocked, id=9597, stack(0x00007f1847afb000,0x00007f1847bfc000)]
  0x00007f1860182000 JavaThread "pool-2-thread-3" [_thread_blocked, id=9596, stack(0x00007f1847bfc000,0x00007f1847cfd000)]
  0x00007f1860180000 JavaThread "pool-2-thread-2" [_thread_blocked, id=9595, stack(0x00007f1847cfd000,0x00007f1847dfe000)]
  0x00007f186017e800 JavaThread "pool-3-thread-1" [_thread_blocked, id=9594, stack(0x00007f1847dfe000,0x00007f1847eff000)]
  0x00007f186017d800 JavaThread "pool-2-thread-1" [_thread_blocked, id=9593, stack(0x00007f1847eff000,0x00007f1848000000)]
  0x00007f18600bf800 JavaThread "Service Thread" daemon [_thread_blocked, id=9591, stack(0x00007f184c20f000,0x00007f184c310000)]
  0x00007f18600bc800 JavaThread "C1 CompilerThread2" daemon [_thread_blocked, id=9590, stack(0x00007f184c310000,0x00007f184c411000)]
  0x00007f18600ba800 JavaThread "C2 CompilerThread1" daemon [_thread_blocked, id=9589, stack(0x00007f184c411000,0x00007f184c512000)]
  0x00007f18600b7800 JavaThread "C2 CompilerThread0" daemon [_thread_blocked, id=9588, stack(0x00007f184c512000,0x00007f184c613000)]
  0x00007f18600b6800 JavaThread "Signal Dispatcher" daemon [_thread_blocked, id=9587, stack(0x00007f184c613000,0x00007f184c714000)]
  0x00007f1860083800 JavaThread "Finalizer" daemon [_thread_blocked, id=9586, stack(0x00007f184cc61000,0x00007f184cd62000)]
  0x00007f186007f000 JavaThread "Reference Handler" daemon [_thread_blocked, id=9585, stack(0x00007f184cd62000,0x00007f184ce63000)]
  0x00007f186000a000 JavaThread "main" [_thread_blocked, id=9579, stack(0x00007f1866478000,0x00007f1866579000)]

Other Threads:
=>0x00007f1860077800 VMThread [stack: 0x00007f184ce63000,0x00007f184cf64000] [id=9584]
  0x00007f18600c2000 WatcherThread [stack: 0x00007f184c10e000,0x00007f184c20f000] [id=9592]

VM state:at safepoint (normal execution)

VM Mutex/Monitor currently owned by a thread:  ([mutex/lock_event])
[0x00007f18600065c0] Threads_lock - owner thread: 0x00007f1860077800
[0x00007f1860006ac0] Heap_lock - owner thread: 0x00007f186017d800

Heap:
 PSYoungGen      total 680960K, used 88912K [0x000000076ab00000, 0x000000079e880000, 0x00000007c0000000)
  eden space 555008K, 0% used [0x000000076ab00000,0x000000076ab00000,0x000000078c900000)
  from space 125952K, 70% used [0x000000078c900000,0x0000000791fd4328,0x0000000794400000)
  to   space 91136K, 0% used [0x0000000794400000,0x0000000794400000,0x0000000799d00000)
 ParOldGen       total 293376K, used 245573K [0x00000006c0000000, 0x00000006d1e80000, 0x000000076ab00000)
  object space 293376K, 83% used [0x00000006c0000000,0x00000006cefd1688,0x00000006d1e80000)
 Metaspace       used 6390K, capacity 7280K, committed 7552K, reserved 1056768K
  class space    used 582K, capacity 616K, committed 640K, reserved 1048576K

Card table byte_map: [0x00007f184f9e3000,0x00007f18501e4000] byte_map_base: 0x00007f184c3e3000

Marking Bits: (ParMarkBitMap*) 0x00007f1865945340
 Begin Bits: [0x00007f1828000000, 0x00007f182c000000)
 End Bits:   [0x00007f182c000000, 0x00007f1830000000)

Polling page: 0x00007f1866598000

CodeCache: size=245760Kb used=11892Kb max_used=11892Kb free=233867Kb
 bounds [0x00007f18505a4000, 0x00007f1851154000, 0x00007f185f5a4000]
 total_blobs=2752 nmethods=2490 adapters=176
 compilation: enabled

Compilation events (10 events):
Event: 9.701 Thread 0x00007f18600bc800 2718       3       com.android.dx.ssa.back.SsaToRop::removePhiFunctions (83 bytes)
Event: 9.702 Thread 0x00007f18600bc800 nmethod 2718 0x00007f185110d1d0 code [0x00007f185110d4a0, 0x00007f185110e7e8]
Event: 9.742 Thread 0x00007f18600bc800 2720       3       com.android.dx.ssa.back.SsaToRop$PhiVisitor::visitPhiInsn (67 bytes)
Event: 9.743 Thread 0x00007f18600bc800 nmethod 2720 0x00007f1851144890 code [0x00007f1851144b00, 0x00007f1851145b08]
Event: 9.784 Thread 0x00007f18600bc800 2722       2       com.android.dx.ssa.SsaInsn::setResult (20 bytes)
Event: 9.784 Thread 0x00007f18600bc800 nmethod 2722 0x00007f185110cd50 code [0x00007f185110cec0, 0x00007f185110d0e8]
Event: 9.878 Thread 0x00007f18600bc800 2723       2       com.android.dx.cf.code.BytecodeArray$ConstantParserVisitor::clear (6 bytes)
Event: 9.878 Thread 0x00007f18600bc800 nmethod 2723 0x00007f1851146650 code [0x00007f18511467a0, 0x00007f18511468f0]
Event: 9.897 Thread 0x00007f18600bc800 2724 %     3       com.android.dx.ssa.NormalSsaInsn::changeOneSource @ 28 (120 bytes)
Event: 9.898 Thread 0x00007f18600bc800 nmethod 2724% 0x00007f1851146990 code [0x00007f1851146c40, 0x00007f18511485b8]

GC Heap History (10 events):
Event: 4.186 GC heap after
Heap after GC invocations=8 (full 0):
 PSYoungGen      total 529408K, used 50672K [0x000000076ab00000, 0x0000000791300000, 0x00000007c0000000)
  eden space 478720K, 0% used [0x000000076ab00000,0x000000076ab00000,0x0000000787e80000)
  from space 50688K, 99% used [0x000000078c080000,0x000000078f1fc050,0x000000078f200000)
  to   space 67584K, 0% used [0x0000000787e80000,0x0000000787e80000,0x000000078c080000)
 ParOldGen       total 84992K, used 71664K [0x00000006c0000000, 0x00000006c5300000, 0x000000076ab00000)
  object space 84992K, 84% used [0x00000006c0000000,0x00000006c45fc2d0,0x00000006c5300000)
 Metaspace       used 6339K, capacity 7280K, committed 7552K, reserved 1056768K
  class space    used 581K, capacity 616K, committed 640K, reserved 1048576K
}
Event: 4.186 GC heap before
{Heap before GC invocations=9 (full 1):
 PSYoungGen      total 529408K, used 50672K [0x000000076ab00000, 0x0000000791300000, 0x00000007c0000000)
  eden space 478720K, 0% used [0x000000076ab00000,0x000000076ab00000,0x0000000787e80000)
  from space 50688K, 99% used [0x000000078c080000,0x000000078f1fc050,0x000000078f200000)
  to   space 67584K, 0% used [0x0000000787e80000,0x0000000787e80000,0x000000078c080000)
 ParOldGen       total 84992K, used 71664K [0x00000006c0000000, 0x00000006c5300000, 0x000000076ab00000)
  object space 84992K, 84% used [0x00000006c0000000,0x00000006c45fc2d0,0x00000006c5300000)
 Metaspace       used 6339K, capacity 7280K, committed 7552K, reserved 1056768K
  class space    used 581K, capacity 616K, committed 640K, reserved 1048576K
Event: 4.873 GC heap after
Heap after GC invocations=9 (full 1):
 PSYoungGen      total 529408K, used 34141K [0x000000076ab00000, 0x0000000791300000, 0x00000007c0000000)
  eden space 478720K, 0% used [0x000000076ab00000,0x000000076ab00000,0x0000000787e80000)
  from space 50688K, 67% used [0x000000078c080000,0x000000078e1d7580,0x000000078f200000)
  to   space 67584K, 0% used [0x0000000787e80000,0x0000000787e80000,0x000000078c080000)
 ParOldGen       total 163328K, used 84527K [0x00000006c0000000, 0x00000006c9f80000, 0x000000076ab00000)
  object space 163328K, 51% used [0x00000006c0000000,0x00000006c528bec8,0x00000006c9f80000)
 Metaspace       used 6339K, capacity 7280K, committed 7552K, reserved 1056768K
  class space    used 581K, capacity 616K, committed 640K, reserved 1048576K
}
Event: 6.013 GC heap before
{Heap before GC invocations=10 (full 1):
 PSYoungGen      total 529408K, used 512861K [0x000000076ab00000, 0x0000000791300000, 0x00000007c0000000)
  eden space 478720K, 100% used [0x000000076ab00000,0x0000000787e80000,0x0000000787e80000)
  from space 50688K, 67% used [0x000000078c080000,0x000000078e1d7580,0x000000078f200000)
  to   space 67584K, 0% used [0x0000000787e80000,0x0000000787e80000,0x000000078c080000)
 ParOldGen       total 163328K, used 84527K [0x00000006c0000000, 0x00000006c9f80000, 0x000000076ab00000)
  object space 163328K, 51% used [0x00000006c0000000,0x00000006c528bec8,0x00000006c9f80000)
 Metaspace       used 6356K, capacity 7280K, committed 7552K, reserved 1056768K
  class space    used 581K, capacity 616K, committed 640K, reserved 1048576K
Event: 6.165 GC heap after
Heap after GC invocations=10 (full 1):
 PSYoungGen      total 546304K, used 67571K [0x000000076ab00000, 0x0000000799d00000, 0x00000007c0000000)
  eden space 478720K, 0% used [0x000000076ab00000,0x000000076ab00000,0x0000000787e80000)
  from space 67584K, 99% used [0x0000000787e80000,0x000000078c07ccc0,0x000000078c080000)
  to   space 91136K, 0% used [0x0000000794400000,0x0000000794400000,0x0000000799d00000)
 ParOldGen       total 163328K, used 111499K [0x00000006c0000000, 0x00000006c9f80000, 0x000000076ab00000)
  object space 163328K, 68% used [0x00000006c0000000,0x00000006c6ce2d38,0x00000006c9f80000)
 Metaspace       used 6356K, capacity 7280K, committed 7552K, reserved 1056768K
  class space    used 581K, capacity 616K, committed 640K, reserved 1048576K
}
Event: 7.547 GC heap before
{Heap before GC invocations=11 (full 1):
 PSYoungGen      total 546304K, used 546291K [0x000000076ab00000, 0x0000000799d00000, 0x00000007c0000000)
  eden space 478720K, 100% used [0x000000076ab00000,0x0000000787e80000,0x0000000787e80000)
  from space 67584K, 99% used [0x0000000787e80000,0x000000078c07ccc0,0x000000078c080000)
  to   space 91136K, 0% used [0x0000000794400000,0x0000000794400000,0x0000000799d00000)
 ParOldGen       total 163328K, used 111499K [0x00000006c0000000, 0x00000006c9f80000, 0x000000076ab00000)
  object space 163328K, 68% used [0x00000006c0000000,0x00000006c6ce2d38,0x00000006c9f80000)
 Metaspace       used 6372K, capacity 7280K, committed 7552K, reserved 1056768K
  class space    used 581K, capacity 616K, committed 640K, reserved 1048576K
Event: 7.755 GC heap after
Heap after GC invocations=11 (full 1):
 PSYoungGen      total 646144K, used 91113K [0x000000076ab00000, 0x000000079e880000, 0x00000007c0000000)
  eden space 555008K, 0% used [0x000000076ab00000,0x000000076ab00000,0x000000078c900000)
  from space 91136K, 99% used [0x0000000794400000,0x0000000799cfa578,0x0000000799d00000)
  to   space 125952K, 0% used [0x000000078c900000,0x000000078c900000,0x0000000794400000)
 ParOldGen       total 163328K, used 162603K [0x00000006c0000000, 0x00000006c9f80000, 0x000000076ab00000)
  object space 163328K, 99% used [0x00000006c0000000,0x00000006c9ecad38,0x00000006c9f80000)
 Metaspace       used 6372K, capacity 7280K, committed 7552K, reserved 1056768K
  class space    used 581K, capacity 616K, committed 640K, reserved 1048576K
}
Event: 7.755 GC heap before
{Heap before GC invocations=12 (full 2):
 PSYoungGen      total 646144K, used 91113K [0x000000076ab00000, 0x000000079e880000, 0x00000007c0000000)
  eden space 555008K, 0% used [0x000000076ab00000,0x000000076ab00000,0x000000078c900000)
  from space 91136K, 99% used [0x0000000794400000,0x0000000799cfa578,0x0000000799d00000)
  to   space 125952K, 0% used [0x000000078c900000,0x000000078c900000,0x0000000794400000)
 ParOldGen       total 163328K, used 162603K [0x00000006c0000000, 0x00000006c9f80000, 0x000000076ab00000)
  object space 163328K, 99% used [0x00000006c0000000,0x00000006c9ecad38,0x00000006c9f80000)
 Metaspace       used 6372K, capacity 7280K, committed 7552K, reserved 1056768K
  class space    used 581K, capacity 616K, committed 640K, reserved 1048576K
Event: 8.619 GC heap after
Heap after GC invocations=12 (full 2):
 PSYoungGen      total 646144K, used 82078K [0x000000076ab00000, 0x000000079e880000, 0x00000007c0000000)
  eden space 555008K, 0% used [0x000000076ab00000,0x000000076ab00000,0x000000078c900000)
  from space 91136K, 90% used [0x0000000794400000,0x00000007994279d8,0x0000000799d00000)
  to   space 125952K, 0% used [0x000000078c900000,0x000000078c900000,0x0000000794400000)
 ParOldGen       total 293376K, used 162873K [0x00000006c0000000, 0x00000006d1e80000, 0x000000076ab00000)
  object space 293376K, 55% used [0x00000006c0000000,0x00000006c9f0e468,0x00000006d1e80000)
 Metaspace       used 6372K, capacity 7280K, committed 7552K, reserved 1056768K
  class space    used 581K, capacity 616K, committed 640K, reserved 1048576K
}
Event: 9.960 GC heap before
{Heap before GC invocations=13 (full 2):
 PSYoungGen      total 646144K, used 637086K [0x000000076ab00000, 0x000000079e880000, 0x00000007c0000000)
  eden space 555008K, 100% used [0x000000076ab00000,0x000000078c900000,0x000000078c900000)
  from space 91136K, 90% used [0x0000000794400000,0x00000007994279d8,0x0000000799d00000)
  to   space 125952K, 0% used [0x000000078c900000,0x000000078c900000,0x0000000794400000)
 ParOldGen       total 293376K, used 162873K [0x00000006c0000000, 0x00000006d1e80000, 0x000000076ab00000)
  object space 293376K, 55% used [0x00000006c0000000,0x00000006c9f0e468,0x00000006d1e80000)
 Metaspace       used 6390K, capacity 7280K, committed 7552K, reserved 1056768K
  class space    used 582K, capacity 616K, committed 640K, reserved 1048576K

Deoptimization events (10 events):
Event: 7.188 Thread 0x00007f186000a000 Uncommon trap: reason=unstable_if action=reinterpret pc=0x00007f18509df168 method=com.android.dx.ssa.SsaMethod.getExitBlock()Lcom/android/dx/ssa/SsaBasicBlock; @ 4
