#
# There is insufficient memory for the Java Runtime Environment to continue.
# Native memory allocation (mmap) failed to map 208666624 bytes for committing reserved memory.
# Possible reasons:
#   The system is out of physical RAM or swap space
#   In 32 bit mode, the process size limit was hit
# Possible solutions:
#   Reduce memory load on the system
#   Increase physical memory or swap space
#   Check if swap backing store is full
#   Use 64 bit Java on a 64 bit OS
#   Decrease Java heap size (-Xmx/-Xms)
#   Decrease number of Java threads
#   Decrease Java thread stack sizes (-Xss)
#   Set larger code cache with -XX:ReservedCodeCacheSize=
# This output file may be truncated or incomplete.
#
#  Out of Memory Error (os_linux.cpp:2627), pid=23217, tid=0x00007f2036bf3700
#
# JRE version: OpenJDK Runtime Environment (8.0_112-b06) (build 1.8.0_112-release-b06)
# Java VM: OpenJDK 64-Bit Server VM (25.112-b06 mixed mode linux-amd64 compressed oops)
# Failed to write core dump. Core dumps have been disabled. To enable core dumping, try "ulimit -c unlimited" before starting Java again
#

---------------  T H R E A D  ---------------

Current thread (0x00007f2054077800):  VMThread [stack: 0x00007f2036af3000,0x00007f2036bf4000] [id=23227]

Stack: [0x00007f2036af3000,0x00007f2036bf4000],  sp=0x00007f2036bf24c0,  free space=1021k
Native frames: (J=compiled Java code, j=interpreted, Vv=VM code, C=native code)
V  [libjvm.so+0x9e465d]  VMError::report_and_die()+0x15d
V  [libjvm.so+0x4b6ada]  report_vm_out_of_memory(char const*, int, unsigned long, VMErrorType, char const*)+0x8a
V  [libjvm.so+0x84c860]  os::pd_commit_memory(char*, unsigned long, unsigned long, bool)+0xf0
V  [libjvm.so+0x84737f]  os::commit_memory(char*, unsigned long, unsigned long, bool)+0x1f
V  [libjvm.so+0x8bd3db]  PSVirtualSpace::expand_by(unsigned long)+0x5b
V  [libjvm.so+0x8be050]  PSYoungGen::resize_generation(unsigned long, unsigned long)+0xb0
V  [libjvm.so+0x8be36b]  PSYoungGen::resize(unsigned long, unsigned long)+0x1b
V  [libjvm.so+0x8baa5c]  PSScavenge::invoke_no_policy()+0xdac
V  [libjvm.so+0x8bb238]  PSScavenge::invoke()+0x38
V  [libjvm.so+0x86fcf3]  ParallelScavengeHeap::failed_mem_allocate(unsigned long)+0x63
V  [libjvm.so+0x9e6124]  VM_ParallelGCFailedAllocation::doit()+0x84
V  [libjvm.so+0x9ea537]  VM_Operation::evaluate()+0x47
V  [libjvm.so+0x9e8ff8]  VMThread::evaluate_operation(VM_Operation*)+0x2c8
V  [libjvm.so+0x9e9479]  VMThread::loop()+0x219
V  [libjvm.so+0x9e98c2]  VMThread::run()+0x72
V  [libjvm.so+0x849c82]  java_start(Thread*)+0xf2

VM_Operation (0x00007f2035ccc210): ParallelGCFailedAllocation, mode: safepoint, requested by thread 0x00007f2054175000


---------------  P R O C E S S  ---------------

Java Threads: ( => current thread )
  0x00007f205417b000 JavaThread "pool-2-thread-4" [_thread_blocked, id=23240, stack(0x00007f20357c9000,0x00007f20358ca000)]
  0x00007f2054179800 JavaThread "pool-2-thread-3" [_thread_blocked, id=23239, stack(0x00007f20358ca000,0x00007f20359cb000)]
  0x00007f2054177800 JavaThread "pool-2-thread-2" [_thread_blocked, id=23238, stack(0x00007f20359cb000,0x00007f2035acc000)]
  0x00007f2054176000 JavaThread "pool-3-thread-1" [_thread_blocked, id=23237, stack(0x00007f2035acc000,0x00007f2035bcd000)]
  0x00007f2054175000 JavaThread "pool-2-thread-1" [_thread_blocked, id=23236, stack(0x00007f2035bcd000,0x00007f2035cce000)]
  0x00007f20540bf800 JavaThread "Service Thread" daemon [_thread_blocked, id=23234, stack(0x00007f2035e9f000,0x00007f2035fa0000)]
  0x00007f20540bc800 JavaThread "C1 CompilerThread2" daemon [_thread_blocked, id=23233, stack(0x00007f2035fa0000,0x00007f20360a1000)]
  0x00007f20540ba800 JavaThread "C2 CompilerThread1" daemon [_thread_blocked, id=23232, stack(0x00007f20360a1000,0x00007f20361a2000)]
  0x00007f20540b7800 JavaThread "C2 CompilerThread0" daemon [_thread_blocked, id=23231, stack(0x00007f20361a2000,0x00007f20362a3000)]
  0x00007f20540b6800 JavaThread "Signal Dispatcher" daemon [_thread_blocked, id=23230, stack(0x00007f20362a3000,0x00007f20363a4000)]
  0x00007f2054083800 JavaThread "Finalizer" daemon [_thread_blocked, id=23229, stack(0x00007f20368f1000,0x00007f20369f2000)]
  0x00007f205407f000 JavaThread "Reference Handler" daemon [_thread_blocked, id=23228, stack(0x00007f20369f2000,0x00007f2036af3000)]
  0x00007f205400a000 JavaThread "main" [_thread_blocked, id=23220, stack(0x00007f205c174000,0x00007f205c275000)]

Other Threads:
=>0x00007f2054077800 VMThread [stack: 0x00007f2036af3000,0x00007f2036bf4000] [id=23227]
  0x00007f20540c2000 WatcherThread [stack: 0x00007f2035d9e000,0x00007f2035e9f000] [id=23235]

VM state:at safepoint (normal execution)

VM Mutex/Monitor currently owned by a thread:  ([mutex/lock_event])
[0x00007f20540065c0] Threads_lock - owner thread: 0x00007f2054077800
[0x00007f2054006ac0] Heap_lock - owner thread: 0x00007f2054175000

Heap:
 PSYoungGen      total 837120K, used 152560K [0x000000076ab00000, 0x00000007a7180000, 0x00000007c0000000)
  eden space 684544K, 0% used [0x000000076ab00000,0x000000076ab00000,0x0000000794780000)
  from space 152576K, 99% used [0x0000000794780000,0x000000079dc7c2a8,0x000000079dc80000)
  to   space 127488K, 0% used [0x000000079f500000,0x000000079f500000,0x00000007a7180000)
 ParOldGen       total 459776K, used 351783K [0x00000006c0000000, 0x00000006dc100000, 0x000000076ab00000)
  object space 459776K, 76% used [0x00000006c0000000,0x00000006d5789d18,0x00000006dc100000)
 Metaspace       used 6402K, capacity 7280K, committed 7552K, reserved 1056768K
  class space    used 584K, capacity 616K, committed 640K, reserved 1048576K

Card table byte_map: [0x00007f2058804000,0x00007f2059005000] byte_map_base: 0x00007f2055204000

Marking Bits: (ParMarkBitMap*) 0x00007f205b641340
 Begin Bits: [0x00007f2028000000, 0x00007f202c000000)
 End Bits:   [0x00007f202c000000, 0x00007f2030000000)

Polling page: 0x00007f205c294000

CodeCache: size=245760Kb used=10191Kb max_used=14167Kb free=235568Kb
 bounds [0x00007f2045000000, 0x00007f2045e00000, 0x00007f2054000000]
 total_blobs=2424 nmethods=2162 adapters=176
 compilation: enabled

Compilation events (10 events):
Event: 301.463 Thread 0x00007f20540b7800 3024   !   4       com.android.dx.cf.cst.ConstantPoolParser::determineOffsets (285 bytes)
Event: 301.468 Thread 0x00007f20540b7800 nmethod 3024 0x00007f20452508d0 code [0x00007f2045250b20, 0x00007f2045250ed8]
Event: 301.468 Thread 0x00007f20540b7800 3067       4       com.android.dx.ssa.BasicRegisterMapper::oldToNew (22 bytes)
Event: 301.469 Thread 0x00007f20540b7800 nmethod 3067 0x00007f204563d290 code [0x00007f204563d3e0, 0x00007f204563d498]
Event: 302.146 Thread 0x00007f20540ba800 nmethod 3018 0x00007f2045a570d0 code [0x00007f2045a57d60, 0x00007f2045a63550]
Event: 307.260 Thread 0x00007f20540bc800 3071  s    3       com.android.dx.dex.file.MethodIdsSection::intern (55 bytes)
Event: 320.227 Thread 0x00007f20540bc800 nmethod 3071 0x00007f204528b850 code [0x00007f204528ba80, 0x00007f204528c7a8]
Event: 321.356 Thread 0x00007f20540b7800 3075       4       com.android.dx.ssa.SsaMethod$2::visitPhiInsn (6 bytes)
Event: 321.356 Thread 0x00007f20540ba800 3074       4       com.android.dx.util.ByteArray::getShort (25 bytes)
Event: 321.934 Thread 0x00007f20540bc800 3089       3       com.android.dx.cf.code.Merger::mergeType (142 bytes)

GC Heap History (10 events):
Event: 10.579 GC heap after
Heap after GC invocations=11 (full 1):
 PSYoungGen      total 671744K, used 89578K [0x000000076ab00000, 0x000000079fe00000, 0x00000007c0000000)
  eden space 582144K, 0% used [0x000000076ab00000,0x000000076ab00000,0x000000078e380000)
  from space 89600K, 99% used [0x0000000795c00000,0x000000079b37a9d0,0x000000079b380000)
  to   space 123392K, 0% used [0x000000078e380000,0x000000078e380000,0x0000000795c00000)
 ParOldGen       total 161280K, used 158496K [0x00000006c0000000, 0x00000006c9d80000, 0x000000076ab00000)
  object space 161280K, 98% used [0x00000006c0000000,0x00000006c9ac8270,0x00000006c9d80000)
 Metaspace       used 6373K, capacity 7280K, committed 7552K, reserved 1056768K
  class space    used 583K, capacity 616K, committed 640K, reserved 1048576K
}
Event: 10.580 GC heap before
{Heap before GC invocations=12 (full 2):
 PSYoungGen      total 671744K, used 89578K [0x000000076ab00000, 0x000000079fe00000, 0x00000007c0000000)
  eden space 582144K, 0% used [0x000000076ab00000,0x000000076ab00000,0x000000078e380000)
  from space 89600K, 99% used [0x0000000795c00000,0x000000079b37a9d0,0x000000079b380000)
  to   space 123392K, 0% used [0x000000078e380000,0x000000078e380000,0x0000000795c00000)
 ParOldGen       total 161280K, used 158496K [0x00000006c0000000, 0x00000006c9d80000, 0x000000076ab00000)
  object space 161280K, 98% used [0x00000006c0000000,0x00000006c9ac8270,0x00000006c9d80000)
 Metaspace       used 6373K, capacity 7280K, committed 7552K, reserved 1056768K
  class space    used 583K, capacity 616K, committed 640K, reserved 1048576K
Event: 11.508 GC heap after
Heap after GC invocations=12 (full 2):
 PSYoungGen      total 671744K, used 79100K [0x000000076ab00000, 0x000000079fe00000, 0x00000007c0000000)
  eden space 582144K, 0% used [0x000000076ab00000,0x000000076ab00000,0x000000078e380000)
  from space 89600K, 88% used [0x0000000795c00000,0x000000079a93f298,0x000000079b380000)
  to   space 123392K, 0% used [0x000000078e380000,0x000000078e380000,0x0000000795c00000)
 ParOldGen       total 283648K, used 161023K [0x00000006c0000000, 0x00000006d1500000, 0x000000076ab00000)
  object space 283648K, 56% used [0x00000006c0000000,0x00000006c9d3ffd0,0x00000006d1500000)
 Metaspace       used 6373K, capacity 7280K, committed 7552K, reserved 1056768K
  class space    used 583K, capacity 616K, committed 640K, reserved 1048576K
}
Event: 13.030 GC heap before
{Heap before GC invocations=13 (full 2):
 PSYoungGen      total 671744K, used 661244K [0x000000076ab00000, 0x000000079fe00000, 0x00000007c0000000)
  eden space 582144K, 100% used [0x000000076ab00000,0x000000078e380000,0x000000078e380000)
  from space 89600K, 88% used [0x0000000795c00000,0x000000079a93f298,0x000000079b380000)
  to   space 123392K, 0% used [0x000000078e380000,0x000000078e380000,0x0000000795c00000)
 ParOldGen       total 283648K, used 161023K [0x00000006c0000000, 0x00000006d1500000, 0x000000076ab00000)
  object space 283648K, 56% used [0x00000006c0000000,0x00000006c9d3ffd0,0x00000006d1500000)
 Metaspace       used 6395K, capacity 7280K, committed 7552K, reserved 1056768K
  class space    used 584K, capacity 616K, committed 640K, reserved 1048576K
Event: 13.448 GC heap after
Heap after GC invocations=13 (full 2):
 PSYoungGen      total 705536K, used 91220K [0x000000076ab00000, 0x00000007a7700000, 0x00000007c0000000)
  eden space 582144K, 0% used [0x000000076ab00000,0x000000076ab00000,0x000000078e380000)
  from space 123392K, 73% used [0x000000078e380000,0x0000000793c95218,0x0000000795c00000)
  to   space 133120K, 0% used [0x000000079f500000,0x000000079f500000,0x00000007a7700000)
 ParOldGen       total 283648K, used 239806K [0x00000006c0000000, 0x00000006d1500000, 0x000000076ab00000)
  object space 283648K, 84% used [0x00000006c0000000,0x00000006cea2fb50,0x00000006d1500000)
 Metaspace       used 6395K, capacity 7280K, committed 7552K, reserved 1056768K
  class space    used 584K, capacity 616K, committed 640K, reserved 1048576K
}
Event: 13.448 GC heap before
{Heap before GC invocations=14 (full 3):
 PSYoungGen      total 705536K, used 91220K [0x000000076ab00000, 0x00000007a7700000, 0x00000007c0000000)
  eden space 582144K, 0% used [0x000000076ab00000,0x000000076ab00000,0x000000078e380000)
  from space 123392K, 73% used [0x000000078e380000,0x0000000793c95218,0x0000000795c00000)
  to   space 133120K, 0% used [0x000000079f500000,0x000000079f500000,0x00000007a7700000)
 ParOldGen       total 283648K, used 239806K [0x00000006c0000000, 0x00000006d1500000, 0x000000076ab00000)
  object space 283648K, 84% used [0x00000006c0000000,0x00000006cea2fb50,0x00000006d1500000)
 Metaspace       used 6395K, capacity 7280K, committed 7552K, reserved 1056768K
  class space    used 584K, capacity 616K, committed 640K, reserved 1048576K
Event: 14.930 GC heap after
Heap after GC invocations=14 (full 3):
 PSYoungGen      total 705536K, used 42698K [0x000000076ab00000, 0x00000007a7700000, 0x00000007c0000000)
  eden space 582144K, 0% used [0x000000076ab00000,0x000000076ab00000,0x000000078e380000)
  from space 123392K, 34% used [0x000000078e380000,0x0000000790d32990,0x0000000795c00000)
  to   space 133120K, 0% used [0x000000079f500000,0x000000079f500000,0x00000007a7700000)
 ParOldGen       total 459776K, used 283480K [0x00000006c0000000, 0x00000006dc100000, 0x000000076ab00000)
  object space 459776K, 61% used [0x00000006c0000000,0x00000006d14d6048,0x00000006dc100000)
 Metaspace       used 6395K, capacity 7280K, committed 7552K, reserved 1056768K
  class space    used 584K, capacity 616K, committed 640K, reserved 1048576K
}
Event: 17.039 GC heap before
{Heap before GC invocations=15 (full 3):
 PSYoungGen      total 705536K, used 624842K [0x000000076ab00000, 0x00000007a7700000, 0x00000007c0000000)
  eden space 582144K, 100% used [0x000000076ab00000,0x000000078e380000,0x000000078e380000)
  from space 123392K, 34% used [0x000000078e380000,0x0000000790d32990,0x0000000795c00000)
  to   space 133120K, 0% used [0x000000079f500000,0x000000079f500000,0x00000007a7700000)
 ParOldGen       total 459776K, used 283480K [0x00000006c0000000, 0x00000006dc100000, 0x000000076ab00000)
  object space 459776K, 61% used [0x00000006c0000000,0x00000006d14d6048,0x00000006dc100000)
 Metaspace       used 6399K, capacity 7280K, committed 7552K, reserved 1056768K
  class space    used 584K, capacity 616K, committed 640K, reserved 1048576K
Event: 24.577 GC heap after
Heap after GC invocations=15 (full 3):
 PSYoungGen      total 812032K, used 122334K [0x000000076ab00000, 0x00000007a7180000, 0x00000007c0000000)
  eden space 684544K, 0% used [0x000000076ab00000,0x000000076ab00000,0x0000000794780000)
  from space 127488K, 95% used [0x000000079f500000,0x00000007a6c77a88,0x00000007a7180000)
  to   space 152576K, 0% used [0x0000000794780000,0x0000000794780000,0x000000079dc80000)
 ParOldGen       total 459776K, used 283488K [0x00000006c0000000, 0x00000006dc100000, 0x000000076ab00000)
  object space 459776K, 61% used [0x00000006c0000000,0x00000006d14d8048,0x00000006dc100000)
 Metaspace       used 6399K, capacity 7280K, committed 7552K, reserved 1056768K
  class space    used 584K, capacity 616K, committed 640K, reserved 1048576K
}
Event: 324.608 GC heap before
{Heap before GC invocations=16 (full 3):
 PSYoungGen      total 812032K, used 806878K [0x000000076ab00000, 0x00000007a7180000, 0x00000007c0000000)
  eden space 684544K, 100% used [0x000000076ab00000,0x0000000794780000,0x0000000794780000)
  from space 127488K, 95% used [0x000000079f500000,0x00000007a6c77a88,0x00000007a7180000)
  to   space 152576K, 0% used [0x0000000794780000,0x0000000794780000,0x000000079dc80000)
 ParOldGen       total 459776K, used 283488K [0x00000006c0000000, 0x00000006dc100000, 0x000000076ab00000)
  object space 459776K, 61% used [0x00000006c0000000,0x00000006d14d8048,0x00000006dc100000)
 Metaspace       used 6402K, capacity 7280K, committed 7552K, reserved 1056768K
  class space    used 584K, capacity 616K, committed 640K, reserved 1048576K

Deoptimization events (10 events):
Event: 120.695 Thread 0x00007f2054175000 Uncommon trap: reason=unstable_if action=reinterpret pc=0x00007f2045d32440 method=com.android.dx.dex.code.RopToDop.dopFor(Lcom/android/dx/rop/code/Insn;)Lcom/android/dx/dex/code/Dop; @ 747
Event: 121.036 Thread 0x00007f205400a000 Uncommon trap: reason=unstable_if action=reinterpret pc=0x00007f2045b8ff78 method=com.android.dx.ssa.back.IdenticalBlockCombiner.replaceSucc(Lcom/android/dx/rop/code/BasicBlock;II)V @ 30
Event: 121.036 Thread 0x00007f2054179800 Uncommon trap: reason=unstable_if action=reinterpret pc=0x00007f2045d0a808 method=com.android.dx.rop.code.DexTranslationAdvice.hasConstantOperation(Lcom/android/dx/rop/code/Rop;Lcom/android/dx/rop/code/RegisterSpec;Lcom/android/dx/rop/code/RegisterSpec;)Z
Event: 121.059 Thread 0x00007f205417b000 Uncommon trap: reason=bimorphic action=maybe_recompile pc=0x00007f2045c2c228 method=com.android.dx.ssa.LiteralOpUpgrader.tryReplacingWithConstant(Lcom/android/dx/ssa/NormalSsaInsn;)Z @ 62
Event: 121.062 Thread 0x00007f205417b000 Uncommon trap: reason=unstable_if action=reinterpret pc=0x00007f2045ce6740 method=com.android.dx.ssa.SsaMethod.updateOneDefinition(Lcom/android/dx/ssa/SsaInsn;Lcom/android/dx/rop/code/RegisterSpec;)V @ 30
Event: 186.247 Thread 0x00007f2054175000 Uncommon trap: reason=unstable_if action=reinterpret pc=0x00007f20451c8a3c method=com.android.dx.ssa.MoveParamCombiner$1.visitNonMoveInsn(Lcom/android/dx/ssa/NormalSsaInsn;)V @ 71
Event: 235.458 Thread 0x00007f205417b000 Uncommon trap: reason=class_check action=maybe_recompile pc=0x00007f2045a90360 method=com.android.dx.ssa.SCCP.simulateBranch(Lcom/android/dx/ssa/SsaInsn;)V @ 339
Event: 238.374 Thread 0x00007f205417b000 Uncommon trap: reason=class_check action=maybe_recompile pc=0x00007f2045a90360 method=com.android.dx.ssa.SCCP.simulateBranch(Lcom/android/dx/ssa/SsaInsn;)V @ 339
Event: 299.945 Thread 0x00007f2054175000 Uncommon trap: reason=unstable_if action=reinterpret pc=0x00007f204569f8d8 method=com.android.dx.cf.code.Merger.mergeType(Lcom/android/dx/rop/type/TypeBearer;Lcom/android/dx/rop/type/TypeBearer;)Lcom/android/dx/rop/type/TypeBearer; @ 77
Event: 301.125 Thread 0x00007f2054175000 Uncommon trap: reason=unstable_if action=reinterpret pc=0x00007f2045234250 method=com.android.dx.cf.code.Merger.mergeType(Lcom/android/dx/rop/type/TypeBearer;Lcom/android/dx/rop/type/TypeBearer;)Lcom/android/dx/rop/type/TypeBearer; @ 77

Internal exceptions (8 events):
Event: 0.015 Thread 0x00007f205400a000 Exception <a 'java/lang/NoSuchMethodError': Method sun.misc.Unsafe.defineClass(Ljava/lang/String;[BII)Ljava/lang/Class; name or signature does not match> (0x000000076ab07c78) thrown at [/ssd/Android/AOSP-openjdk/external/jetbrains/jdk/hotspot/src/share/vm
Event: 0.015 Thread 0x00007f205400a000 Exception <a 'java/lang/NoSuchMethodError': Method sun.misc.Unsafe.prefetchRead(Ljava/lang/Object;J)V name or signature does not match> (0x000000076ab07f60) thrown at [/ssd/Android/AOSP-openjdk/external/jetbrains/jdk/hotspot/src/share/vm/prims/jni.cpp, li
Event: 2.154 Thread 0x00007f2054179800 Implicit null exception at 0x00007f204533e937 to 0x00007f20453412e9
Event: 2.860 Thread 0x00007f205400a000 Implicit null exception at 0x00007f2045438163 to 0x00007f204543d9f9
Event: 3.428 Thread 0x00007f2054177800 Exception <a 'java/lang/ArrayIndexOutOfBoundsException': 18> (0x000000076f157178) thrown at [/ssd/Android/AOSP-openjdk/external/jetbrains/jdk/hotspot/src/share/vm/interpreter/interpreterRuntime.cpp, line 366]
Event: 3.429 Thread 0x00007f2054177800 Exception <a 'java/lang/ArrayIndexOutOfBoundsException': 145> (0x000000076f158cf8) thrown at [/ssd/Android/AOSP-openjdk/external/jetbrains/jdk/hotspot/src/share/vm/interpreter/interpreterRuntime.cpp, line 366]
Event: 3.429 Thread 0x00007f2054177800 Exception <a 'java/lang/ArrayIndexOutOfBoundsException': 40> (0x000000076f159fe0) thrown at [/ssd/Android/AOSP-openjdk/external/jetbrains/jdk/hotspot/src/share/vm/interpreter/interpreterRuntime.cpp, line 366]
Event: 15.968 Thread 0x00007f2054179800 Implicit null exception at 0x00007f2045bf2757 to 0x00007f2045bf467d

Events (10 events):
Event: 301.228 Thread 0x00007f205400a000 DEOPT UNPACKING pc=0x00007f2045047373 sp=0x00007f205c272a10 mode 0
Event: 301.228 Thread 0x00007f205400a000 DEOPT PACKING pc=0x00007f20457bbc7b sp=0x00007f205c272d30
Event: 301.228 Thread 0x00007f205400a000 DEOPT UNPACKING pc=0x00007f2045047373 sp=0x00007f205c272b60 mode 0
Event: 301.307 Thread 0x00007f2054177800 DEOPT PACKING pc=0x00007f2045d708f8 sp=0x00007f2035aca110
Event: 301.308 Thread 0x00007f2054177800 DEOPT UNPACKING pc=0x00007f2045047373 sp=0x00007f2035ac9e90 mode 0
Event: 301.351 Thread 0x00007f2054177800 DEOPT PACKING pc=0x00007f20457cc444 sp=0x00007f2035aca640
Event: 301.351 Thread 0x00007f2054177800 DEOPT UNPACKING pc=0x00007f2045047373 sp=0x00007f2035aca440 mode 0
Event: 323.238 Thread 0x00007f2054179800 DEOPT PACKING pc=0x00007f2045888537 sp=0x00007f20359c9210
Event: 323.271 Thread 0x00007f2054179800 DEOPT UNPACKING pc=0x00007f2045047373 sp=0x00007f20359c9060 mode 0
Event: 324.334 Executing VM operation: ParallelGCFailedAllocation


Dynamic libraries:
00400000-00401000 r-xp 00000000 08:05 929732                             /opt/android-studio/jre/bin/java
00600000-00601000 r--p 00000000 08:05 929732                             /opt/android-studio/jre/bin/java
00601000-00602000 rw-p 00001000 08:05 929732                             /opt/android-studio/jre/bin/java
018ce000-018ef000 rw-p 00000000 00:00 0                                  [heap]
6c0000000-6dc100000 rw-p 00000000 00:00 0 
6dc100000-76ab00000 ---p 00000000 00:00 0 
76ab00000-7a7180000 rw-p 00000000 00:00 0 
7b3880000-7c0000000 ---p 00000000 00:00 0 
7c0000000-7c00a0000 rw-p 00000000 00:00 0 
7c00a0000-800000000 ---p 00000000 00:00 0 
7f1fec000000-7f1fec03f000 rw-p 00000000 00:00 0 
7f1fec03f000-7f1ff0000000 ---p 00000000 00:00 0 
7f1ff4000000-7f1ff4027000 rw-p 00000000 00:00 0 
7f1ff4027000-7f1ff8000000 ---p 00000000 00:00 0 
7f1ff8000000-7f1ff804c000 rw-p 00000000 00:00 0 
7f1ff804c000-7f1ffc000000 ---p 00000000 00:00 0 
7f1ffc000000-7f1ffc036000 rw-p 00000000 00:00 0 
7f1ffc036000-7f2000000000 ---p 00000000 00:00 0 
7f2000000000-7f2000021000 rw-p 00000000 00:00 0 
7f2000021000-7f2004000000 ---p 00000000 00:00 0 
7f2004000000-7f2004021000 rw-p 00000000 00:00 0 
7f2004021000-7f2008000000 ---p 00000000 00:00 0 
7f2008000000-7f2008021000 rw-p 00000000 00:00 0 
7f2008021000-7f200c000000 ---p 00000000 00:00 0 
7f200c000000-7f200d987000 rw-p 00000000 00:00 0 
7f200d987000-7f2010000000 ---p 00000000 00:00 0 
7f2010000000-7f2010a96000 rw-p 00000000 00:00 0 
7f2010a96000-7f2014000000 ---p 00000000 00:00 0 
7f2014000000-7f2014021000 rw-p 00000000 00:00 0 
7f2014021000-7f2018000000 ---p 00000000 00:00 0 
7f2018000000-7f2019a53000 rw-p 00000000 00:00 0 
7f2019a53000-7f201c000000 ---p 00000000 00:00 0 
7f201c000000-7f201c021000 rw-p 00000000 00:00 0 
7f201c021000-7f2020000000 ---p 00000000 00:00 0 
7f2020000000-7f2020021000 rw-p 00000000 00:00 0 
7f2020021000-7f2024000000 ---p 00000000 00:00 0 
7f2024000000-7f202428a000 rw-p 00000000 00:00 0 
7f202428a000-7f2028000000 ---p 00000000 00:00 0 
7f2028000000-7f2030000000 rw-p 00000000 00:00 0 
7f2030000000-7f2030021000 rw-p 00000000 00:00 0 
7f2030021000-7f2034000000 ---p 00000000 00:00 0 
7f20357c9000-7f20357cc000 ---p 00000000 00:00 0 
7f20357cc000-7f20358ca000 rw-p 00000000 00:00 0 
7f20358ca000-7f20358cd000 ---p 00000000 00:00 0 
7f20358cd000-7f20359cb000 rw-p 00000000 00:00 0 
7f20359cb000-7f20359ce000 ---p 00000000 00:00 0 
7f20359ce000-7f2035acc000 rw-p 00000000 00:00 0 
7f2035acc000-7f2035acf000 ---p 00000000 00:00 0 
7f2035acf000-7f2035bcd000 rw-p 00000000 00:00 0 
7f2035bcd000-7f2035bd0000 ---p 00000000 00:00 0 
7f2035bd0000-7f2035cce000 rw-p 00000000 00:00 0 
7f2035cce000-7f2035d9e000 r--s 0097b000 08:06 266395                     /home/lester/CONVERSA/ConversaBusiness-Android/app/build/intermediates/transforms/jarMerging/debug/jars/1/1f/combined.jar
7f2035d9e000-7f2035d9f000 ---p 00000000 00:00 0 
7f2035d9f000-7f2035e9f000 rw-p 00000000 00:00 0 
7f2035e9f000-7f2035ea2000 ---p 00000000 00:00 0 
7f2035ea2000-7f2035fa0000 rw-p 00000000 00:00 0 
7f2035fa0000-7f2035fa3000 ---p 00000000 00:00 0 
7f2035fa3000-7f20360a1000 rw-p 00000000 00:00 0 
7f20360a1000-7f20360a4000 ---p 00000000 00:00 0 
7f20360a4000-7f20361a2000 rw-p 00000000 00:00 0 
7f20361a2000-7f20361a5000 ---p 00000000 00:00 0 
7f20361a5000-7f20362a3000 rw-p 00000000 00:00 0 
7f20362a3000-7f20362a6000 ---p 00000000 00:00 0 
7f20362a6000-7f20363a4000 rw-p 00000000 00:00 0 
7f20363a4000-7f20368f1000 r--p 00000000 08:05 1051794                    /usr/lib/locale/locale-archive
7f20368f1000-7f20368f4000 ---p 00000000 00:00 0 
7f20368f4000-7f20369f2000 rw-p 00000000 00:00 0 
7f20369f2000-7f20369f5000 ---p 00000000 00:00 0 
7f20369f5000-7f2036af3000 rw-p 00000000 00:00 0 
7f2036af3000-7f2036af4000 ---p 00000000 00:00 0 
7f2036af4000-7f2037ec0000 rw-p 00000000 00:00 0 
7f2037ec0000-7f2038000000 ---p 00000000 00:00 0 
7f2038000000-7f2038021000 rw-p 00000000 00:00 0 
7f2038021000-7f203c000000 ---p 00000000 00:00 0 
7f203c000000-7f203c021000 rw-p 00000000 00:00 0 
7f203c021000-7f2040000000 ---p 00000000 00:00 0 
7f2040000000-7f2040021000 rw-p 00000000 00:00 0 
7f2040021000-7f2044000000 ---p 00000000 00:00 0 
7f2044035000-7f204405a000 r--p 00000000 08:05 144167                     /usr/share/locale-langpack/es/LC_MESSAGES/libc.mo
7f204405a000-7f204442f000 rw-p 00000000 00:00 0 
7f204442f000-7f20445fe000 r--s 03c1b000 08:05 929783                     /opt/android-studio/jre/jre/lib/rt.jar
7f20445fe000-7f2044dfe000 rw-p 00000000 00:00 0 
7f2044dfe000-7f2044dff000 ---p 00000000 00:00 0 
7f2044dff000-7f2044eff000 rw-p 00000000 00:00 0 
7f2044eff000-7f2044f00000 ---p 00000000 00:00 0 
7f2044f00000-7f2045000000 rw-p 00000000 00:00 0 
7f2045000000-7f2045e00000 rwxp 00000000 00:00 0 
7f2045e00000-7f2054000000 ---p 00000000 00:00 0 
7f2054000000-7f20543a5000 rw-p 00000000 00:00 0 
7f20543a5000-7f2058000000 ---p 00000000 00:00 0 
7f2058015000-7f20580ac000 rw-p 00000000 00:00 0 
7f20580ac000-7f20580ad000 ---p 00000000 00:00 0 
7f20580ad000-7f20581ad000 rw-p 00000000 00:00 0 
7f20581ad000-7f20581ae000 ---p 00000000 00:00 0 
7f20581ae000-7f205838f000 rw-p 00000000 00:00 0 
7f205838f000-7f2058804000 ---p 00000000 00:00 0 
7f2058804000-7f20588e5000 rw-p 00000000 00:00 0 
7f20588e5000-7f2058d59000 ---p 00000000 00:00 0 
7f2058d59000-7f2058f3d000 rw-p 00000000 00:00 0 
7f2058f3d000-7f2059004000 ---p 00000000 00:00 0 
7f2059004000-7f205903d000 rw-p 00000000 00:00 0 
7f205903d000-7f20593c5000 ---p 00000000 00:00 0 
7f20593c5000-7f20593df000 r-xp 00000000 08:05 929798                     /opt/android-studio/jre/jre/lib/amd64/libzip.so
7f20593df000-7f20595df000 ---p 0001a000 08:05 929798                     /opt/android-studio/jre/jre/lib/amd64/libzip.so
7f20595df000-7f20595e0000 r--p 0001a000 08:05 929798                     /opt/android-studio/jre/jre/lib/amd64/libzip.so
7f20595e0000-7f20595e1000 rw-p 0001b000 08:05 929798                     /opt/android-studio/jre/jre/lib/amd64/libzip.so
7f20595e1000-7f20595ec000 r-xp 00000000 08:05 657657                     /lib/x86_64-linux-gnu/libnss_files-2.23.so
7f20595ec000-7f20597eb000 ---p 0000b000 08:05 657657                     /lib/x86_64-linux-gnu/libnss_files-2.23.so
7f20597eb000-7f20597ec000 r--p 0000a000 08:05 657657                     /lib/x86_64-linux-gnu/libnss_files-2.23.so
7f20597ec000-7f20597ed000 rw-p 0000b000 08:05 657657                     /lib/x86_64-linux-gnu/libnss_files-2.23.so
7f20597ed000-7f20597f3000 rw-p 00000000 00:00 0 
7f20597f3000-7f20597fe000 r-xp 00000000 08:05 657660                     /lib/x86_64-linux-gnu/libnss_nis-2.23.so
7f20597fe000-7f20599fd000 ---p 0000b000 08:05 657660                     /lib/x86_64-linux-gnu/libnss_nis-2.23.so
7f20599fd000-7f20599fe000 r--p 0000a000 08:05 657660                     /lib/x86_64-linux-gnu/libnss_nis-2.23.so
7f20599fe000-7f20599ff000 rw-p 0000b000 08:05 657660                     /lib/x86_64-linux-gnu/libnss_nis-2.23.so
7f20599ff000-7f2059a15000 r-xp 00000000 08:05 657653                     /lib/x86_64-linux-gnu/libnsl-2.23.so
7f2059a15000-7f2059c14000 ---p 00016000 08:05 657653                     /lib/x86_64-linux-gnu/libnsl-2.23.so
7f2059c14000-7f2059c15000 r--p 00015000 08:05 657653                     /lib/x86_64-linux-gnu/libnsl-2.23.so
7f2059c15000-7f2059c16000 rw-p 00016000 08:05 657653                     /lib/x86_64-linux-gnu/libnsl-2.23.so
7f2059c16000-7f2059c18000 rw-p 00000000 00:00 0 
7f2059c18000-7f2059c20000 r-xp 00000000 08:05 657666                     /lib/x86_64-linux-gnu/libnss_compat-2.23.so
7f2059c20000-7f2059e1f000 ---p 00008000 08:05 657666                     /lib/x86_64-linux-gnu/libnss_compat-2.23.so
7f2059e1f000-7f2059e20000 r--p 00007000 08:05 657666                     /lib/x86_64-linux-gnu/libnss_compat-2.23.so
7f2059e20000-7f2059e21000 rw-p 00008000 08:05 657666                     /lib/x86_64-linux-gnu/libnss_compat-2.23.so
7f2059e21000-7f2059e4e000 r-xp 00000000 08:05 929815                     /opt/android-studio/jre/jre/lib/amd64/libjava.so
7f2059e4e000-7f205a04d000 ---p 0002d000 08:05 929815                     /opt/android-studio/jre/jre/lib/amd64/libjava.so
7f205a04d000-7f205a04e000 r--p 0002c000 08:05 929815                     /opt/android-studio/jre/jre/lib/amd64/libjava.so
7f205a04e000-7f205a050000 rw-p 0002d000 08:05 929815                     /opt/android-studio/jre/jre/lib/amd64/libjava.so
7f205a050000-7f205a060000 r-xp 00000000 08:05 929788                     /opt/android-studio/jre/jre/lib/amd64/libverify.so
7f205a060000-7f205a25f000 ---p 00010000 08:05 929788                     /opt/android-studio/jre/jre/lib/amd64/libverify.so
7f205a25f000-7f205a261000 r--p 0000f000 08:05 929788                     /opt/android-studio/jre/jre/lib/amd64/libverify.so
7f205a261000-7f205a262000 rw-p 00011000 08:05 929788                     /opt/android-studio/jre/jre/lib/amd64/libverify.so
7f205a262000-7f205a269000 r-xp 00000000 08:05 657662                     /lib/x86_64-linux-gnu/librt-2.23.so
7f205a269000-7f205a468000 ---p 00007000 08:05 657662                     /lib/x86_64-linux-gnu/librt-2.23.so
7f205a468000-7f205a469000 r--p 00006000 08:05 657662                     /lib/x86_64-linux-gnu/librt-2.23.so
7f205a469000-7f205a46a000 rw-p 00007000 08:05 657662                     /lib/x86_64-linux-gnu/librt-2.23.so
7f205a46a000-7f205a572000 r-xp 00000000 08:05 657671                     /lib/x86_64-linux-gnu/libm-2.23.so
7f205a572000-7f205a771000 ---p 00108000 08:05 657671                     /lib/x86_64-linux-gnu/libm-2.23.so
7f205a771000-7f205a772000 r--p 00107000 08:05 657671                     /lib/x86_64-linux-gnu/libm-2.23.so
7f205a772000-7f205a773000 rw-p 00108000 08:05 657671                     /lib/x86_64-linux-gnu/libm-2.23.so
7f205a773000-7f205b364000 r-xp 00000000 08:05 929796                     /opt/android-studio/jre/jre/lib/amd64/server/libjvm.so
7f205b364000-7f205b564000 ---p 00bf1000 08:05 929796                     /opt/android-studio/jre/jre/lib/amd64/server/libjvm.so
7f205b564000-7f205b603000 r--p 00bf1000 08:05 929796                     /opt/android-studio/jre/jre/lib/amd64/server/libjvm.so
7f205b603000-7f205b62c000 rw-p 00c90000 08:05 929796                     /opt/android-studio/jre/jre/lib/amd64/server/libjvm.so
7f205b62c000-7f205b670000 rw-p 00000000 00:00 0 
7f205b670000-7f205b688000 r-xp 00000000 08:05 657659                     /lib/x86_64-linux-gnu/libpthread-2.23.so
7f205b688000-7f205b887000 ---p 00018000 08:05 657659                     /lib/x86_64-linux-gnu/libpthread-2.23.so
7f205b887000-7f205b888000 r--p 00017000 08:05 657659                     /lib/x86_64-linux-gnu/libpthread-2.23.so
7f205b888000-7f205b889000 rw-p 00018000 08:05 657659                     /lib/x86_64-linux-gnu/libpthread-2.23.so
7f205b889000-7f205b88d000 rw-p 00000000 00:00 0 
7f205b88d000-7f205b890000 r-xp 00000000 08:05 657665                     /lib/x86_64-linux-gnu/libdl-2.23.so
7f205b890000-7f205ba8f000 ---p 00003000 08:05 657665                     /lib/x86_64-linux-gnu/libdl-2.23.so
7f205ba8f000-7f205ba90000 r--p 00002000 08:05 657665                     /lib/x86_64-linux-gnu/libdl-2.23.so
7f205ba90000-7f205ba91000 rw-p 00003000 08:05 657665                     /lib/x86_64-linux-gnu/libdl-2.23.so
7f205ba91000-7f205bc51000 r-xp 00000000 08:05 657676                     /lib/x86_64-linux-gnu/libc-2.23.so
7f205bc51000-7f205be51000 ---p 001c0000 08:05 657676                     /lib/x86_64-linux-gnu/libc-2.23.so
7f205be51000-7f205be55000 r--p 001c0000 08:05 657676                     /lib/x86_64-linux-gnu/libc-2.23.so
7f205be55000-7f205be57000 rw-p 001c4000 08:05 657676                     /lib/x86_64-linux-gnu/libc-2.23.so
7f205be57000-7f205be5b000 rw-p 00000000 00:00 0 
7f205be5b000-7f205be71000 r-xp 00000000 08:05 929747                     /opt/android-studio/jre/lib/amd64/jli/libjli.so
7f205be71000-7f205c070000 ---p 00016000 08:05 929747                     /opt/android-studio/jre/lib/amd64/jli/libjli.so
7f205c070000-7f205c071000 r--p 00015000 08:05 929747                     /opt/android-studio/jre/lib/amd64/jli/libjli.so
7f205c071000-7f205c072000 rw-p 00016000 08:05 929747                     /opt/android-studio/jre/lib/amd64/jli/libjli.so
7f205c072000-7f205c098000 r-xp 00000000 08:05 657654                     /lib/x86_64-linux-gnu/ld-2.23.so
7f205c09a000-7f205c0a1000 r--s 00000000 08:05 8623                       /usr/lib/x86_64-linux-gnu/gconv/gconv-modules.cache
7f205c0a1000-7f205c174000 rw-p 00000000 00:00 0 
7f205c174000-7f205c177000 ---p 00000000 00:00 0 
7f205c177000-7f205c279000 rw-p 00000000 00:00 0 
7f205c27d000-7f205c28b000 r--s 000e0000 08:05 582483                     /root/Android/Sdk/build-tools/25.0.2/lib/dx.jar
7f205c28b000-7f205c293000 rw-s 00000000 08:05 1855084                    /tmp/hsperfdata_root/23217
7f205c293000-7f205c294000 rw-p 00000000 00:00 0 
7f205c294000-7f205c295000 ---p 00000000 00:00 0 
7f205c295000-7f205c297000 rw-p 00000000 00:00 0 
7f205c297000-7f205c298000 r--p 00025000 08:05 657654                     /lib/x86_64-linux-gnu/ld-2.23.so
7f205c298000-7f205c299000 rw-p 00026000 08:05 657654                     /lib/x86_64-linux-gnu/ld-2.23.so
7f205c299000-7f205c29a000 rw-p 00000000 00:00 0 
7ffd8ca58000-7ffd8ca79000 rw-p 00000000 00:00 0                          [stack]
7ffd8cb24000-7ffd8cb26000 r--p 00000000 00:00 0                          [vvar]
7ffd8cb26000-7ffd8cb28000 r-xp 00000000 00:00 0                          [vdso]
ffffffffff600000-ffffffffff601000 r-xp 00000000 00:00 0                  [vsyscall]

VM Arguments:
jvm_args: -Djava.awt.headless=true -Xmx4g -Dfile.encoding=UTF-8 -Duser.country=GT -Duser.language=es -Duser.variant 
java_command: com.android.dx.command.Main --dex --num-threads=4 --multi-dex --main-dex-list /home/lester/CONVERSA/ConversaBusiness-Android/app/build/intermediates/multi-dex/debug/maindexlist.txt --output /home/lester/CONVERSA/ConversaBusiness-Android/app/build/intermediates/transforms/dex/debug/folders/1000/1f/main /home/lester/CONVERSA/ConversaBusiness-Android/app/build/intermediates/transforms/jarMerging/debug/jars/1/1f/combined.jar
java_class_path (initial): /root/Android/Sdk/build-tools/25.0.2/lib/dx.jar
Launcher Type: SUN_STANDARD

Environment Variables:
PATH=/usr/local/sbin:/usr/local/bin:/usr/sbin:/usr/bin:/sbin:/bin:/snap/bin
USERNAME=root
LD_LIBRARY_PATH=/opt/android-studio/bin:
SHELL=/bin/bash
DISPLAY=:0

Signal Handlers:
SIGSEGV: [libjvm.so+0x9e5150], sa_mask[0]=11111111011111111101111111111110, sa_flags=SA_RESTART|SA_SIGINFO
SIGBUS: [libjvm.so+0x9e5150], sa_mask[0]=11111111011111111101111111111110, sa_flags=SA_RESTART|SA_SIGINFO
SIGFPE: [libjvm.so+0x848450], sa_mask[0]=11111111011111111101111111111110, sa_flags=SA_RESTART|SA_SIGINFO
SIGPIPE: [libjvm.so+0x848450], sa_mask[0]=11111111011111111101111111111110, sa_flags=SA_RESTART|SA_SIGINFO
SIGXFSZ: [libjvm.so+0x848450], sa_mask[0]=11111111011111111101111111111110, sa_flags=SA_RESTART|SA_SIGINFO
SIGILL: [libjvm.so+0x848450], sa_mask[0]=11111111011111111101111111111110, sa_flags=SA_RESTART|SA_SIGINFO
SIGUSR1: SIG_DFL, sa_mask[0]=00000000000000000000000000000000, sa_flags=none
SIGUSR2: [libjvm.so+0x848320], sa_mask[0]=00100000000000000000000000000000, sa_flags=SA_RESTART|SA_SIGINFO
SIGHUP: [libjvm.so+0x848510], sa_mask[0]=11111111011111111101111111111110, sa_flags=SA_RESTART|SA_SIGINFO
SIGINT: [libjvm.so+0x848510], sa_mask[0]=11111111011111111101111111111110, sa_flags=SA_RESTART|SA_SIGINFO
SIGTERM: [libjvm.so+0x848510], sa_mask[0]=11111111011111111101111111111110, sa_flags=SA_RESTART|SA_SIGINFO
SIGQUIT: [libjvm.so+0x848510], sa_mask[0]=11111111011111111101111111111110, sa_flags=SA_RESTART|SA_SIGINFO


---------------  S Y S T E M  ---------------

OS:DISTRIB_ID=Ubuntu
DISTRIB_RELEASE=16.04
DISTRIB_CODENAME=xenial
DISTRIB_DESCRIPTION="Ubuntu 16.04.3 LTS"

uname:Linux 4.4.0-92-generic #115-Ubuntu SMP Thu Aug 10 09:04:33 UTC 2017 x86_64
libc:glibc 2.23 NPTL 2.23 
rlimit: STACK 8192k, CORE 0k, NPROC 31122, NOFILE 1048576, AS infinity
load average:35.85 29.22 18.20

/proc/meminfo:
MemTotal:        8075520 kB
MemFree:          126696 kB
MemAvailable:      89932 kB
Buffers:            6656 kB
Cached:           659960 kB
SwapCached:            0 kB
Active:          7183452 kB
Inactive:         549188 kB
Active(anon):    7132060 kB
Inactive(anon):   443440 kB
Active(file):      51392 kB
Inactive(file):   105748 kB
Unevictable:          32 kB
Mlocked:              32 kB
SwapTotal:             0 kB
SwapFree:              0 kB
Dirty:               420 kB
Writeback:             0 kB
AnonPages:       7066820 kB
Mapped:           286356 kB
Shmem:            508724 kB
Slab:              90548 kB
SReclaimable:      47352 kB
SUnreclaim:        43196 kB
KernelStack:       13280 kB
PageTables:        53776 kB
NFS_Unstable:          0 kB
Bounce:                0 kB
WritebackTmp:          0 kB
CommitLimit:     4037760 kB
Committed_AS:   12523980 kB
VmallocTotal:   34359738367 kB
VmallocUsed:           0 kB
VmallocChunk:          0 kB
HardwareCorrupted:     0 kB
AnonHugePages:   4202496 kB
CmaTotal:              0 kB
CmaFree:               0 kB
HugePages_Total:       0
HugePages_Free:        0
HugePages_Rsvd:        0
HugePages_Surp:        0
Hugepagesize:       2048 kB
DirectMap4k:      185132 kB
DirectMap2M:     7055360 kB
DirectMap1G:     2097152 kB


CPU:total 4 (2 cores per cpu, 2 threads per core) family 6 model 61 stepping 4, cmov, cx8, fxsr, mmx, sse, sse2, sse3, ssse3, sse4.1, sse4.2, popcnt, avx, avx2, aes, clmul, erms, 3dnowpref, lzcnt, ht, tsc, tscinvbit, bmi1, bmi2, adx

/proc/cpuinfo:
processor	: 0
vendor_id	: GenuineIntel
cpu family	: 6
model		: 61
model name	: Intel(R) Core(TM) i7-5500U CPU @ 2.40GHz
stepping	: 4
microcode	: 0x18
cpu MHz		: 1768.968
cache size	: 4096 KB
physical id	: 0
siblings	: 4
core id		: 0
cpu cores	: 2
apicid		: 0
initial apicid	: 0
fpu		: yes
fpu_exception	: yes
cpuid level	: 20
wp		: yes
flags		: fpu vme de pse tsc msr pae mce cx8 apic sep mtrr pge mca cmov pat pse36 clflush dts acpi mmx fxsr sse sse2 ss ht tm pbe syscall nx pdpe1gb rdtscp lm constant_tsc arch_perfmon pebs bts rep_good nopl xtopology nonstop_tsc aperfmperf eagerfpu pni pclmulqdq dtes64 monitor ds_cpl vmx est tm2 ssse3 sdbg fma cx16 xtpr pdcm pcid sse4_1 sse4_2 x2apic movbe popcnt tsc_deadline_timer aes xsave avx f16c rdrand lahf_lm abm 3dnowprefetch epb intel_pt tpr_shadow vnmi flexpriority ept vpid fsgsbase tsc_adjust bmi1 avx2 smep bmi2 erms invpcid rdseed adx smap xsaveopt dtherm ida arat pln pts
bugs		:
bogomips	: 4788.55
clflush size	: 64
cache_alignment	: 64
address sizes	: 39 bits physical, 48 bits virtual
power management:

processor	: 1
vendor_id	: GenuineIntel
cpu family	: 6
model		: 61
model name	: Intel(R) Core(TM) i7-5500U CPU @ 2.40GHz
stepping	: 4
microcode	: 0x18
cpu MHz		: 2227.125
cache size	: 4096 KB
physical id	: 0
siblings	: 4
core id		: 1
cpu cores	: 2
apicid		: 2
initial apicid	: 2
fpu		: yes
fpu_exception	: yes
cpuid level	: 20
wp		: yes
flags		: fpu vme de pse tsc msr pae mce cx8 apic sep mtrr pge mca cmov pat pse36 clflush dts acpi mmx fxsr sse sse2 ss ht tm pbe syscall nx pdpe1gb rdtscp lm constant_tsc arch_perfmon pebs bts rep_good nopl xtopology nonstop_tsc aperfmperf eagerfpu pni pclmulqdq dtes64 monitor ds_cpl vmx est tm2 ssse3 sdbg fma cx16 xtpr pdcm pcid sse4_1 sse4_2 x2apic movbe popcnt tsc_deadline_timer aes xsave avx f16c rdrand lahf_lm abm 3dnowprefetch epb intel_pt tpr_shadow vnmi flexpriority ept vpid fsgsbase tsc_adjust bmi1 avx2 smep bmi2 erms invpcid rdseed adx smap xsaveopt dtherm ida arat pln pts
bugs		:
bogomips	: 4788.55
clflush size	: 64
cache_alignment	: 64
address sizes	: 39 bits physical, 48 bits virtual
power management:

processor	: 2
vendor_id	: GenuineIntel
cpu family	: 6
model		: 61
model name	: Intel(R) Core(TM) i7-5500U CPU @ 2.40GHz
stepping	: 4
microcode	: 0x18
cpu MHz		: 2827.687
cache size	: 4096 KB
physical id	: 0
siblings	: 4
core id		: 0
cpu cores	: 2
apicid		: 1
initial apicid	: 1
fpu		: yes
fpu_exception	: yes
cpuid level	: 20
wp		: yes
flags		: fpu vme de pse tsc msr pae mce cx8 apic sep mtrr pge mca cmov pat pse36 clflush dts acpi mmx fxsr sse sse2 ss ht tm pbe syscall nx pdpe1gb rdtscp lm constant_tsc arch_perfmon pebs bts rep_good nopl xtopology nonstop_tsc aperfmperf eagerfpu pni pclmulqdq dtes64 monitor ds_cpl vmx est tm2 ssse3 sdbg fma cx16 xtpr pdcm pcid sse4_1 sse4_2 x2apic movbe popcnt tsc_deadline_timer aes xsave avx f16c rdrand lahf_lm abm 3dnowprefetch epb intel_pt tpr_shadow vnmi flexpriority ept vpid fsgsbase tsc_adjust bmi1 avx2 smep bmi2 erms invpcid rdseed adx smap xsaveopt dtherm ida arat pln pts
bugs		:
bogomips	: 4788.55
clflush size	: 64
cache_alignment	: 64
address sizes	: 39 bits physical, 48 bits virtual
power management:

processor	: 3
vendor_id	: GenuineIntel
cpu family	: 6
model		: 61
model name	: Intel(R) Core(TM) i7-5500U CPU @ 2.40GHz
stepping	: 4
microcode	: 0x18
cpu MHz		: 2595.843
cache size	: 4096 KB
physical id	: 0
siblings	: 4
core id		: 1
cpu cores	: 2
apicid		: 3
initial apicid	: 3
fpu		: yes
fpu_exception	: yes
cpuid level	: 20
wp		: yes
flags		: fpu vme de pse tsc msr pae mce cx8 apic sep mtrr pge mca cmov pat pse36 clflush dts acpi mmx fxsr sse sse2 ss ht tm pbe syscall nx pdpe1gb rdtscp lm constant_tsc arch_perfmon pebs bts rep_good nopl xtopology nonstop_tsc aperfmperf eagerfpu pni pclmulqdq dtes64 monitor ds_cpl vmx est tm2 ssse3 sdbg fma cx16 xtpr pdcm pcid sse4_1 sse4_2 x2apic movbe popcnt tsc_deadline_timer aes xsave avx f16c rdrand lahf_lm abm 3dnowprefetch epb intel_pt tpr_shadow vnmi flexpriority ept vpid fsgsbase tsc_adjust bmi1 avx2 smep bmi2 erms invpcid rdseed adx smap xsaveopt dtherm ida arat pln pts
bugs		:
bogomips	: 4788.55
clflush size	: 64
cache_alignment	: 64
address sizes	: 39 bits physical, 48 bits virtual
power management:



Memory: 4k page, physical 8075520k(126696k free), swap 0k(0k free)

vm_info: OpenJDK 64-Bit Server VM (25.112-b06) for linux-amd64 JRE (1.8.0_112-release-b06), built on Dec  6 2016 12:11:18 by "builder" with gcc 4.8.4

time: Thu Aug 24 19:14:02 2017
elapsed time: 344 seconds (0d 0h 5m 44s)

