#
# There is insufficient memory for the Java Runtime Environment to continue.
# Native memory allocation (mmap) failed to map 225443840 bytes for committing reserved memory.
# Possible reasons:
#   The system is out of physical RAM or swap space
#   In 32 bit mode, the process size limit was hit
# Possible solutions:
#   Reduce memory load on the system
#   Increase physical memory or swap space
#   Check if swap backing store is full
#   Use 64 bit Java on a 64 bit OS
#   Decrease Java heap size (-Xmx/-Xms)
#   Decrease number of Java threads
#   Decrease Java thread stack sizes (-Xss)
#   Set larger code cache with -XX:ReservedCodeCacheSize=
# This output file may be truncated or incomplete.
#
#  Out of Memory Error (os_linux.cpp:2627), pid=19984, tid=0x00007f0df1098700
#
# JRE version: OpenJDK Runtime Environment (8.0_112-b06) (build 1.8.0_112-release-b06)
# Java VM: OpenJDK 64-Bit Server VM (25.112-b06 mixed mode linux-amd64 compressed oops)
# Failed to write core dump. Core dumps have been disabled. To enable core dumping, try "ulimit -c unlimited" before starting Java again
#

---------------  T H R E A D  ---------------

Current thread (0x00007f0e04077800):  VMThread [stack: 0x00007f0df0f98000,0x00007f0df1099000] [id=19995]

Stack: [0x00007f0df0f98000,0x00007f0df1099000],  sp=0x00007f0df10974d0,  free space=1021k
Native frames: (J=compiled Java code, j=interpreted, Vv=VM code, C=native code)
V  [libjvm.so+0x9e465d]  VMError::report_and_die()+0x15d
V  [libjvm.so+0x4b6ada]  report_vm_out_of_memory(char const*, int, unsigned long, VMErrorType, char const*)+0x8a
V  [libjvm.so+0x84c860]  os::pd_commit_memory(char*, unsigned long, unsigned long, bool)+0xf0
V  [libjvm.so+0x84737f]  os::commit_memory(char*, unsigned long, unsigned long, bool)+0x1f
V  [libjvm.so+0x8bd3db]  PSVirtualSpace::expand_by(unsigned long)+0x5b
V  [libjvm.so+0x8ae1bb]  PSOldGen::expand_by(unsigned long) [clone .part.109]+0x1b
V  [libjvm.so+0x8ae37b]  PSOldGen::expand(unsigned long) [clone .part.111]+0xdb
V  [libjvm.so+0x8aec58]  PSOldGen::resize(unsigned long)+0x188
V  [libjvm.so+0x8b426c]  PSParallelCompact::invoke_no_policy(bool)+0x97c
V  [libjvm.so+0x8bb37d]  PSScavenge::invoke()+0x17d
V  [libjvm.so+0x86fcf3]  ParallelScavengeHeap::failed_mem_allocate(unsigned long)+0x63
V  [libjvm.so+0x9e6124]  VM_ParallelGCFailedAllocation::doit()+0x84
V  [libjvm.so+0x9ea537]  VM_Operation::evaluate()+0x47
V  [libjvm.so+0x9e8ff8]  VMThread::evaluate_operation(VM_Operation*)+0x2c8
V  [libjvm.so+0x9e9479]  VMThread::loop()+0x219
V  [libjvm.so+0x9e98c2]  VMThread::run()+0x72
V  [libjvm.so+0x849c82]  java_start(Thread*)+0xf2

VM_Operation (0x00007f0db3cfaf40): ParallelGCFailedAllocation, mode: safepoint, requested by thread 0x00007f0e04173800


---------------  P R O C E S S  ---------------

Java Threads: ( => current thread )
  0x00007f0e04173800 JavaThread "pool-2-thread-4" [_thread_blocked, id=20011, stack(0x00007f0db3bfc000,0x00007f0db3cfd000)]
  0x00007f0e04172000 JavaThread "pool-2-thread-3" [_thread_blocked, id=20010, stack(0x00007f0db3cfd000,0x00007f0db3dfe000)]
  0x00007f0e04170800 JavaThread "pool-2-thread-2" [_thread_blocked, id=20009, stack(0x00007f0db3dfe000,0x00007f0db3eff000)]
  0x00007f0e04112000 JavaThread "pool-3-thread-1" [_thread_blocked, id=20008, stack(0x00007f0db3eff000,0x00007f0db4000000)]
  0x00007f0e04111000 JavaThread "pool-2-thread-1" [_thread_blocked, id=20007, stack(0x00007f0df0072000,0x00007f0df0173000)]
  0x00007f0e040bf800 JavaThread "Service Thread" daemon [_thread_blocked, id=20003, stack(0x00007f0df0344000,0x00007f0df0445000)]
  0x00007f0e040bc800 JavaThread "C1 CompilerThread2" daemon [_thread_blocked, id=20002, stack(0x00007f0df0445000,0x00007f0df0546000)]
  0x00007f0e040ba800 JavaThread "C2 CompilerThread1" daemon [_thread_blocked, id=20001, stack(0x00007f0df0546000,0x00007f0df0647000)]
  0x00007f0e040b7800 JavaThread "C2 CompilerThread0" daemon [_thread_blocked, id=20000, stack(0x00007f0df0647000,0x00007f0df0748000)]
  0x00007f0e040b6800 JavaThread "Signal Dispatcher" daemon [_thread_blocked, id=19999, stack(0x00007f0df0748000,0x00007f0df0849000)]
  0x00007f0e04083800 JavaThread "Finalizer" daemon [_thread_blocked, id=19997, stack(0x00007f0df0d96000,0x00007f0df0e97000)]
  0x00007f0e0407f000 JavaThread "Reference Handler" daemon [_thread_blocked, id=19996, stack(0x00007f0df0e97000,0x00007f0df0f98000)]
  0x00007f0e0400a000 JavaThread "main" [_thread_blocked, id=19990, stack(0x00007f0e0a5b0000,0x00007f0e0a6b1000)]

Other Threads:
=>0x00007f0e04077800 VMThread [stack: 0x00007f0df0f98000,0x00007f0df1099000] [id=19995]
  0x00007f0e040c2000 WatcherThread [stack: 0x00007f0df0243000,0x00007f0df0344000] [id=20004]

VM state:at safepoint (normal execution)

VM Mutex/Monitor currently owned by a thread:  ([mutex/lock_event])
[0x00007f0e04005f40] ExpandHeap_lock - owner thread: 0x00007f0e04077800
[0x00007f0e040065c0] Threads_lock - owner thread: 0x00007f0e04077800
[0x00007f0e04006ac0] Heap_lock - owner thread: 0x00007f0e04173800

Heap:
 PSYoungGen      total 750080K, used 42965K [0x000000076ab00000, 0x00000007a5280000, 0x00000007c0000000)
  eden space 612352K, 0% used [0x000000076ab00000,0x000000076ab00000,0x0000000790100000)
  from space 137728K, 31% used [0x0000000798780000,0x000000079b175550,0x00000007a0e00000)
  to   space 137728K, 0% used [0x0000000790100000,0x0000000790100000,0x0000000798780000)
 ParOldGen       total 436224K, used 435857K [0x00000006c0000000, 0x00000006daa00000, 0x000000076ab00000)
  object space 436224K, 99% used [0x00000006c0000000,0x00000006da9a4498,0x00000006daa00000)
 Metaspace       used 6386K, capacity 7280K, committed 7552K, reserved 1056768K
  class space    used 582K, capacity 616K, committed 640K, reserved 1048576K

Card table byte_map: [0x00007f0df3bec000,0x00007f0df43ed000] byte_map_base: 0x00007f0df05ec000

Marking Bits: (ParMarkBitMap*) 0x00007f0e09a7d340
 Begin Bits: [0x00007f0dd4000000, 0x00007f0dd8000000)
 End Bits:   [0x00007f0dd8000000, 0x00007f0ddc000000)

Polling page: 0x00007f0e0a6d0000

CodeCache: size=245760Kb used=10792Kb max_used=11884Kb free=234967Kb
 bounds [0x00007f0df47ad000, 0x00007f0df536d000, 0x00007f0e037ad000]
 total_blobs=2477 nmethods=2215 adapters=176
 compilation: enabled

Compilation events (10 events):
Event: 25.777 Thread 0x00007f0e040bc800 2845       3       com.android.dx.util.LabeledList::getMaxLabel (47 bytes)
Event: 25.777 Thread 0x00007f0e040bc800 nmethod 2845 0x00007f0df4a66190 code [0x00007f0df4a66320, 0x00007f0df4a66798]
Event: 25.868 Thread 0x00007f0e040ba800 nmethod 2823 0x00007f0df4f85910 code [0x00007f0df4f85de0, 0x00007f0df4f8a6a8]
Event: 25.868 Thread 0x00007f0e040ba800 2828       4       com.android.dx.cf.code.Merger::mergeLocals (122 bytes)
Event: 25.890 Thread 0x00007f0e040ba800 nmethod 2828 0x00007f0df4a5f650 code [0x00007f0df4a5f8a0, 0x00007f0df4a60938]
Event: 25.890 Thread 0x00007f0e040ba800 2825 %     4       com.android.dx.ssa.SCCP::run @ 13 (298 bytes)
Event: 25.892 Thread 0x00007f0e040bc800 2847       3       com.android.dx.cf.code.Merger::mergeLocals (122 bytes)
Event: 25.894 Thread 0x00007f0e040bc800 nmethod 2847 0x00007f0df4e30b10 code [0x00007f0df4e30da0, 0x00007f0df4e31ea8]
Event: 25.926 Thread 0x00007f0e040ba800 nmethod 2825% 0x00007f0df4b26c10 code [0x00007f0df4b26f20, 0x00007f0df4b27e30]
Event: 25.926 Thread 0x00007f0e040ba800 2786       4       com.android.dx.cf.code.ValueAwareMachine::run (1142 bytes)

GC Heap History (10 events):
Event: 18.048 GC heap after
Heap after GC invocations=15 (full 2):
 PSYoungGen      total 548352K, used 76281K [0x000000076ab00000, 0x0000000797180000, 0x00000007c0000000)
  eden space 472064K, 0% used [0x000000076ab00000,0x000000076ab00000,0x0000000787800000)
  from space 76288K, 99% used [0x0000000787800000,0x000000078c27e430,0x000000078c280000)
  to   space 102912K, 0% used [0x0000000790d00000,0x0000000790d00000,0x0000000797180000)
 ParOldGen       total 256000K, used 197950K [0x00000006c0000000, 0x00000006cfa00000, 0x000000076ab00000)
  object space 256000K, 77% used [0x00000006c0000000,0x00000006cc14f880,0x00000006cfa00000)
 Metaspace       used 6373K, capacity 7280K, committed 7552K, reserved 1056768K
  class space    used 581K, capacity 616K, committed 640K, reserved 1048576K
}
Event: 20.089 GC heap before
{Heap before GC invocations=16 (full 2):
 PSYoungGen      total 548352K, used 548345K [0x000000076ab00000, 0x0000000797180000, 0x00000007c0000000)
  eden space 472064K, 100% used [0x000000076ab00000,0x0000000787800000,0x0000000787800000)
  from space 76288K, 99% used [0x0000000787800000,0x000000078c27e430,0x000000078c280000)
  to   space 102912K, 0% used [0x0000000790d00000,0x0000000790d00000,0x0000000797180000)
 ParOldGen       total 256000K, used 197950K [0x00000006c0000000, 0x00000006cfa00000, 0x000000076ab00000)
  object space 256000K, 77% used [0x00000006c0000000,0x00000006cc14f880,0x00000006cfa00000)
 Metaspace       used 6379K, capacity 7280K, committed 7552K, reserved 1056768K
  class space    used 582K, capacity 616K, committed 640K, reserved 1048576K
Event: 20.509 GC heap after
Heap after GC invocations=16 (full 2):
 PSYoungGen      total 617984K, used 72519K [0x000000076ab00000, 0x000000079b400000, 0x00000007c0000000)
  eden space 515072K, 0% used [0x000000076ab00000,0x000000076ab00000,0x000000078a200000)
  from space 102912K, 70% used [0x0000000790d00000,0x00000007953d1e40,0x0000000797180000)
  to   space 109568K, 0% used [0x000000078a200000,0x000000078a200000,0x0000000790d00000)
 ParOldGen       total 274944K, used 274565K [0x00000006c0000000, 0x00000006d0c80000, 0x000000076ab00000)
  object space 274944K, 99% used [0x00000006c0000000,0x00000006d0c21410,0x00000006d0c80000)
 Metaspace       used 6379K, capacity 7280K, committed 7552K, reserved 1056768K
  class space    used 582K, capacity 616K, committed 640K, reserved 1048576K
}
Event: 20.509 GC heap before
{Heap before GC invocations=17 (full 3):
 PSYoungGen      total 617984K, used 72519K [0x000000076ab00000, 0x000000079b400000, 0x00000007c0000000)
  eden space 515072K, 0% used [0x000000076ab00000,0x000000076ab00000,0x000000078a200000)
  from space 102912K, 70% used [0x0000000790d00000,0x00000007953d1e40,0x0000000797180000)
  to   space 109568K, 0% used [0x000000078a200000,0x000000078a200000,0x0000000790d00000)
 ParOldGen       total 274944K, used 274565K [0x00000006c0000000, 0x00000006d0c80000, 0x000000076ab00000)
  object space 274944K, 99% used [0x00000006c0000000,0x00000006d0c21410,0x00000006d0c80000)
 Metaspace       used 6379K, capacity 7280K, committed 7552K, reserved 1056768K
  class space    used 582K, capacity 616K, committed 640K, reserved 1048576K
Event: 22.521 GC heap after
Heap after GC invocations=17 (full 3):
 PSYoungGen      total 617984K, used 66461K [0x000000076ab00000, 0x000000079b400000, 0x00000007c0000000)
  eden space 515072K, 0% used [0x000000076ab00000,0x000000076ab00000,0x000000078a200000)
  from space 102912K, 64% used [0x0000000790d00000,0x0000000794de75e0,0x0000000797180000)
  to   space 109568K, 0% used [0x000000078a200000,0x000000078a200000,0x0000000790d00000)
 ParOldGen       total 436224K, used 274527K [0x00000006c0000000, 0x00000006daa00000, 0x000000076ab00000)
  object space 436224K, 62% used [0x00000006c0000000,0x00000006d0c17c08,0x00000006daa00000)
 Metaspace       used 6379K, capacity 7280K, committed 7552K, reserved 1056768K
  class space    used 582K, capacity 616K, committed 640K, reserved 1048576K
}
Event: 24.545 GC heap before
{Heap before GC invocations=18 (full 3):
 PSYoungGen      total 617984K, used 581533K [0x000000076ab00000, 0x000000079b400000, 0x00000007c0000000)
  eden space 515072K, 100% used [0x000000076ab00000,0x000000078a200000,0x000000078a200000)
  from space 102912K, 64% used [0x0000000790d00000,0x0000000794de75e0,0x0000000797180000)
  to   space 109568K, 0% used [0x000000078a200000,0x000000078a200000,0x0000000790d00000)
 ParOldGen       total 436224K, used 274527K [0x00000006c0000000, 0x00000006daa00000, 0x000000076ab00000)
  object space 436224K, 62% used [0x00000006c0000000,0x00000006d0c17c08,0x00000006daa00000)
 Metaspace       used 6382K, capacity 7280K, committed 7552K, reserved 1056768K
  class space    used 582K, capacity 616K, committed 640K, reserved 1048576K
Event: 24.794 GC heap after
Heap after GC invocations=18 (full 3):
 PSYoungGen      total 624640K, used 109560K [0x000000076ab00000, 0x00000007a0e00000, 0x00000007c0000000)
  eden space 515072K, 0% used [0x000000076ab00000,0x000000076ab00000,0x000000078a200000)
  from space 109568K, 99% used [0x000000078a200000,0x0000000790cfe0a0,0x0000000790d00000)
  to   space 137728K, 0% used [0x0000000798780000,0x0000000798780000,0x00000007a0e00000)
 ParOldGen       total 436224K, used 299956K [0x00000006c0000000, 0x00000006daa00000, 0x000000076ab00000)
  object space 436224K, 68% used [0x00000006c0000000,0x00000006d24ed0e0,0x00000006daa00000)
 Metaspace       used 6382K, capacity 7280K, committed 7552K, reserved 1056768K
  class space    used 582K, capacity 616K, committed 640K, reserved 1048576K
}
Event: 25.957 GC heap before
{Heap before GC invocations=19 (full 3):
 PSYoungGen      total 624640K, used 624632K [0x000000076ab00000, 0x00000007a0e00000, 0x00000007c0000000)
  eden space 515072K, 100% used [0x000000076ab00000,0x000000078a200000,0x000000078a200000)
  from space 109568K, 99% used [0x000000078a200000,0x0000000790cfe0a0,0x0000000790d00000)
  to   space 137728K, 0% used [0x0000000798780000,0x0000000798780000,0x00000007a0e00000)
 ParOldGen       total 436224K, used 299956K [0x00000006c0000000, 0x00000006daa00000, 0x000000076ab00000)
  object space 436224K, 68% used [0x00000006c0000000,0x00000006d24ed0e0,0x00000006daa00000)
 Metaspace       used 6386K, capacity 7280K, committed 7552K, reserved 1056768K
  class space    used 582K, capacity 616K, committed 640K, reserved 1048576K
Event: 31.421 GC heap after
Heap after GC invocations=19 (full 3):
 PSYoungGen      total 750080K, used 73584K [0x000000076ab00000, 0x00000007a5280000, 0x00000007c0000000)
  eden space 612352K, 0% used [0x000000076ab00000,0x000000076ab00000,0x0000000790100000)
  from space 137728K, 53% used [0x0000000798780000,0x000000079cf5c060,0x00000007a0e00000)
  to   space 137728K, 0% used [0x0000000790100000,0x0000000790100000,0x0000000798780000)
 ParOldGen       total 436224K, used 410108K [0x00000006c0000000, 0x00000006daa00000, 0x000000076ab00000)
  object space 436224K, 94% used [0x00000006c0000000,0x00000006d907f120,0x00000006daa00000)
 Metaspace       used 6386K, capacity 7280K, committed 7552K, reserved 1056768K
  class space    used 582K, capacity 616K, committed 640K, reserved 1048576K
}
Event: 31.421 GC heap before
{Heap before GC invocations=20 (full 4):
 PSYoungGen      total 750080K, used 73584K [0x000000076ab00000, 0x00000007a5280000, 0x00000007c0000000)
  eden space 612352K, 0% used [0x000000076ab00000,0x000000076ab00000,0x0000000790100000)
  from space 137728K, 53% used [0x0000000798780000,0x000000079cf5c060,0x00000007a0e00000)
  to   space 137728K, 0% used [0x0000000790100000,0x0000000790100000,0x0000000798780000)
 ParOldGen       total 436224K, used 410108K [0x00000006c0000000, 0x00000006daa00000, 0x000000076ab00000)
  object space 436224K, 94% used [0x00000006c0000000,0x00000006d907f120,0x00000006daa00000)
 Metaspace       used 6386K, capacity 7280K, committed 7552K, reserved 1056768K
  class space    used 582K, capacity 616K, committed 640K, reserved 1048576K

Deoptimization events (10 events):
Event: 24.273 Thread 0x00007f0e04172000 Uncommon trap: reason=unstable_if action=reinterpret pc=0x00007f0df4a94b10 method=java.util.HashMap.putVal(ILjava/lang/Object;Ljava/lang/Object;ZZ)Ljava/lang/Object; @ 109
Event: 24.543 Thread 0x00007f0e04172000 Uncommon trap: reason=unstable_if action=reinterpret pc=0x00007f0df52e6b18 method=com.android.dx.dex.code.RopTranslator.outputBlock(Lcom/android/dx/rop/code/BasicBlock;I)V @ 140
Event: 24.982 Thread 0x00007f0e04172000 Uncommon trap: reason=unstable_if action=reinterpret pc=0x00007f0df4bb50a8 method=com.android.dx.ssa.LiteralOpUpgrader.isConstIntZeroOrKnownNull(Lcom/android/dx/rop/code/RegisterSpec;)Z @ 23
Event: 25.198 Thread 0x00007f0e04172000 Uncommon trap: reason=class_check action=maybe_recompile pc=0x00007f0df51a511c method=com.android.dx.ssa.SCCP.simulateBranch(Lcom/android/dx/ssa/SsaInsn;)V @ 339
Event: 25.210 Thread 0x00007f0e04172000 Uncommon trap: reason=class_check action=maybe_recompile pc=0x00007f0df51a511c method=com.android.dx.ssa.SCCP.simulateBranch(Lcom/android/dx/ssa/SsaInsn;)V @ 339
Event: 25.350 Thread 0x00007f0e04172000 Uncommon trap: reason=bimorphic action=maybe_recompile pc=0x00007f0df4cada20 method=com.android.dx.cf.code.Merger.mergeType(Lcom/android/dx/rop/type/TypeBearer;Lcom/android/dx/rop/type/TypeBearer;)Lcom/android/dx/rop/type/TypeBearer; @ 21
Event: 25.350 Thread 0x00007f0e04172000 Uncommon trap: reason=bimorphic action=maybe_recompile pc=0x00007f0df4cada20 method=com.android.dx.cf.code.Merger.mergeType(Lcom/android/dx/rop/type/TypeBearer;Lcom/android/dx/rop/type/TypeBearer;)Lcom/android/dx/rop/type/TypeBearer; @ 21
Event: 25.350 Thread 0x00007f0e04172000 Uncommon trap: reason=bimorphic action=maybe_recompile pc=0x00007f0df4cada20 method=com.android.dx.cf.code.Merger.mergeType(Lcom/android/dx/rop/type/TypeBearer;Lcom/android/dx/rop/type/TypeBearer;)Lcom/android/dx/rop/type/TypeBearer; @ 21
Event: 25.350 Thread 0x00007f0e04172000 Uncommon trap: reason=bimorphic action=maybe_recompile pc=0x00007f0df4cada20 method=com.android.dx.cf.code.Merger.mergeType(Lcom/android/dx/rop/type/TypeBearer;Lcom/android/dx/rop/type/TypeBearer;)Lcom/android/dx/rop/type/TypeBearer; @ 21
Event: 25.892 Thread 0x00007f0e04173800 Uncommon trap: reason=unstable_if action=reinterpret pc=0x00007f0df4a605fc method=com.android.dx.cf.code.Merger.mergeType(Lcom/android/dx/rop/type/TypeBearer;Lcom/android/dx/rop/type/TypeBearer;)Lcom/android/dx/rop/type/TypeBearer; @ 52

Internal exceptions (7 events):
Event: 1.816 Thread 0x00007f0e0400a000 Exception <a 'java/lang/NoSuchMethodError': Method sun.misc.Unsafe.defineClass(Ljava/lang/String;[BII)Ljava/lang/Class; name or signature does not match> (0x000000076ab07c78) thrown at [/ssd/Android/AOSP-openjdk/external/jetbrains/jdk/hotspot/src/share/vm
Event: 1.816 Thread 0x00007f0e0400a000 Exception <a 'java/lang/NoSuchMethodError': Method sun.misc.Unsafe.prefetchRead(Ljava/lang/Object;J)V name or signature does not match> (0x000000076ab07f60) thrown at [/ssd/Android/AOSP-openjdk/external/jetbrains/jdk/hotspot/src/share/vm/prims/jni.cpp, li
Event: 8.712 Thread 0x00007f0e04172000 Implicit null exception at 0x00007f0df4ad6262 to 0x00007f0df4ad6363
Event: 9.119 Thread 0x00007f0e04172000 Implicit null exception at 0x00007f0df4ba9798 to 0x00007f0df4ba997d
Event: 9.543 Thread 0x00007f0e0400a000 Exception <a 'java/lang/ArrayIndexOutOfBoundsException': 18> (0x000000076e5d6100) thrown at [/ssd/Android/AOSP-openjdk/external/jetbrains/jdk/hotspot/src/share/vm/interpreter/interpreterRuntime.cpp, line 366]
Event: 9.543 Thread 0x00007f0e0400a000 Exception <a 'java/lang/ArrayIndexOutOfBoundsException': 145> (0x000000076e5d7c80) thrown at [/ssd/Android/AOSP-openjdk/external/jetbrains/jdk/hotspot/src/share/vm/interpreter/interpreterRuntime.cpp, line 366]
Event: 9.587 Thread 0x00007f0e0400a000 Exception <a 'java/lang/ArrayIndexOutOfBoundsException'> (0x000000076e5d8f68) thrown at [/ssd/Android/AOSP-openjdk/external/jetbrains/jdk/hotspot/src/share/vm/runtime/sharedRuntime.cpp, line 605]

Events (10 events):
Event: 25.917 Thread 0x00007f0e04173800 DEOPT UNPACKING pc=0x00007f0df47f4373 sp=0x00007f0db3cfad58 mode 0
Event: 25.923 Thread 0x00007f0e04111000 DEOPT PACKING pc=0x00007f0df4aac62b sp=0x00007f0df0171020
Event: 25.923 Thread 0x00007f0e04111000 DEOPT UNPACKING pc=0x00007f0df47f4373 sp=0x00007f0df0170d88 mode 0
Event: 25.928 Thread 0x00007f0e04173800 DEOPT PACKING pc=0x00007f0df524dea5 sp=0x00007f0db3cfb1d0
Event: 25.928 Thread 0x00007f0e04173800 DEOPT UNPACKING pc=0x00007f0df47f4373 sp=0x00007f0db3cfaf80 mode 0
Event: 25.931 Thread 0x00007f0e0400a000 DEOPT PACKING pc=0x00007f0df4bc6b74 sp=0x00007f0e0a6ae8c0
Event: 25.931 Thread 0x00007f0e0400a000 DEOPT UNPACKING pc=0x00007f0df47f4373 sp=0x00007f0e0a6ae5c0 mode 0
Event: 25.955 Thread 0x00007f0e04173800 DEOPT PACKING pc=0x00007f0df4aac62b sp=0x00007f0db3cfaf40
Event: 25.955 Thread 0x00007f0e04173800 DEOPT UNPACKING pc=0x00007f0df47f4373 sp=0x00007f0db3cfaca8 mode 0
Event: 25.957 Executing VM operation: ParallelGCFailedAllocation


Dynamic libraries:
00400000-00401000 r-xp 00000000 08:05 929732                             /opt/android-studio/jre/bin/java
00600000-00601000 r--p 00000000 08:05 929732                             /opt/android-studio/jre/bin/java
00601000-00602000 rw-p 00001000 08:05 929732                             /opt/android-studio/jre/bin/java
00d46000-00d67000 rw-p 00000000 00:00 0                                  [heap]
6c0000000-6daa00000 rw-p 00000000 00:00 0 
6e8100000-76ab00000 ---p 00000000 00:00 0 
76ab00000-7a5280000 rw-p 00000000 00:00 0 
7a5280000-7c0000000 ---p 00000000 00:00 0 
7c0000000-7c00a0000 rw-p 00000000 00:00 0 
7c00a0000-800000000 ---p 00000000 00:00 0 
7f0d98000000-7f0d9807a000 rw-p 00000000 00:00 0 
7f0d9807a000-7f0d9c000000 ---p 00000000 00:00 0 
7f0da0000000-7f0da002f000 rw-p 00000000 00:00 0 
7f0da002f000-7f0da4000000 ---p 00000000 00:00 0 
7f0da4000000-7f0da4032000 rw-p 00000000 00:00 0 
7f0da4032000-7f0da8000000 ---p 00000000 00:00 0 
7f0da8000000-7f0da8021000 rw-p 00000000 00:00 0 
7f0da8021000-7f0dac000000 ---p 00000000 00:00 0 
7f0dac000000-7f0dac028000 rw-p 00000000 00:00 0 
7f0dac028000-7f0db0000000 ---p 00000000 00:00 0 
7f0db3bfc000-7f0db3bff000 ---p 00000000 00:00 0 
7f0db3bff000-7f0db3cfd000 rw-p 00000000 00:00 0 
7f0db3cfd000-7f0db3d00000 ---p 00000000 00:00 0 
7f0db3d00000-7f0db3dfe000 rw-p 00000000 00:00 0 
7f0db3dfe000-7f0db3e01000 ---p 00000000 00:00 0 
7f0db3e01000-7f0db3eff000 rw-p 00000000 00:00 0 
7f0db3eff000-7f0db3f02000 ---p 00000000 00:00 0 
7f0db3f02000-7f0db4000000 rw-p 00000000 00:00 0 
7f0db4000000-7f0db4021000 rw-p 00000000 00:00 0 
7f0db4021000-7f0db8000000 ---p 00000000 00:00 0 
7f0db8000000-7f0db8021000 rw-p 00000000 00:00 0 
7f0db8021000-7f0dbc000000 ---p 00000000 00:00 0 
7f0dbc000000-7f0dbd203000 rw-p 00000000 00:00 0 
7f0dbd203000-7f0dc0000000 ---p 00000000 00:00 0 
7f0dc0000000-7f0dc0a07000 rw-p 00000000 00:00 0 
7f0dc0a07000-7f0dc4000000 ---p 00000000 00:00 0 
7f0dc4000000-7f0dc4021000 rw-p 00000000 00:00 0 
7f0dc4021000-7f0dc8000000 ---p 00000000 00:00 0 
7f0dc8000000-7f0dc9400000 rw-p 00000000 00:00 0 
7f0dc9400000-7f0dcc000000 ---p 00000000 00:00 0 
7f0dcc000000-7f0dcc021000 rw-p 00000000 00:00 0 
7f0dcc021000-7f0dd0000000 ---p 00000000 00:00 0 
7f0dd0000000-7f0dd0021000 rw-p 00000000 00:00 0 
7f0dd0021000-7f0dd4000000 ---p 00000000 00:00 0 
7f0dd4000000-7f0ddc000000 rw-p 00000000 00:00 0 
7f0ddc000000-7f0ddc021000 rw-p 00000000 00:00 0 
7f0ddc021000-7f0de0000000 ---p 00000000 00:00 0 
7f0de0000000-7f0de02a1000 rw-p 00000000 00:00 0 
7f0de02a1000-7f0de4000000 ---p 00000000 00:00 0 
7f0de4000000-7f0de4021000 rw-p 00000000 00:00 0 
7f0de4021000-7f0de8000000 ---p 00000000 00:00 0 
7f0de8000000-7f0de8021000 rw-p 00000000 00:00 0 
7f0de8021000-7f0dec000000 ---p 00000000 00:00 0 
7f0dec000000-7f0dec021000 rw-p 00000000 00:00 0 
7f0dec021000-7f0df0000000 ---p 00000000 00:00 0 
7f0df004d000-7f0df0072000 r--p 00000000 08:05 144167                     /usr/share/locale-langpack/es/LC_MESSAGES/libc.mo
7f0df0072000-7f0df0075000 ---p 00000000 00:00 0 
7f0df0075000-7f0df0173000 rw-p 00000000 00:00 0 
7f0df0173000-7f0df0243000 r--s 0097b000 08:06 265739                     /home/lester/CONVERSA/ConversaBusiness-Android/app/build/intermediates/transforms/jarMerging/debug/jars/1/1f/combined.jar
7f0df0243000-7f0df0244000 ---p 00000000 00:00 0 
7f0df0244000-7f0df0344000 rw-p 00000000 00:00 0 
7f0df0344000-7f0df0347000 ---p 00000000 00:00 0 
7f0df0347000-7f0df0445000 rw-p 00000000 00:00 0 
7f0df0445000-7f0df0448000 ---p 00000000 00:00 0 
7f0df0448000-7f0df0546000 rw-p 00000000 00:00 0 
7f0df0546000-7f0df0549000 ---p 00000000 00:00 0 
7f0df0549000-7f0df0647000 rw-p 00000000 00:00 0 
7f0df0647000-7f0df064a000 ---p 00000000 00:00 0 
7f0df064a000-7f0df0748000 rw-p 00000000 00:00 0 
7f0df0748000-7f0df074b000 ---p 00000000 00:00 0 
7f0df074b000-7f0df0849000 rw-p 00000000 00:00 0 
7f0df0849000-7f0df0d96000 r--p 00000000 08:05 1051794                    /usr/lib/locale/locale-archive
7f0df0d96000-7f0df0d99000 ---p 00000000 00:00 0 
7f0df0d99000-7f0df0e97000 rw-p 00000000 00:00 0 
7f0df0e97000-7f0df0e9a000 ---p 00000000 00:00 0 
7f0df0e9a000-7f0df0f98000 rw-p 00000000 00:00 0 
7f0df0f98000-7f0df0f99000 ---p 00000000 00:00 0 
7f0df0f99000-7f0df204d000 rw-p 00000000 00:00 0 
7f0df204d000-7f0df221c000 r--s 03c1b000 08:05 929783                     /opt/android-studio/jre/jre/lib/rt.jar
7f0df221c000-7f0df2952000 rw-p 00000000 00:00 0 
7f0df2952000-7f0df2a92000 ---p 00000000 00:00 0 
7f0df2a92000-7f0df3292000 rw-p 00000000 00:00 0 
7f0df3292000-7f0df3293000 ---p 00000000 00:00 0 
7f0df3293000-7f0df3393000 rw-p 00000000 00:00 0 
7f0df3393000-7f0df3394000 ---p 00000000 00:00 0 
7f0df3394000-7f0df3494000 rw-p 00000000 00:00 0 
7f0df3494000-7f0df3495000 ---p 00000000 00:00 0 
7f0df3495000-7f0df3595000 rw-p 00000000 00:00 0 
7f0df3595000-7f0df3596000 ---p 00000000 00:00 0 
7f0df3596000-7f0df376b000 rw-p 00000000 00:00 0 
7f0df376b000-7f0df3bec000 ---p 00000000 00:00 0 
7f0df3bec000-7f0df3cc1000 rw-p 00000000 00:00 0 
7f0df3cc1000-7f0df4141000 ---p 00000000 00:00 0 
7f0df4141000-7f0df4316000 rw-p 00000000 00:00 0 
7f0df4316000-7f0df43ec000 ---p 00000000 00:00 0 
7f0df43ec000-7f0df441c000 rw-p 00000000 00:00 0 
7f0df441c000-7f0df47ad000 ---p 00000000 00:00 0 
7f0df47ad000-7f0df536d000 rwxp 00000000 00:00 0 
7f0df536d000-7f0e037ad000 ---p 00000000 00:00 0 
7f0e037ad000-7f0e037c7000 r-xp 00000000 08:05 929798                     /opt/android-studio/jre/jre/lib/amd64/libzip.so
7f0e037c7000-7f0e039c7000 ---p 0001a000 08:05 929798                     /opt/android-studio/jre/jre/lib/amd64/libzip.so
7f0e039c7000-7f0e039c8000 r--p 0001a000 08:05 929798                     /opt/android-studio/jre/jre/lib/amd64/libzip.so
7f0e039c8000-7f0e039c9000 rw-p 0001b000 08:05 929798                     /opt/android-studio/jre/jre/lib/amd64/libzip.so
7f0e039c9000-7f0e039d4000 r-xp 00000000 08:05 657657                     /lib/x86_64-linux-gnu/libnss_files-2.23.so
7f0e039d4000-7f0e03bd3000 ---p 0000b000 08:05 657657                     /lib/x86_64-linux-gnu/libnss_files-2.23.so
7f0e03bd3000-7f0e03bd4000 r--p 0000a000 08:05 657657                     /lib/x86_64-linux-gnu/libnss_files-2.23.so
7f0e03bd4000-7f0e03bd5000 rw-p 0000b000 08:05 657657                     /lib/x86_64-linux-gnu/libnss_files-2.23.so
7f0e03bd5000-7f0e03bdb000 rw-p 00000000 00:00 0 
7f0e03bdb000-7f0e03be6000 r-xp 00000000 08:05 657660                     /lib/x86_64-linux-gnu/libnss_nis-2.23.so
7f0e03be6000-7f0e03de5000 ---p 0000b000 08:05 657660                     /lib/x86_64-linux-gnu/libnss_nis-2.23.so
7f0e03de5000-7f0e03de6000 r--p 0000a000 08:05 657660                     /lib/x86_64-linux-gnu/libnss_nis-2.23.so
7f0e03de6000-7f0e03de7000 rw-p 0000b000 08:05 657660                     /lib/x86_64-linux-gnu/libnss_nis-2.23.so
7f0e03de7000-7f0e03dfd000 r-xp 00000000 08:05 657653                     /lib/x86_64-linux-gnu/libnsl-2.23.so
7f0e03dfd000-7f0e03ffc000 ---p 00016000 08:05 657653                     /lib/x86_64-linux-gnu/libnsl-2.23.so
7f0e03ffc000-7f0e03ffd000 r--p 00015000 08:05 657653                     /lib/x86_64-linux-gnu/libnsl-2.23.so
7f0e03ffd000-7f0e03ffe000 rw-p 00016000 08:05 657653                     /lib/x86_64-linux-gnu/libnsl-2.23.so
7f0e03ffe000-7f0e04000000 rw-p 00000000 00:00 0 
7f0e04000000-7f0e0439d000 rw-p 00000000 00:00 0 
7f0e0439d000-7f0e08000000 ---p 00000000 00:00 0 
7f0e08006000-7f0e08054000 rw-p 00000000 00:00 0 
7f0e08054000-7f0e0805c000 r-xp 00000000 08:05 657666                     /lib/x86_64-linux-gnu/libnss_compat-2.23.so
7f0e0805c000-7f0e0825b000 ---p 00008000 08:05 657666                     /lib/x86_64-linux-gnu/libnss_compat-2.23.so
7f0e0825b000-7f0e0825c000 r--p 00007000 08:05 657666                     /lib/x86_64-linux-gnu/libnss_compat-2.23.so
7f0e0825c000-7f0e0825d000 rw-p 00008000 08:05 657666                     /lib/x86_64-linux-gnu/libnss_compat-2.23.so
7f0e0825d000-7f0e0828a000 r-xp 00000000 08:05 929815                     /opt/android-studio/jre/jre/lib/amd64/libjava.so
7f0e0828a000-7f0e08489000 ---p 0002d000 08:05 929815                     /opt/android-studio/jre/jre/lib/amd64/libjava.so
7f0e08489000-7f0e0848a000 r--p 0002c000 08:05 929815                     /opt/android-studio/jre/jre/lib/amd64/libjava.so
7f0e0848a000-7f0e0848c000 rw-p 0002d000 08:05 929815                     /opt/android-studio/jre/jre/lib/amd64/libjava.so
7f0e0848c000-7f0e0849c000 r-xp 00000000 08:05 929788                     /opt/android-studio/jre/jre/lib/amd64/libverify.so
7f0e0849c000-7f0e0869b000 ---p 00010000 08:05 929788                     /opt/android-studio/jre/jre/lib/amd64/libverify.so
7f0e0869b000-7f0e0869d000 r--p 0000f000 08:05 929788                     /opt/android-studio/jre/jre/lib/amd64/libverify.so
7f0e0869d000-7f0e0869e000 rw-p 00011000 08:05 929788                     /opt/android-studio/jre/jre/lib/amd64/libverify.so
7f0e0869e000-7f0e086a5000 r-xp 00000000 08:05 657662                     /lib/x86_64-linux-gnu/librt-2.23.so
7f0e086a5000-7f0e088a4000 ---p 00007000 08:05 657662                     /lib/x86_64-linux-gnu/librt-2.23.so
7f0e088a4000-7f0e088a5000 r--p 00006000 08:05 657662                     /lib/x86_64-linux-gnu/librt-2.23.so
7f0e088a5000-7f0e088a6000 rw-p 00007000 08:05 657662                     /lib/x86_64-linux-gnu/librt-2.23.so
7f0e088a6000-7f0e089ae000 r-xp 00000000 08:05 657671                     /lib/x86_64-linux-gnu/libm-2.23.so
7f0e089ae000-7f0e08bad000 ---p 00108000 08:05 657671                     /lib/x86_64-linux-gnu/libm-2.23.so
7f0e08bad000-7f0e08bae000 r--p 00107000 08:05 657671                     /lib/x86_64-linux-gnu/libm-2.23.so
7f0e08bae000-7f0e08baf000 rw-p 00108000 08:05 657671                     /lib/x86_64-linux-gnu/libm-2.23.so
7f0e08baf000-7f0e097a0000 r-xp 00000000 08:05 929796                     /opt/android-studio/jre/jre/lib/amd64/server/libjvm.so
7f0e097a0000-7f0e099a0000 ---p 00bf1000 08:05 929796                     /opt/android-studio/jre/jre/lib/amd64/server/libjvm.so
7f0e099a0000-7f0e09a3f000 r--p 00bf1000 08:05 929796                     /opt/android-studio/jre/jre/lib/amd64/server/libjvm.so
7f0e09a3f000-7f0e09a68000 rw-p 00c90000 08:05 929796                     /opt/android-studio/jre/jre/lib/amd64/server/libjvm.so
7f0e09a68000-7f0e09aac000 rw-p 00000000 00:00 0 
7f0e09aac000-7f0e09ac4000 r-xp 00000000 08:05 657659                     /lib/x86_64-linux-gnu/libpthread-2.23.so
7f0e09ac4000-7f0e09cc3000 ---p 00018000 08:05 657659                     /lib/x86_64-linux-gnu/libpthread-2.23.so
7f0e09cc3000-7f0e09cc4000 r--p 00017000 08:05 657659                     /lib/x86_64-linux-gnu/libpthread-2.23.so
7f0e09cc4000-7f0e09cc5000 rw-p 00018000 08:05 657659                     /lib/x86_64-linux-gnu/libpthread-2.23.so
7f0e09cc5000-7f0e09cc9000 rw-p 00000000 00:00 0 
7f0e09cc9000-7f0e09ccc000 r-xp 00000000 08:05 657665                     /lib/x86_64-linux-gnu/libdl-2.23.so
7f0e09ccc000-7f0e09ecb000 ---p 00003000 08:05 657665                     /lib/x86_64-linux-gnu/libdl-2.23.so
7f0e09ecb000-7f0e09ecc000 r--p 00002000 08:05 657665                     /lib/x86_64-linux-gnu/libdl-2.23.so
7f0e09ecc000-7f0e09ecd000 rw-p 00003000 08:05 657665                     /lib/x86_64-linux-gnu/libdl-2.23.so
7f0e09ecd000-7f0e0a08d000 r-xp 00000000 08:05 657676                     /lib/x86_64-linux-gnu/libc-2.23.so
7f0e0a08d000-7f0e0a28d000 ---p 001c0000 08:05 657676                     /lib/x86_64-linux-gnu/libc-2.23.so
7f0e0a28d000-7f0e0a291000 r--p 001c0000 08:05 657676                     /lib/x86_64-linux-gnu/libc-2.23.so
7f0e0a291000-7f0e0a293000 rw-p 001c4000 08:05 657676                     /lib/x86_64-linux-gnu/libc-2.23.so
7f0e0a293000-7f0e0a297000 rw-p 00000000 00:00 0 
7f0e0a297000-7f0e0a2ad000 r-xp 00000000 08:05 929747                     /opt/android-studio/jre/lib/amd64/jli/libjli.so
7f0e0a2ad000-7f0e0a4ac000 ---p 00016000 08:05 929747                     /opt/android-studio/jre/lib/amd64/jli/libjli.so
7f0e0a4ac000-7f0e0a4ad000 r--p 00015000 08:05 929747                     /opt/android-studio/jre/lib/amd64/jli/libjli.so
7f0e0a4ad000-7f0e0a4ae000 rw-p 00016000 08:05 929747                     /opt/android-studio/jre/lib/amd64/jli/libjli.so
7f0e0a4ae000-7f0e0a4d4000 r-xp 00000000 08:05 657654                     /lib/x86_64-linux-gnu/ld-2.23.so
7f0e0a4d6000-7f0e0a4dd000 r--s 00000000 08:05 8623                       /usr/lib/x86_64-linux-gnu/gconv/gconv-modules.cache
7f0e0a4dd000-7f0e0a5b0000 rw-p 00000000 00:00 0 
7f0e0a5b0000-7f0e0a5b3000 ---p 00000000 00:00 0 
7f0e0a5b3000-7f0e0a6b5000 rw-p 00000000 00:00 0 
7f0e0a6b9000-7f0e0a6c7000 r--s 000e0000 08:05 582483                     /root/Android/Sdk/build-tools/25.0.2/lib/dx.jar
7f0e0a6c7000-7f0e0a6cf000 rw-s 00000000 08:05 1854992                    /tmp/hsperfdata_root/19984
7f0e0a6cf000-7f0e0a6d0000 rw-p 00000000 00:00 0 
7f0e0a6d0000-7f0e0a6d1000 ---p 00000000 00:00 0 
7f0e0a6d1000-7f0e0a6d3000 rw-p 00000000 00:00 0 
7f0e0a6d3000-7f0e0a6d4000 r--p 00025000 08:05 657654                     /lib/x86_64-linux-gnu/ld-2.23.so
7f0e0a6d4000-7f0e0a6d5000 rw-p 00026000 08:05 657654                     /lib/x86_64-linux-gnu/ld-2.23.so
7f0e0a6d5000-7f0e0a6d6000 rw-p 00000000 00:00 0 
7ffd80eda000-7ffd80efb000 rw-p 00000000 00:00 0                          [stack]
7ffd80fd6000-7ffd80fd8000 r--p 00000000 00:00 0                          [vvar]
7ffd80fd8000-7ffd80fda000 r-xp 00000000 00:00 0                          [vdso]
ffffffffff600000-ffffffffff601000 r-xp 00000000 00:00 0                  [vsyscall]

VM Arguments:
jvm_args: -Djava.awt.headless=true -Xmx4g -Dfile.encoding=UTF-8 -Duser.country=GT -Duser.language=es -Duser.variant 
java_command: com.android.dx.command.Main --dex --num-threads=4 --multi-dex --main-dex-list /home/lester/CONVERSA/ConversaBusiness-Android/app/build/intermediates/multi-dex/debug/maindexlist.txt --output /home/lester/CONVERSA/ConversaBusiness-Android/app/build/intermediates/transforms/dex/debug/folders/1000/1f/main /home/lester/CONVERSA/ConversaBusiness-Android/app/build/intermediates/transforms/jarMerging/debug/jars/1/1f/combined.jar
java_class_path (initial): /root/Android/Sdk/build-tools/25.0.2/lib/dx.jar
Launcher Type: SUN_STANDARD

Environment Variables:
PATH=/usr/local/sbin:/usr/local/bin:/usr/sbin:/usr/bin:/sbin:/bin:/snap/bin
USERNAME=root
LD_LIBRARY_PATH=/opt/android-studio/bin:
SHELL=/bin/bash
DISPLAY=:0

Signal Handlers:
SIGSEGV: [libjvm.so+0x9e5150], sa_mask[0]=11111111011111111101111111111110, sa_flags=SA_RESTART|SA_SIGINFO
SIGBUS: [libjvm.so+0x9e5150], sa_mask[0]=11111111011111111101111111111110, sa_flags=SA_RESTART|SA_SIGINFO
SIGFPE: [libjvm.so+0x848450], sa_mask[0]=11111111011111111101111111111110, sa_flags=SA_RESTART|SA_SIGINFO
SIGPIPE: [libjvm.so+0x848450], sa_mask[0]=11111111011111111101111111111110, sa_flags=SA_RESTART|SA_SIGINFO
SIGXFSZ: [libjvm.so+0x848450], sa_mask[0]=11111111011111111101111111111110, sa_flags=SA_RESTART|SA_SIGINFO
SIGILL: [libjvm.so+0x848450], sa_mask[0]=11111111011111111101111111111110, sa_flags=SA_RESTART|SA_SIGINFO
SIGUSR1: SIG_DFL, sa_mask[0]=00000000000000000000000000000000, sa_flags=none
SIGUSR2: [libjvm.so+0x848320], sa_mask[0]=00100000000000000000000000000000, sa_flags=SA_RESTART|SA_SIGINFO
SIGHUP: [libjvm.so+0x848510], sa_mask[0]=11111111011111111101111111111110, sa_flags=SA_RESTART|SA_SIGINFO
SIGINT: [libjvm.so+0x848510], sa_mask[0]=11111111011111111101111111111110, sa_flags=SA_RESTART|SA_SIGINFO
SIGTERM: [libjvm.so+0x848510], sa_mask[0]=11111111011111111101111111111110, sa_flags=SA_RESTART|SA_SIGINFO
SIGQUIT: [libjvm.so+0x848510], sa_mask[0]=11111111011111111101111111111110, sa_flags=SA_RESTART|SA_SIGINFO


---------------  S Y S T E M  ---------------

OS:DISTRIB_ID=Ubuntu
DISTRIB_RELEASE=16.04
DISTRIB_CODENAME=xenial
DISTRIB_DESCRIPTION="Ubuntu 16.04.3 LTS"

uname:Linux 4.4.0-92-generic #115-Ubuntu SMP Thu Aug 10 09:04:33 UTC 2017 x86_64
libc:glibc 2.23 NPTL 2.23 
rlimit: STACK 8192k, CORE 0k, NPROC 31122, NOFILE 1048576, AS infinity
load average:10.92 5.97 2.86

/proc/meminfo:
MemTotal:        8075520 kB
MemFree:          140744 kB
MemAvailable:      52380 kB
Buffers:            2032 kB
Cached:           694300 kB
SwapCached:            0 kB
Active:          6681152 kB
Inactive:         553596 kB
Active(anon):    6652112 kB
Inactive(anon):   530672 kB
Active(file):      29040 kB
Inactive(file):    22924 kB
Unevictable:          32 kB
Mlocked:              32 kB
SwapTotal:             0 kB
SwapFree:              0 kB
Dirty:               200 kB
Writeback:             0 kB
AnonPages:       6538648 kB
Mapped:           721284 kB
Shmem:            644168 kB
Slab:              96756 kB
SReclaimable:      49324 kB
SUnreclaim:        47432 kB
KernelStack:       14208 kB
PageTables:        56616 kB
NFS_Unstable:          0 kB
Bounce:                0 kB
WritebackTmp:          0 kB
CommitLimit:     4037760 kB
Committed_AS:   12881680 kB
VmallocTotal:   34359738367 kB
VmallocUsed:           0 kB
VmallocChunk:          0 kB
HardwareCorrupted:     0 kB
AnonHugePages:   4091904 kB
CmaTotal:              0 kB
CmaFree:               0 kB
HugePages_Total:       0
HugePages_Free:        0
HugePages_Rsvd:        0
HugePages_Surp:        0
Hugepagesize:       2048 kB
DirectMap4k:      183084 kB
DirectMap2M:     7057408 kB
DirectMap1G:     2097152 kB


CPU:total 4 (2 cores per cpu, 2 threads per core) family 6 model 61 stepping 4, cmov, cx8, fxsr, mmx, sse, sse2, sse3, ssse3, sse4.1, sse4.2, popcnt, avx, avx2, aes, clmul, erms, 3dnowpref, lzcnt, ht, tsc, tscinvbit, bmi1, bmi2, adx

/proc/cpuinfo:
processor	: 0
vendor_id	: GenuineIntel
cpu family	: 6
model		: 61
model name	: Intel(R) Core(TM) i7-5500U CPU @ 2.40GHz
stepping	: 4
microcode	: 0x18
cpu MHz		: 2479.031
cache size	: 4096 KB
physical id	: 0
siblings	: 4
core id		: 0
cpu cores	: 2
apicid		: 0
initial apicid	: 0
fpu		: yes
fpu_exception	: yes
cpuid level	: 20
wp		: yes
flags		: fpu vme de pse tsc msr pae mce cx8 apic sep mtrr pge mca cmov pat pse36 clflush dts acpi mmx fxsr sse sse2 ss ht tm pbe syscall nx pdpe1gb rdtscp lm constant_tsc arch_perfmon pebs bts rep_good nopl xtopology nonstop_tsc aperfmperf eagerfpu pni pclmulqdq dtes64 monitor ds_cpl vmx est tm2 ssse3 sdbg fma cx16 xtpr pdcm pcid sse4_1 sse4_2 x2apic movbe popcnt tsc_deadline_timer aes xsave avx f16c rdrand lahf_lm abm 3dnowprefetch epb intel_pt tpr_shadow vnmi flexpriority ept vpid fsgsbase tsc_adjust bmi1 avx2 smep bmi2 erms invpcid rdseed adx smap xsaveopt dtherm ida arat pln pts
bugs		:
bogomips	: 4788.55
clflush size	: 64
cache_alignment	: 64
address sizes	: 39 bits physical, 48 bits virtual
power management:

processor	: 1
vendor_id	: GenuineIntel
cpu family	: 6
model		: 61
model name	: Intel(R) Core(TM) i7-5500U CPU @ 2.40GHz
stepping	: 4
microcode	: 0x18
cpu MHz		: 1988.625
cache size	: 4096 KB
physical id	: 0
siblings	: 4
core id		: 1
cpu cores	: 2
apicid		: 2
initial apicid	: 2
fpu		: yes
fpu_exception	: yes
cpuid level	: 20
wp		: yes
flags		: fpu vme de pse tsc msr pae mce cx8 apic sep mtrr pge mca cmov pat pse36 clflush dts acpi mmx fxsr sse sse2 ss ht tm pbe syscall nx pdpe1gb rdtscp lm constant_tsc arch_perfmon pebs bts rep_good nopl xtopology nonstop_tsc aperfmperf eagerfpu pni pclmulqdq dtes64 monitor ds_cpl vmx est tm2 ssse3 sdbg fma cx16 xtpr pdcm pcid sse4_1 sse4_2 x2apic movbe popcnt tsc_deadline_timer aes xsave avx f16c rdrand lahf_lm abm 3dnowprefetch epb intel_pt tpr_shadow vnmi flexpriority ept vpid fsgsbase tsc_adjust bmi1 avx2 smep bmi2 erms invpcid rdseed adx smap xsaveopt dtherm ida arat pln pts
bugs		:
bogomips	: 4788.55
clflush size	: 64
cache_alignment	: 64
address sizes	: 39 bits physical, 48 bits virtual
power management:

processor	: 2
vendor_id	: GenuineIntel
cpu family	: 6
model		: 61
model name	: Intel(R) Core(TM) i7-5500U CPU @ 2.40GHz
stepping	: 4
microcode	: 0x18
cpu MHz		: 2318.156
cache size	: 4096 KB
physical id	: 0
siblings	: 4
core id		: 0
cpu cores	: 2
apicid		: 1
initial apicid	: 1
fpu		: yes
fpu_exception	: yes
cpuid level	: 20
wp		: yes
flags		: fpu vme de pse tsc msr pae mce cx8 apic sep mtrr pge mca cmov pat pse36 clflush dts acpi mmx fxsr sse sse2 ss ht tm pbe syscall nx pdpe1gb rdtscp lm constant_tsc arch_perfmon pebs bts rep_good nopl xtopology nonstop_tsc aperfmperf eagerfpu pni pclmulqdq dtes64 monitor ds_cpl vmx est tm2 ssse3 sdbg fma cx16 xtpr pdcm pcid sse4_1 sse4_2 x2apic movbe popcnt tsc_deadline_timer aes xsave avx f16c rdrand lahf_lm abm 3dnowprefetch epb intel_pt tpr_shadow vnmi flexpriority ept vpid fsgsbase tsc_adjust bmi1 avx2 smep bmi2 erms invpcid rdseed adx smap xsaveopt dtherm ida arat pln pts
bugs		:
bogomips	: 4788.55
clflush size	: 64
cache_alignment	: 64
address sizes	: 39 bits physical, 48 bits virtual
power management:

processor	: 3
vendor_id	: GenuineIntel
cpu family	: 6
model		: 61
model name	: Intel(R) Core(TM) i7-5500U CPU @ 2.40GHz
stepping	: 4
microcode	: 0x18
cpu MHz		: 2260.218
cache size	: 4096 KB
physical id	: 0
siblings	: 4
core id		: 1
cpu cores	: 2
apicid		: 3
initial apicid	: 3
fpu		: yes
fpu_exception	: yes
cpuid level	: 20
wp		: yes
flags		: fpu vme de pse tsc msr pae mce cx8 apic sep mtrr pge mca cmov pat pse36 clflush dts acpi mmx fxsr sse sse2 ss ht tm pbe syscall nx pdpe1gb rdtscp lm constant_tsc arch_perfmon pebs bts rep_good nopl xtopology nonstop_tsc aperfmperf eagerfpu pni pclmulqdq dtes64 monitor ds_cpl vmx est tm2 ssse3 sdbg fma cx16 xtpr pdcm pcid sse4_1 sse4_2 x2apic movbe popcnt tsc_deadline_timer aes xsave avx f16c rdrand lahf_lm abm 3dnowprefetch epb intel_pt tpr_shadow vnmi flexpriority ept vpid fsgsbase tsc_adjust bmi1 avx2 smep bmi2 erms invpcid rdseed adx smap xsaveopt dtherm ida arat pln pts
bugs		:
bogomips	: 4788.55
clflush size	: 64
cache_alignment	: 64
address sizes	: 39 bits physical, 48 bits virtual
power management:



Memory: 4k page, physical 8075520k(140744k free), swap 0k(0k free)

vm_info: OpenJDK 64-Bit Server VM (25.112-b06) for linux-amd64 JRE (1.8.0_112-release-b06), built on Dec  6 2016 12:11:18 by "builder" with gcc 4.8.4

time: Wed Aug 23 23:44:51 2017
elapsed time: 47 seconds (0d 0h 0m 47s)

